{"/home/deba/Desktop/DISASTER_MANAGEMENT_PLATFORM/Backend/controllers/alertController.js": {"path":"/home/deba/Desktop/DISASTER_MANAGEMENT_PLATFORM/Backend/controllers/alertController.js","statementMap":{"0":{"start":{"line":1,"column":21},"end":{"line":1,"column":56}},"1":{"start":{"line":3,"column":20},"end":{"line":15,"column":1}},"2":{"start":{"line":4,"column":2},"end":{"line":14,"column":3}},"3":{"start":{"line":5,"column":18},"end":{"line":5,"column":58}},"4":{"start":{"line":7,"column":4},"end":{"line":11,"column":7}},"5":{"start":{"line":13,"column":4},"end":{"line":13,"column":16}},"6":{"start":{"line":17,"column":18},"end":{"line":28,"column":1}},"7":{"start":{"line":18,"column":2},"end":{"line":27,"column":3}},"8":{"start":{"line":19,"column":19},"end":{"line":19,"column":52}},"9":{"start":{"line":21,"column":4},"end":{"line":24,"column":7}},"10":{"start":{"line":26,"column":4},"end":{"line":26,"column":16}},"11":{"start":{"line":30,"column":17},"end":{"line":48,"column":1}},"12":{"start":{"line":31,"column":2},"end":{"line":47,"column":3}},"13":{"start":{"line":32,"column":18},"end":{"line":32,"column":64}},"14":{"start":{"line":34,"column":4},"end":{"line":39,"column":5}},"15":{"start":{"line":35,"column":6},"end":{"line":38,"column":9}},"16":{"start":{"line":41,"column":4},"end":{"line":44,"column":7}},"17":{"start":{"line":46,"column":4},"end":{"line":46,"column":16}},"18":{"start":{"line":50,"column":20},"end":{"line":68,"column":1}},"19":{"start":{"line":51,"column":2},"end":{"line":67,"column":3}},"20":{"start":{"line":52,"column":18},"end":{"line":52,"column":63}},"21":{"start":{"line":54,"column":4},"end":{"line":59,"column":5}},"22":{"start":{"line":55,"column":6},"end":{"line":58,"column":9}},"23":{"start":{"line":61,"column":4},"end":{"line":64,"column":7}},"24":{"start":{"line":66,"column":4},"end":{"line":66,"column":16}},"25":{"start":{"line":70,"column":20},"end":{"line":89,"column":1}},"26":{"start":{"line":71,"column":2},"end":{"line":88,"column":3}},"27":{"start":{"line":72,"column":18},"end":{"line":72,"column":73}},"28":{"start":{"line":74,"column":4},"end":{"line":79,"column":5}},"29":{"start":{"line":75,"column":6},"end":{"line":78,"column":9}},"30":{"start":{"line":81,"column":4},"end":{"line":85,"column":7}},"31":{"start":{"line":87,"column":4},"end":{"line":87,"column":16}},"32":{"start":{"line":91,"column":0},"end":{"line":97,"column":2}}},"fnMap":{"0":{"name":"(anonymous_0)","decl":{"start":{"line":3,"column":20},"end":{"line":3,"column":21}},"loc":{"start":{"line":3,"column":46},"end":{"line":15,"column":1}},"line":3},"1":{"name":"(anonymous_1)","decl":{"start":{"line":17,"column":18},"end":{"line":17,"column":19}},"loc":{"start":{"line":17,"column":44},"end":{"line":28,"column":1}},"line":17},"2":{"name":"(anonymous_2)","decl":{"start":{"line":30,"column":17},"end":{"line":30,"column":18}},"loc":{"start":{"line":30,"column":43},"end":{"line":48,"column":1}},"line":30},"3":{"name":"(anonymous_3)","decl":{"start":{"line":50,"column":20},"end":{"line":50,"column":21}},"loc":{"start":{"line":50,"column":46},"end":{"line":68,"column":1}},"line":50},"4":{"name":"(anonymous_4)","decl":{"start":{"line":70,"column":20},"end":{"line":70,"column":21}},"loc":{"start":{"line":70,"column":46},"end":{"line":89,"column":1}},"line":70}},"branchMap":{"0":{"loc":{"start":{"line":34,"column":4},"end":{"line":39,"column":5}},"type":"if","locations":[{"start":{"line":34,"column":4},"end":{"line":39,"column":5}},{"start":{},"end":{}}],"line":34},"1":{"loc":{"start":{"line":54,"column":4},"end":{"line":59,"column":5}},"type":"if","locations":[{"start":{"line":54,"column":4},"end":{"line":59,"column":5}},{"start":{},"end":{}}],"line":54},"2":{"loc":{"start":{"line":74,"column":4},"end":{"line":79,"column":5}},"type":"if","locations":[{"start":{"line":74,"column":4},"end":{"line":79,"column":5}},{"start":{},"end":{}}],"line":74}},"s":{"0":6,"1":6,"2":0,"3":0,"4":0,"5":0,"6":6,"7":0,"8":0,"9":0,"10":0,"11":6,"12":0,"13":0,"14":0,"15":0,"16":0,"17":0,"18":6,"19":0,"20":0,"21":0,"22":0,"23":0,"24":0,"25":6,"26":0,"27":0,"28":0,"29":0,"30":0,"31":0,"32":6},"f":{"0":0,"1":0,"2":0,"3":0,"4":0},"b":{"0":[0,0],"1":[0,0],"2":[0,0]},"_coverageSchema":"1a1c01bbd47fc00a2c39e90264f33305004495a9","hash":"051ff37c35e03ae72f32b6faaf4259c4fbd8dc85"}
,"/home/deba/Desktop/DISASTER_MANAGEMENT_PLATFORM/Backend/controllers/analyticsController.js": {"path":"/home/deba/Desktop/DISASTER_MANAGEMENT_PLATFORM/Backend/controllers/analyticsController.js","statementMap":{"0":{"start":{"line":1,"column":25},"end":{"line":1,"column":64}},"1":{"start":{"line":3,"column":24},"end":{"line":16,"column":1}},"2":{"start":{"line":4,"column":2},"end":{"line":15,"column":3}},"3":{"start":{"line":6,"column":6},"end":{"line":6,"column":60}},"4":{"start":{"line":8,"column":4},"end":{"line":12,"column":7}},"5":{"start":{"line":14,"column":4},"end":{"line":14,"column":16}},"6":{"start":{"line":18,"column":21},"end":{"line":30,"column":1}},"7":{"start":{"line":19,"column":2},"end":{"line":29,"column":3}},"8":{"start":{"line":21,"column":6},"end":{"line":21,"column":52}},"9":{"start":{"line":23,"column":4},"end":{"line":26,"column":7}},"10":{"start":{"line":28,"column":4},"end":{"line":28,"column":16}},"11":{"start":{"line":32,"column":0},"end":{"line":35,"column":2}}},"fnMap":{"0":{"name":"(anonymous_0)","decl":{"start":{"line":3,"column":24},"end":{"line":3,"column":25}},"loc":{"start":{"line":3,"column":50},"end":{"line":16,"column":1}},"line":3},"1":{"name":"(anonymous_1)","decl":{"start":{"line":18,"column":21},"end":{"line":18,"column":22}},"loc":{"start":{"line":18,"column":47},"end":{"line":30,"column":1}},"line":18}},"branchMap":{},"s":{"0":6,"1":6,"2":0,"3":0,"4":0,"5":0,"6":6,"7":0,"8":0,"9":0,"10":0,"11":6},"f":{"0":0,"1":0},"b":{},"_coverageSchema":"1a1c01bbd47fc00a2c39e90264f33305004495a9","hash":"944ed26402d41c96dcef9ce8deac34d71b0ccce3"}
,"/home/deba/Desktop/DISASTER_MANAGEMENT_PLATFORM/Backend/controllers/authController.js": {"path":"/home/deba/Desktop/DISASTER_MANAGEMENT_PLATFORM/Backend/controllers/authController.js","statementMap":{"0":{"start":{"line":1,"column":20},"end":{"line":1,"column":54}},"1":{"start":{"line":4,"column":14},"end":{"line":9,"column":1}},"2":{"start":{"line":5,"column":2},"end":{"line":8,"column":5}},"3":{"start":{"line":10,"column":17},"end":{"line":22,"column":1}},"4":{"start":{"line":11,"column":2},"end":{"line":21,"column":3}},"5":{"start":{"line":12,"column":19},"end":{"line":12,"column":59}},"6":{"start":{"line":14,"column":4},"end":{"line":18,"column":7}},"7":{"start":{"line":20,"column":4},"end":{"line":20,"column":16}},"8":{"start":{"line":24,"column":14},"end":{"line":38,"column":1}},"9":{"start":{"line":25,"column":2},"end":{"line":37,"column":3}},"10":{"start":{"line":26,"column":32},"end":{"line":26,"column":40}},"11":{"start":{"line":28,"column":19},"end":{"line":28,"column":63}},"12":{"start":{"line":30,"column":4},"end":{"line":34,"column":7}},"13":{"start":{"line":36,"column":4},"end":{"line":36,"column":16}},"14":{"start":{"line":40,"column":16},"end":{"line":54,"column":1}},"15":{"start":{"line":41,"column":2},"end":{"line":53,"column":3}},"16":{"start":{"line":42,"column":19},"end":{"line":44,"column":5}},"17":{"start":{"line":46,"column":4},"end":{"line":50,"column":7}},"18":{"start":{"line":52,"column":4},"end":{"line":52,"column":16}},"19":{"start":{"line":56,"column":15},"end":{"line":67,"column":1}},"20":{"start":{"line":57,"column":2},"end":{"line":66,"column":3}},"21":{"start":{"line":58,"column":4},"end":{"line":58,"column":47}},"22":{"start":{"line":60,"column":4},"end":{"line":63,"column":7}},"23":{"start":{"line":65,"column":4},"end":{"line":65,"column":16}},"24":{"start":{"line":69,"column":23},"end":{"line":74,"column":1}},"25":{"start":{"line":70,"column":2},"end":{"line":73,"column":5}},"26":{"start":{"line":76,"column":23},"end":{"line":91,"column":1}},"27":{"start":{"line":77,"column":2},"end":{"line":90,"column":3}},"28":{"start":{"line":78,"column":4},"end":{"line":82,"column":6}},"29":{"start":{"line":84,"column":4},"end":{"line":87,"column":7}},"30":{"start":{"line":89,"column":4},"end":{"line":89,"column":16}},"31":{"start":{"line":93,"column":0},"end":{"line":101,"column":2}}},"fnMap":{"0":{"name":"(anonymous_0)","decl":{"start":{"line":4,"column":14},"end":{"line":4,"column":15}},"loc":{"start":{"line":4,"column":28},"end":{"line":9,"column":1}},"line":4},"1":{"name":"(anonymous_1)","decl":{"start":{"line":10,"column":17},"end":{"line":10,"column":18}},"loc":{"start":{"line":10,"column":43},"end":{"line":22,"column":1}},"line":10},"2":{"name":"(anonymous_2)","decl":{"start":{"line":24,"column":14},"end":{"line":24,"column":15}},"loc":{"start":{"line":24,"column":40},"end":{"line":38,"column":1}},"line":24},"3":{"name":"(anonymous_3)","decl":{"start":{"line":40,"column":16},"end":{"line":40,"column":17}},"loc":{"start":{"line":40,"column":42},"end":{"line":54,"column":1}},"line":40},"4":{"name":"(anonymous_4)","decl":{"start":{"line":56,"column":15},"end":{"line":56,"column":16}},"loc":{"start":{"line":56,"column":41},"end":{"line":67,"column":1}},"line":56},"5":{"name":"(anonymous_5)","decl":{"start":{"line":69,"column":23},"end":{"line":69,"column":24}},"loc":{"start":{"line":69,"column":37},"end":{"line":74,"column":1}},"line":69},"6":{"name":"(anonymous_6)","decl":{"start":{"line":76,"column":23},"end":{"line":76,"column":24}},"loc":{"start":{"line":76,"column":49},"end":{"line":91,"column":1}},"line":76}},"branchMap":{},"s":{"0":6,"1":6,"2":0,"3":6,"4":0,"5":0,"6":0,"7":0,"8":6,"9":1,"10":1,"11":1,"12":1,"13":0,"14":6,"15":0,"16":0,"17":0,"18":0,"19":6,"20":0,"21":0,"22":0,"23":0,"24":6,"25":0,"26":6,"27":0,"28":0,"29":0,"30":0,"31":6},"f":{"0":0,"1":0,"2":1,"3":0,"4":0,"5":0,"6":0},"b":{},"_coverageSchema":"1a1c01bbd47fc00a2c39e90264f33305004495a9","hash":"b734a32185689b3b70f22b0ddc69bc1c42257305"}
,"/home/deba/Desktop/DISASTER_MANAGEMENT_PLATFORM/Backend/controllers/chatController.js": {"path":"/home/deba/Desktop/DISASTER_MANAGEMENT_PLATFORM/Backend/controllers/chatController.js","statementMap":{"0":{"start":{"line":1,"column":23},"end":{"line":1,"column":60}},"1":{"start":{"line":3,"column":20},"end":{"line":30,"column":1}},"2":{"start":{"line":4,"column":2},"end":{"line":29,"column":3}},"3":{"start":{"line":5,"column":24},"end":{"line":5,"column":32}},"4":{"start":{"line":7,"column":4},"end":{"line":12,"column":5}},"5":{"start":{"line":8,"column":6},"end":{"line":11,"column":9}},"6":{"start":{"line":14,"column":4},"end":{"line":19,"column":5}},"7":{"start":{"line":15,"column":6},"end":{"line":18,"column":9}},"8":{"start":{"line":21,"column":21},"end":{"line":21,"column":69}},"9":{"start":{"line":23,"column":4},"end":{"line":26,"column":7}},"10":{"start":{"line":28,"column":4},"end":{"line":28,"column":16}},"11":{"start":{"line":32,"column":0},"end":{"line":34,"column":2}}},"fnMap":{"0":{"name":"(anonymous_0)","decl":{"start":{"line":3,"column":20},"end":{"line":3,"column":21}},"loc":{"start":{"line":3,"column":46},"end":{"line":30,"column":1}},"line":3}},"branchMap":{"0":{"loc":{"start":{"line":7,"column":4},"end":{"line":12,"column":5}},"type":"if","locations":[{"start":{"line":7,"column":4},"end":{"line":12,"column":5}},{"start":{},"end":{}}],"line":7},"1":{"loc":{"start":{"line":7,"column":8},"end":{"line":7,"column":54}},"type":"binary-expr","locations":[{"start":{"line":7,"column":8},"end":{"line":7,"column":35}},{"start":{"line":7,"column":39},"end":{"line":7,"column":54}}],"line":7},"2":{"loc":{"start":{"line":14,"column":4},"end":{"line":19,"column":5}},"type":"if","locations":[{"start":{"line":14,"column":4},"end":{"line":19,"column":5}},{"start":{},"end":{}}],"line":14}},"s":{"0":6,"1":6,"2":0,"3":0,"4":0,"5":0,"6":0,"7":0,"8":0,"9":0,"10":0,"11":6},"f":{"0":0},"b":{"0":[0,0],"1":[0,0],"2":[0,0]},"_coverageSchema":"1a1c01bbd47fc00a2c39e90264f33305004495a9","hash":"600e0b27175a956743db9824d9654118f3c3653a"}
,"/home/deba/Desktop/DISASTER_MANAGEMENT_PLATFORM/Backend/controllers/damageAssessmentController.js": {"path":"/home/deba/Desktop/DISASTER_MANAGEMENT_PLATFORM/Backend/controllers/damageAssessmentController.js","statementMap":{"0":{"start":{"line":1,"column":25},"end":{"line":1,"column":62}},"1":{"start":{"line":6,"column":4},"end":{"line":6,"column":45}},"2":{"start":{"line":8,"column":31},"end":{"line":65,"column":1}},"3":{"start":{"line":9,"column":25},"end":{"line":9,"column":27}},"4":{"start":{"line":11,"column":4},"end":{"line":64,"column":5}},"5":{"start":{"line":12,"column":31},"end":{"line":15,"column":9}},"6":{"start":{"line":17,"column":8},"end":{"line":33,"column":9}},"7":{"start":{"line":18,"column":12},"end":{"line":32,"column":13}},"8":{"start":{"line":19,"column":16},"end":{"line":19,"column":36}},"9":{"start":{"line":20,"column":16},"end":{"line":25,"column":17}},"10":{"start":{"line":21,"column":42},"end":{"line":23,"column":22}},"11":{"start":{"line":24,"column":20},"end":{"line":24,"column":55}},"12":{"start":{"line":26,"column":16},"end":{"line":26,"column":55}},"13":{"start":{"line":28,"column":16},"end":{"line":30,"column":18}},"14":{"start":{"line":29,"column":44},"end":{"line":29,"column":74}},"15":{"start":{"line":31,"column":16},"end":{"line":31,"column":34}},"16":{"start":{"line":35,"column":8},"end":{"line":48,"column":9}},"17":{"start":{"line":39,"column":12},"end":{"line":47,"column":13}},"18":{"start":{"line":40,"column":16},"end":{"line":42,"column":18}},"19":{"start":{"line":44,"column":38},"end":{"line":44,"column":74}},"20":{"start":{"line":45,"column":16},"end":{"line":45,"column":47}},"21":{"start":{"line":46,"column":16},"end":{"line":46,"column":36}},"22":{"start":{"line":50,"column":27},"end":{"line":52,"column":9}},"23":{"start":{"line":54,"column":8},"end":{"line":58,"column":11}},"24":{"start":{"line":60,"column":8},"end":{"line":62,"column":10}},"25":{"start":{"line":61,"column":42},"end":{"line":61,"column":59}},"26":{"start":{"line":63,"column":8},"end":{"line":63,"column":20}},"27":{"start":{"line":67,"column":29},"end":{"line":81,"column":1}},"28":{"start":{"line":68,"column":4},"end":{"line":80,"column":5}},"29":{"start":{"line":69,"column":28},"end":{"line":72,"column":36}},"30":{"start":{"line":74,"column":8},"end":{"line":77,"column":11}},"31":{"start":{"line":79,"column":8},"end":{"line":79,"column":20}},"32":{"start":{"line":83,"column":31},"end":{"line":96,"column":1}},"33":{"start":{"line":84,"column":4},"end":{"line":95,"column":5}},"34":{"start":{"line":85,"column":28},"end":{"line":87,"column":34}},"35":{"start":{"line":89,"column":8},"end":{"line":92,"column":11}},"36":{"start":{"line":94,"column":8},"end":{"line":94,"column":20}},"37":{"start":{"line":98,"column":32},"end":{"line":129,"column":1}},"38":{"start":{"line":99,"column":4},"end":{"line":128,"column":5}},"39":{"start":{"line":100,"column":27},"end":{"line":104,"column":46}},"40":{"start":{"line":106,"column":8},"end":{"line":111,"column":9}},"41":{"start":{"line":107,"column":12},"end":{"line":110,"column":15}},"42":{"start":{"line":113,"column":24},"end":{"line":113,"column":84}},"43":{"start":{"line":114,"column":33},"end":{"line":114,"column":78}},"44":{"start":{"line":115,"column":8},"end":{"line":120,"column":9}},"45":{"start":{"line":116,"column":12},"end":{"line":119,"column":15}},"46":{"start":{"line":122,"column":8},"end":{"line":125,"column":11}},"47":{"start":{"line":127,"column":8},"end":{"line":127,"column":20}},"48":{"start":{"line":131,"column":37},"end":{"line":169,"column":1}},"49":{"start":{"line":132,"column":4},"end":{"line":168,"column":5}},"50":{"start":{"line":133,"column":36},"end":{"line":133,"column":44}},"51":{"start":{"line":136,"column":12},"end":{"line":152,"column":13}},"52":{"start":{"line":154,"column":8},"end":{"line":159,"column":9}},"53":{"start":{"line":155,"column":12},"end":{"line":158,"column":15}},"54":{"start":{"line":161,"column":8},"end":{"line":165,"column":11}},"55":{"start":{"line":167,"column":8},"end":{"line":167,"column":20}},"56":{"start":{"line":171,"column":0},"end":{"line":177,"column":2}}},"fnMap":{"0":{"name":"(anonymous_0)","decl":{"start":{"line":8,"column":31},"end":{"line":8,"column":32}},"loc":{"start":{"line":8,"column":57},"end":{"line":65,"column":1}},"line":8},"1":{"name":"(anonymous_1)","decl":{"start":{"line":29,"column":34},"end":{"line":29,"column":35}},"loc":{"start":{"line":29,"column":44},"end":{"line":29,"column":74}},"line":29},"2":{"name":"(anonymous_2)","decl":{"start":{"line":61,"column":31},"end":{"line":61,"column":32}},"loc":{"start":{"line":61,"column":42},"end":{"line":61,"column":59}},"line":61},"3":{"name":"(anonymous_3)","decl":{"start":{"line":67,"column":29},"end":{"line":67,"column":30}},"loc":{"start":{"line":67,"column":55},"end":{"line":81,"column":1}},"line":67},"4":{"name":"(anonymous_4)","decl":{"start":{"line":83,"column":31},"end":{"line":83,"column":32}},"loc":{"start":{"line":83,"column":57},"end":{"line":96,"column":1}},"line":83},"5":{"name":"(anonymous_5)","decl":{"start":{"line":98,"column":32},"end":{"line":98,"column":33}},"loc":{"start":{"line":98,"column":58},"end":{"line":129,"column":1}},"line":98},"6":{"name":"(anonymous_6)","decl":{"start":{"line":131,"column":37},"end":{"line":131,"column":38}},"loc":{"start":{"line":131,"column":63},"end":{"line":169,"column":1}},"line":131}},"branchMap":{"0":{"loc":{"start":{"line":17,"column":8},"end":{"line":33,"column":9}},"type":"if","locations":[{"start":{"line":17,"column":8},"end":{"line":33,"column":9}},{"start":{},"end":{}}],"line":17},"1":{"loc":{"start":{"line":17,"column":12},"end":{"line":17,"column":45}},"type":"binary-expr","locations":[{"start":{"line":17,"column":12},"end":{"line":17,"column":21}},{"start":{"line":17,"column":25},"end":{"line":17,"column":45}}],"line":17},"2":{"loc":{"start":{"line":35,"column":8},"end":{"line":48,"column":9}},"type":"if","locations":[{"start":{"line":35,"column":8},"end":{"line":48,"column":9}},{"start":{},"end":{}}],"line":35},"3":{"loc":{"start":{"line":36,"column":12},"end":{"line":37,"column":55}},"type":"binary-expr","locations":[{"start":{"line":36,"column":12},"end":{"line":36,"column":35}},{"start":{"line":37,"column":12},"end":{"line":37,"column":55}}],"line":36},"4":{"loc":{"start":{"line":106,"column":8},"end":{"line":111,"column":9}},"type":"if","locations":[{"start":{"line":106,"column":8},"end":{"line":111,"column":9}},{"start":{},"end":{}}],"line":106},"5":{"loc":{"start":{"line":115,"column":8},"end":{"line":120,"column":9}},"type":"if","locations":[{"start":{"line":115,"column":8},"end":{"line":120,"column":9}},{"start":{},"end":{}}],"line":115},"6":{"loc":{"start":{"line":115,"column":12},"end":{"line":115,"column":41}},"type":"binary-expr","locations":[{"start":{"line":115,"column":12},"end":{"line":115,"column":20}},{"start":{"line":115,"column":24},"end":{"line":115,"column":41}}],"line":115},"7":{"loc":{"start":{"line":141,"column":24},"end":{"line":146,"column":28}},"type":"cond-expr","locations":[{"start":{"line":142,"column":26},"end":{"line":145,"column":27}},{"start":{"line":146,"column":26},"end":{"line":146,"column":28}}],"line":141},"8":{"loc":{"start":{"line":154,"column":8},"end":{"line":159,"column":9}},"type":"if","locations":[{"start":{"line":154,"column":8},"end":{"line":159,"column":9}},{"start":{},"end":{}}],"line":154}},"s":{"0":6,"1":6,"2":6,"3":0,"4":0,"5":0,"6":0,"7":0,"8":0,"9":0,"10":0,"11":0,"12":0,"13":0,"14":0,"15":0,"16":0,"17":0,"18":0,"19":0,"20":0,"21":0,"22":0,"23":0,"24":0,"25":0,"26":0,"27":6,"28":0,"29":0,"30":0,"31":0,"32":6,"33":0,"34":0,"35":0,"36":0,"37":6,"38":0,"39":0,"40":0,"41":0,"42":0,"43":0,"44":0,"45":0,"46":0,"47":0,"48":6,"49":0,"50":0,"51":0,"52":0,"53":0,"54":0,"55":0,"56":6},"f":{"0":0,"1":0,"2":0,"3":0,"4":0,"5":0,"6":0},"b":{"0":[0,0],"1":[0,0],"2":[0,0],"3":[0,0],"4":[0,0],"5":[0,0],"6":[0,0],"7":[0,0],"8":[0,0]},"_coverageSchema":"1a1c01bbd47fc00a2c39e90264f33305004495a9","hash":"1045a69d618e0a0301dafbc7331c5cb246aadc07"}
,"/home/deba/Desktop/DISASTER_MANAGEMENT_PLATFORM/Backend/controllers/dashboardController.js": {"path":"/home/deba/Desktop/DISASTER_MANAGEMENT_PLATFORM/Backend/controllers/dashboardController.js","statementMap":{"0":{"start":{"line":1,"column":25},"end":{"line":1,"column":64}},"1":{"start":{"line":3,"column":28},"end":{"line":10,"column":1}},"2":{"start":{"line":4,"column":2},"end":{"line":9,"column":3}},"3":{"start":{"line":5,"column":20},"end":{"line":5,"column":76}},"4":{"start":{"line":6,"column":4},"end":{"line":6,"column":59}},"5":{"start":{"line":8,"column":4},"end":{"line":8,"column":16}},"6":{"start":{"line":12,"column":0},"end":{"line":12,"column":41}}},"fnMap":{"0":{"name":"(anonymous_0)","decl":{"start":{"line":3,"column":28},"end":{"line":3,"column":29}},"loc":{"start":{"line":3,"column":54},"end":{"line":10,"column":1}},"line":3}},"branchMap":{},"s":{"0":6,"1":6,"2":0,"3":0,"4":0,"5":0,"6":6},"f":{"0":0},"b":{},"_coverageSchema":"1a1c01bbd47fc00a2c39e90264f33305004495a9","hash":"367f51f8fdbe99120ad46ebe10b086f536ec09ac"}
,"/home/deba/Desktop/DISASTER_MANAGEMENT_PLATFORM/Backend/controllers/dashboardFeatureController.js": {"path":"/home/deba/Desktop/DISASTER_MANAGEMENT_PLATFORM/Backend/controllers/dashboardFeatureController.js","statementMap":{"0":{"start":{"line":1,"column":21},"end":{"line":1,"column":54}},"1":{"start":{"line":2,"column":24},"end":{"line":2,"column":60}},"2":{"start":{"line":4,"column":27},"end":{"line":15,"column":1}},"3":{"start":{"line":5,"column":2},"end":{"line":14,"column":3}},"4":{"start":{"line":6,"column":19},"end":{"line":10,"column":6}},"5":{"start":{"line":11,"column":4},"end":{"line":11,"column":107}},"6":{"start":{"line":13,"column":4},"end":{"line":13,"column":16}},"7":{"start":{"line":17,"column":27},"end":{"line":24,"column":1}},"8":{"start":{"line":18,"column":2},"end":{"line":23,"column":3}},"9":{"start":{"line":19,"column":20},"end":{"line":19,"column":91}},"10":{"start":{"line":20,"column":4},"end":{"line":20,"column":59}},"11":{"start":{"line":22,"column":4},"end":{"line":22,"column":16}},"12":{"start":{"line":26,"column":24},"end":{"line":42,"column":1}},"13":{"start":{"line":27,"column":2},"end":{"line":41,"column":3}},"14":{"start":{"line":28,"column":21},"end":{"line":31,"column":6}},"15":{"start":{"line":33,"column":4},"end":{"line":35,"column":5}},"16":{"start":{"line":34,"column":6},"end":{"line":34,"column":108}},"17":{"start":{"line":37,"column":21},"end":{"line":37,"column":73}},"18":{"start":{"line":38,"column":4},"end":{"line":38,"column":104}},"19":{"start":{"line":40,"column":4},"end":{"line":40,"column":16}},"20":{"start":{"line":44,"column":0},"end":{"line":48,"column":2}}},"fnMap":{"0":{"name":"(anonymous_0)","decl":{"start":{"line":4,"column":27},"end":{"line":4,"column":28}},"loc":{"start":{"line":4,"column":53},"end":{"line":15,"column":1}},"line":4},"1":{"name":"(anonymous_1)","decl":{"start":{"line":17,"column":27},"end":{"line":17,"column":28}},"loc":{"start":{"line":17,"column":53},"end":{"line":24,"column":1}},"line":17},"2":{"name":"(anonymous_2)","decl":{"start":{"line":26,"column":24},"end":{"line":26,"column":25}},"loc":{"start":{"line":26,"column":50},"end":{"line":42,"column":1}},"line":26}},"branchMap":{"0":{"loc":{"start":{"line":33,"column":4},"end":{"line":35,"column":5}},"type":"if","locations":[{"start":{"line":33,"column":4},"end":{"line":35,"column":5}},{"start":{},"end":{}}],"line":33}},"s":{"0":6,"1":6,"2":6,"3":0,"4":0,"5":0,"6":0,"7":6,"8":0,"9":0,"10":0,"11":0,"12":6,"13":0,"14":0,"15":0,"16":0,"17":0,"18":0,"19":0,"20":6},"f":{"0":0,"1":0,"2":0},"b":{"0":[0,0]},"_coverageSchema":"1a1c01bbd47fc00a2c39e90264f33305004495a9","hash":"f3e6b886b21a37c5a37774cf610021e4cc0d8f06"}
,"/home/deba/Desktop/DISASTER_MANAGEMENT_PLATFORM/Backend/controllers/disasterController.js": {"path":"/home/deba/Desktop/DISASTER_MANAGEMENT_PLATFORM/Backend/controllers/disasterController.js","statementMap":{"0":{"start":{"line":1,"column":17},"end":{"line":1,"column":46}},"1":{"start":{"line":3,"column":23},"end":{"line":15,"column":1}},"2":{"start":{"line":4,"column":2},"end":{"line":14,"column":3}},"3":{"start":{"line":5,"column":21},"end":{"line":5,"column":52}},"4":{"start":{"line":7,"column":4},"end":{"line":11,"column":7}},"5":{"start":{"line":13,"column":4},"end":{"line":13,"column":16}},"6":{"start":{"line":17,"column":21},"end":{"line":28,"column":1}},"7":{"start":{"line":18,"column":2},"end":{"line":27,"column":3}},"8":{"start":{"line":19,"column":22},"end":{"line":19,"column":67}},"9":{"start":{"line":21,"column":4},"end":{"line":24,"column":7}},"10":{"start":{"line":26,"column":4},"end":{"line":26,"column":16}},"11":{"start":{"line":30,"column":24},"end":{"line":48,"column":1}},"12":{"start":{"line":31,"column":2},"end":{"line":47,"column":3}},"13":{"start":{"line":32,"column":21},"end":{"line":32,"column":59}},"14":{"start":{"line":34,"column":4},"end":{"line":39,"column":5}},"15":{"start":{"line":35,"column":6},"end":{"line":38,"column":9}},"16":{"start":{"line":41,"column":4},"end":{"line":44,"column":7}},"17":{"start":{"line":46,"column":4},"end":{"line":46,"column":16}},"18":{"start":{"line":50,"column":23},"end":{"line":66,"column":1}},"19":{"start":{"line":51,"column":2},"end":{"line":65,"column":3}},"20":{"start":{"line":52,"column":21},"end":{"line":56,"column":5}},"21":{"start":{"line":58,"column":4},"end":{"line":60,"column":5}},"22":{"start":{"line":59,"column":6},"end":{"line":59,"column":85}},"23":{"start":{"line":62,"column":4},"end":{"line":62,"column":102}},"24":{"start":{"line":64,"column":4},"end":{"line":64,"column":16}},"25":{"start":{"line":68,"column":23},"end":{"line":80,"column":1}},"26":{"start":{"line":69,"column":2},"end":{"line":79,"column":3}},"27":{"start":{"line":70,"column":21},"end":{"line":70,"column":68}},"28":{"start":{"line":72,"column":4},"end":{"line":74,"column":5}},"29":{"start":{"line":73,"column":6},"end":{"line":73,"column":85}},"30":{"start":{"line":76,"column":4},"end":{"line":76,"column":27}},"31":{"start":{"line":78,"column":4},"end":{"line":78,"column":16}},"32":{"start":{"line":82,"column":0},"end":{"line":88,"column":2}}},"fnMap":{"0":{"name":"(anonymous_0)","decl":{"start":{"line":3,"column":23},"end":{"line":3,"column":24}},"loc":{"start":{"line":3,"column":49},"end":{"line":15,"column":1}},"line":3},"1":{"name":"(anonymous_1)","decl":{"start":{"line":17,"column":21},"end":{"line":17,"column":22}},"loc":{"start":{"line":17,"column":47},"end":{"line":28,"column":1}},"line":17},"2":{"name":"(anonymous_2)","decl":{"start":{"line":30,"column":24},"end":{"line":30,"column":25}},"loc":{"start":{"line":30,"column":50},"end":{"line":48,"column":1}},"line":30},"3":{"name":"(anonymous_3)","decl":{"start":{"line":50,"column":23},"end":{"line":50,"column":24}},"loc":{"start":{"line":50,"column":49},"end":{"line":66,"column":1}},"line":50},"4":{"name":"(anonymous_4)","decl":{"start":{"line":68,"column":23},"end":{"line":68,"column":24}},"loc":{"start":{"line":68,"column":49},"end":{"line":80,"column":1}},"line":68}},"branchMap":{"0":{"loc":{"start":{"line":34,"column":4},"end":{"line":39,"column":5}},"type":"if","locations":[{"start":{"line":34,"column":4},"end":{"line":39,"column":5}},{"start":{},"end":{}}],"line":34},"1":{"loc":{"start":{"line":58,"column":4},"end":{"line":60,"column":5}},"type":"if","locations":[{"start":{"line":58,"column":4},"end":{"line":60,"column":5}},{"start":{},"end":{}}],"line":58},"2":{"loc":{"start":{"line":72,"column":4},"end":{"line":74,"column":5}},"type":"if","locations":[{"start":{"line":72,"column":4},"end":{"line":74,"column":5}},{"start":{},"end":{}}],"line":72}},"s":{"0":6,"1":6,"2":0,"3":0,"4":0,"5":0,"6":6,"7":0,"8":0,"9":0,"10":0,"11":6,"12":0,"13":0,"14":0,"15":0,"16":0,"17":0,"18":6,"19":0,"20":0,"21":0,"22":0,"23":0,"24":0,"25":6,"26":0,"27":0,"28":0,"29":0,"30":0,"31":0,"32":6},"f":{"0":0,"1":0,"2":0,"3":0,"4":0},"b":{"0":[0,0],"1":[0,0],"2":[0,0]},"_coverageSchema":"1a1c01bbd47fc00a2c39e90264f33305004495a9","hash":"d09d50d570a8829c8a7d4a1e44e76587dec0bfd5"}
,"/home/deba/Desktop/DISASTER_MANAGEMENT_PLATFORM/Backend/controllers/droneController.js": {"path":"/home/deba/Desktop/DISASTER_MANAGEMENT_PLATFORM/Backend/controllers/droneController.js","statementMap":{"0":{"start":{"line":1,"column":21},"end":{"line":1,"column":56}},"1":{"start":{"line":3,"column":20},"end":{"line":15,"column":1}},"2":{"start":{"line":4,"column":2},"end":{"line":14,"column":3}},"3":{"start":{"line":5,"column":18},"end":{"line":5,"column":58}},"4":{"start":{"line":7,"column":4},"end":{"line":11,"column":7}},"5":{"start":{"line":13,"column":4},"end":{"line":13,"column":16}},"6":{"start":{"line":17,"column":22},"end":{"line":32,"column":1}},"7":{"start":{"line":18,"column":2},"end":{"line":31,"column":3}},"8":{"start":{"line":19,"column":20},"end":{"line":22,"column":6}},"9":{"start":{"line":24,"column":4},"end":{"line":28,"column":7}},"10":{"start":{"line":30,"column":4},"end":{"line":30,"column":16}},"11":{"start":{"line":34,"column":18},"end":{"line":45,"column":1}},"12":{"start":{"line":35,"column":2},"end":{"line":44,"column":3}},"13":{"start":{"line":36,"column":19},"end":{"line":36,"column":58}},"14":{"start":{"line":38,"column":4},"end":{"line":41,"column":7}},"15":{"start":{"line":43,"column":4},"end":{"line":43,"column":16}},"16":{"start":{"line":47,"column":20},"end":{"line":58,"column":1}},"17":{"start":{"line":48,"column":2},"end":{"line":57,"column":3}},"18":{"start":{"line":49,"column":21},"end":{"line":49,"column":62}},"19":{"start":{"line":51,"column":4},"end":{"line":54,"column":7}},"20":{"start":{"line":56,"column":4},"end":{"line":56,"column":16}},"21":{"start":{"line":60,"column":21},"end":{"line":66,"column":1}},"22":{"start":{"line":61,"column":2},"end":{"line":65,"column":34}},"23":{"start":{"line":62,"column":18},"end":{"line":62,"column":64}},"24":{"start":{"line":63,"column":4},"end":{"line":63,"column":92}},"25":{"start":{"line":63,"column":16},"end":{"line":63,"column":92}},"26":{"start":{"line":64,"column":4},"end":{"line":64,"column":45}},"27":{"start":{"line":65,"column":20},"end":{"line":65,"column":32}},"28":{"start":{"line":68,"column":20},"end":{"line":74,"column":1}},"29":{"start":{"line":69,"column":2},"end":{"line":73,"column":34}},"30":{"start":{"line":70,"column":18},"end":{"line":70,"column":73}},"31":{"start":{"line":71,"column":4},"end":{"line":71,"column":92}},"32":{"start":{"line":71,"column":16},"end":{"line":71,"column":92}},"33":{"start":{"line":72,"column":4},"end":{"line":72,"column":45}},"34":{"start":{"line":73,"column":20},"end":{"line":73,"column":32}},"35":{"start":{"line":76,"column":26},"end":{"line":82,"column":1}},"36":{"start":{"line":77,"column":2},"end":{"line":81,"column":34}},"37":{"start":{"line":78,"column":18},"end":{"line":78,"column":86}},"38":{"start":{"line":79,"column":4},"end":{"line":79,"column":92}},"39":{"start":{"line":79,"column":16},"end":{"line":79,"column":92}},"40":{"start":{"line":80,"column":4},"end":{"line":80,"column":45}},"41":{"start":{"line":81,"column":20},"end":{"line":81,"column":32}},"42":{"start":{"line":84,"column":29},"end":{"line":90,"column":1}},"43":{"start":{"line":85,"column":2},"end":{"line":89,"column":34}},"44":{"start":{"line":86,"column":18},"end":{"line":86,"column":82}},"45":{"start":{"line":87,"column":4},"end":{"line":87,"column":92}},"46":{"start":{"line":87,"column":16},"end":{"line":87,"column":92}},"47":{"start":{"line":88,"column":4},"end":{"line":88,"column":45}},"48":{"start":{"line":89,"column":20},"end":{"line":89,"column":32}},"49":{"start":{"line":92,"column":20},"end":{"line":98,"column":1}},"50":{"start":{"line":93,"column":2},"end":{"line":97,"column":34}},"51":{"start":{"line":94,"column":18},"end":{"line":94,"column":63}},"52":{"start":{"line":95,"column":4},"end":{"line":95,"column":92}},"53":{"start":{"line":95,"column":16},"end":{"line":95,"column":92}},"54":{"start":{"line":96,"column":4},"end":{"line":96,"column":27}},"55":{"start":{"line":97,"column":20},"end":{"line":97,"column":32}},"56":{"start":{"line":100,"column":23},"end":{"line":106,"column":1}},"57":{"start":{"line":101,"column":2},"end":{"line":105,"column":34}},"58":{"start":{"line":102,"column":20},"end":{"line":102,"column":68}},"59":{"start":{"line":103,"column":4},"end":{"line":103,"column":96}},"60":{"start":{"line":103,"column":18},"end":{"line":103,"column":96}},"61":{"start":{"line":104,"column":4},"end":{"line":104,"column":47}},"62":{"start":{"line":105,"column":20},"end":{"line":105,"column":32}},"63":{"start":{"line":108,"column":28},"end":{"line":114,"column":1}},"64":{"start":{"line":109,"column":2},"end":{"line":113,"column":34}},"65":{"start":{"line":110,"column":20},"end":{"line":110,"column":109}},"66":{"start":{"line":111,"column":4},"end":{"line":111,"column":96}},"67":{"start":{"line":111,"column":18},"end":{"line":111,"column":96}},"68":{"start":{"line":112,"column":4},"end":{"line":112,"column":47}},"69":{"start":{"line":113,"column":20},"end":{"line":113,"column":32}},"70":{"start":{"line":116,"column":0},"end":{"line":128,"column":2}}},"fnMap":{"0":{"name":"(anonymous_0)","decl":{"start":{"line":3,"column":20},"end":{"line":3,"column":21}},"loc":{"start":{"line":3,"column":46},"end":{"line":15,"column":1}},"line":3},"1":{"name":"(anonymous_1)","decl":{"start":{"line":17,"column":22},"end":{"line":17,"column":23}},"loc":{"start":{"line":17,"column":48},"end":{"line":32,"column":1}},"line":17},"2":{"name":"(anonymous_2)","decl":{"start":{"line":34,"column":18},"end":{"line":34,"column":19}},"loc":{"start":{"line":34,"column":44},"end":{"line":45,"column":1}},"line":34},"3":{"name":"(anonymous_3)","decl":{"start":{"line":47,"column":20},"end":{"line":47,"column":21}},"loc":{"start":{"line":47,"column":46},"end":{"line":58,"column":1}},"line":47},"4":{"name":"(anonymous_4)","decl":{"start":{"line":60,"column":21},"end":{"line":60,"column":22}},"loc":{"start":{"line":60,"column":47},"end":{"line":66,"column":1}},"line":60},"5":{"name":"(anonymous_5)","decl":{"start":{"line":68,"column":20},"end":{"line":68,"column":21}},"loc":{"start":{"line":68,"column":46},"end":{"line":74,"column":1}},"line":68},"6":{"name":"(anonymous_6)","decl":{"start":{"line":76,"column":26},"end":{"line":76,"column":27}},"loc":{"start":{"line":76,"column":52},"end":{"line":82,"column":1}},"line":76},"7":{"name":"(anonymous_7)","decl":{"start":{"line":84,"column":29},"end":{"line":84,"column":30}},"loc":{"start":{"line":84,"column":55},"end":{"line":90,"column":1}},"line":84},"8":{"name":"(anonymous_8)","decl":{"start":{"line":92,"column":20},"end":{"line":92,"column":21}},"loc":{"start":{"line":92,"column":46},"end":{"line":98,"column":1}},"line":92},"9":{"name":"(anonymous_9)","decl":{"start":{"line":100,"column":23},"end":{"line":100,"column":24}},"loc":{"start":{"line":100,"column":49},"end":{"line":106,"column":1}},"line":100},"10":{"name":"(anonymous_10)","decl":{"start":{"line":108,"column":28},"end":{"line":108,"column":29}},"loc":{"start":{"line":108,"column":54},"end":{"line":114,"column":1}},"line":108}},"branchMap":{"0":{"loc":{"start":{"line":63,"column":4},"end":{"line":63,"column":92}},"type":"if","locations":[{"start":{"line":63,"column":4},"end":{"line":63,"column":92}},{"start":{},"end":{}}],"line":63},"1":{"loc":{"start":{"line":71,"column":4},"end":{"line":71,"column":92}},"type":"if","locations":[{"start":{"line":71,"column":4},"end":{"line":71,"column":92}},{"start":{},"end":{}}],"line":71},"2":{"loc":{"start":{"line":79,"column":4},"end":{"line":79,"column":92}},"type":"if","locations":[{"start":{"line":79,"column":4},"end":{"line":79,"column":92}},{"start":{},"end":{}}],"line":79},"3":{"loc":{"start":{"line":87,"column":4},"end":{"line":87,"column":92}},"type":"if","locations":[{"start":{"line":87,"column":4},"end":{"line":87,"column":92}},{"start":{},"end":{}}],"line":87},"4":{"loc":{"start":{"line":95,"column":4},"end":{"line":95,"column":92}},"type":"if","locations":[{"start":{"line":95,"column":4},"end":{"line":95,"column":92}},{"start":{},"end":{}}],"line":95},"5":{"loc":{"start":{"line":103,"column":4},"end":{"line":103,"column":96}},"type":"if","locations":[{"start":{"line":103,"column":4},"end":{"line":103,"column":96}},{"start":{},"end":{}}],"line":103},"6":{"loc":{"start":{"line":111,"column":4},"end":{"line":111,"column":96}},"type":"if","locations":[{"start":{"line":111,"column":4},"end":{"line":111,"column":96}},{"start":{},"end":{}}],"line":111}},"s":{"0":6,"1":6,"2":0,"3":0,"4":0,"5":0,"6":6,"7":0,"8":0,"9":0,"10":0,"11":6,"12":0,"13":0,"14":0,"15":0,"16":6,"17":0,"18":0,"19":0,"20":0,"21":6,"22":0,"23":0,"24":0,"25":0,"26":0,"27":0,"28":6,"29":0,"30":0,"31":0,"32":0,"33":0,"34":0,"35":6,"36":0,"37":0,"38":0,"39":0,"40":0,"41":0,"42":6,"43":0,"44":0,"45":0,"46":0,"47":0,"48":0,"49":6,"50":0,"51":0,"52":0,"53":0,"54":0,"55":0,"56":6,"57":0,"58":0,"59":0,"60":0,"61":0,"62":0,"63":6,"64":0,"65":0,"66":0,"67":0,"68":0,"69":0,"70":6},"f":{"0":0,"1":0,"2":0,"3":0,"4":0,"5":0,"6":0,"7":0,"8":0,"9":0,"10":0},"b":{"0":[0,0],"1":[0,0],"2":[0,0],"3":[0,0],"4":[0,0],"5":[0,0],"6":[0,0]},"_coverageSchema":"1a1c01bbd47fc00a2c39e90264f33305004495a9","hash":"f6236d12bcd6cc5b3e6f5e3731f9ad06923d6ba8"}
,"/home/deba/Desktop/DISASTER_MANAGEMENT_PLATFORM/Backend/controllers/evacuationController.js": {"path":"/home/deba/Desktop/DISASTER_MANAGEMENT_PLATFORM/Backend/controllers/evacuationController.js","statementMap":{"0":{"start":{"line":1,"column":31},"end":{"line":83,"column":1}},"1":{"start":{"line":2,"column":4},"end":{"line":82,"column":5}},"2":{"start":{"line":8,"column":12},"end":{"line":8,"column":20}},"3":{"start":{"line":10,"column":8},"end":{"line":15,"column":9}},"4":{"start":{"line":11,"column":12},"end":{"line":14,"column":15}},"5":{"start":{"line":17,"column":8},"end":{"line":23,"column":9}},"6":{"start":{"line":18,"column":12},"end":{"line":22,"column":15}},"7":{"start":{"line":26,"column":12},"end":{"line":28,"column":29}},"8":{"start":{"line":30,"column":21},"end":{"line":73,"column":9}},"9":{"start":{"line":75,"column":8},"end":{"line":79,"column":11}},"10":{"start":{"line":81,"column":8},"end":{"line":81,"column":20}},"11":{"start":{"line":85,"column":0},"end":{"line":87,"column":2}}},"fnMap":{"0":{"name":"(anonymous_0)","decl":{"start":{"line":1,"column":31},"end":{"line":1,"column":32}},"loc":{"start":{"line":1,"column":57},"end":{"line":83,"column":1}},"line":1}},"branchMap":{"0":{"loc":{"start":{"line":6,"column":12},"end":{"line":6,"column":34}},"type":"default-arg","locations":[{"start":{"line":6,"column":32},"end":{"line":6,"column":34}}],"line":6},"1":{"loc":{"start":{"line":7,"column":12},"end":{"line":7,"column":39}},"type":"default-arg","locations":[{"start":{"line":7,"column":29},"end":{"line":7,"column":39}}],"line":7},"2":{"loc":{"start":{"line":10,"column":8},"end":{"line":15,"column":9}},"type":"if","locations":[{"start":{"line":10,"column":8},"end":{"line":15,"column":9}},{"start":{},"end":{}}],"line":10},"3":{"loc":{"start":{"line":17,"column":8},"end":{"line":23,"column":9}},"type":"if","locations":[{"start":{"line":17,"column":8},"end":{"line":23,"column":9}},{"start":{},"end":{}}],"line":17},"4":{"loc":{"start":{"line":17,"column":12},"end":{"line":17,"column":58}},"type":"binary-expr","locations":[{"start":{"line":17,"column":12},"end":{"line":17,"column":24}},{"start":{"line":17,"column":28},"end":{"line":17,"column":58}}],"line":17},"5":{"loc":{"start":{"line":26,"column":12},"end":{"line":28,"column":29}},"type":"cond-expr","locations":[{"start":{"line":27,"column":18},"end":{"line":27,"column":38}},{"start":{"line":28,"column":18},"end":{"line":28,"column":29}}],"line":26}},"s":{"0":6,"1":0,"2":0,"3":0,"4":0,"5":0,"6":0,"7":0,"8":0,"9":0,"10":0,"11":6},"f":{"0":0},"b":{"0":[0],"1":[0],"2":[0,0],"3":[0,0],"4":[0,0],"5":[0,0]},"_coverageSchema":"1a1c01bbd47fc00a2c39e90264f33305004495a9","hash":"0dabcdf6abd64830498e217be7c3379109fd8c60"}
,"/home/deba/Desktop/DISASTER_MANAGEMENT_PLATFORM/Backend/controllers/familyController.js": {"path":"/home/deba/Desktop/DISASTER_MANAGEMENT_PLATFORM/Backend/controllers/familyController.js","statementMap":{"0":{"start":{"line":1,"column":15},"end":{"line":1,"column":42}},"1":{"start":{"line":3,"column":18},"end":{"line":26,"column":1}},"2":{"start":{"line":4,"column":4},"end":{"line":25,"column":5}},"3":{"start":{"line":5,"column":23},"end":{"line":7,"column":10}},"4":{"start":{"line":9,"column":8},"end":{"line":17,"column":9}},"5":{"start":{"line":10,"column":12},"end":{"line":16,"column":15}},"6":{"start":{"line":19,"column":8},"end":{"line":22,"column":11}},"7":{"start":{"line":24,"column":8},"end":{"line":24,"column":20}},"8":{"start":{"line":28,"column":29},"end":{"line":60,"column":1}},"9":{"start":{"line":29,"column":4},"end":{"line":59,"column":5}},"10":{"start":{"line":30,"column":28},"end":{"line":30,"column":36}},"11":{"start":{"line":32,"column":8},"end":{"line":37,"column":9}},"12":{"start":{"line":33,"column":12},"end":{"line":36,"column":15}},"13":{"start":{"line":39,"column":23},"end":{"line":50,"column":9}},"14":{"start":{"line":52,"column":8},"end":{"line":56,"column":11}},"15":{"start":{"line":58,"column":8},"end":{"line":58,"column":20}},"16":{"start":{"line":62,"column":24},"end":{"line":87,"column":1}},"17":{"start":{"line":63,"column":4},"end":{"line":86,"column":5}},"18":{"start":{"line":64,"column":23},"end":{"line":77,"column":9}},"19":{"start":{"line":79,"column":8},"end":{"line":83,"column":11}},"20":{"start":{"line":85,"column":8},"end":{"line":85,"column":20}},"21":{"start":{"line":89,"column":27},"end":{"line":124,"column":1}},"22":{"start":{"line":90,"column":4},"end":{"line":123,"column":5}},"23":{"start":{"line":91,"column":29},"end":{"line":91,"column":39}},"24":{"start":{"line":93,"column":23},"end":{"line":107,"column":9}},"25":{"start":{"line":109,"column":8},"end":{"line":114,"column":9}},"26":{"start":{"line":110,"column":12},"end":{"line":113,"column":15}},"27":{"start":{"line":116,"column":8},"end":{"line":120,"column":11}},"28":{"start":{"line":122,"column":8},"end":{"line":122,"column":20}},"29":{"start":{"line":126,"column":27},"end":{"line":159,"column":1}},"30":{"start":{"line":127,"column":4},"end":{"line":158,"column":5}},"31":{"start":{"line":128,"column":29},"end":{"line":128,"column":39}},"32":{"start":{"line":130,"column":23},"end":{"line":142,"column":9}},"33":{"start":{"line":144,"column":8},"end":{"line":149,"column":9}},"34":{"start":{"line":145,"column":12},"end":{"line":148,"column":15}},"35":{"start":{"line":151,"column":8},"end":{"line":155,"column":11}},"36":{"start":{"line":157,"column":8},"end":{"line":157,"column":20}},"37":{"start":{"line":161,"column":33},"end":{"line":196,"column":1}},"38":{"start":{"line":162,"column":4},"end":{"line":195,"column":5}},"39":{"start":{"line":163,"column":29},"end":{"line":163,"column":39}},"40":{"start":{"line":164,"column":27},"end":{"line":164,"column":35}},"41":{"start":{"line":166,"column":23},"end":{"line":179,"column":9}},"42":{"start":{"line":181,"column":8},"end":{"line":186,"column":9}},"43":{"start":{"line":182,"column":12},"end":{"line":185,"column":15}},"44":{"start":{"line":188,"column":8},"end":{"line":192,"column":11}},"45":{"start":{"line":194,"column":8},"end":{"line":194,"column":20}},"46":{"start":{"line":198,"column":0},"end":{"line":205,"column":2}}},"fnMap":{"0":{"name":"(anonymous_0)","decl":{"start":{"line":3,"column":18},"end":{"line":3,"column":19}},"loc":{"start":{"line":3,"column":44},"end":{"line":26,"column":1}},"line":3},"1":{"name":"(anonymous_1)","decl":{"start":{"line":28,"column":29},"end":{"line":28,"column":30}},"loc":{"start":{"line":28,"column":55},"end":{"line":60,"column":1}},"line":28},"2":{"name":"(anonymous_2)","decl":{"start":{"line":62,"column":24},"end":{"line":62,"column":25}},"loc":{"start":{"line":62,"column":50},"end":{"line":87,"column":1}},"line":62},"3":{"name":"(anonymous_3)","decl":{"start":{"line":89,"column":27},"end":{"line":89,"column":28}},"loc":{"start":{"line":89,"column":53},"end":{"line":124,"column":1}},"line":89},"4":{"name":"(anonymous_4)","decl":{"start":{"line":126,"column":27},"end":{"line":126,"column":28}},"loc":{"start":{"line":126,"column":53},"end":{"line":159,"column":1}},"line":126},"5":{"name":"(anonymous_5)","decl":{"start":{"line":161,"column":33},"end":{"line":161,"column":34}},"loc":{"start":{"line":161,"column":59},"end":{"line":196,"column":1}},"line":161}},"branchMap":{"0":{"loc":{"start":{"line":9,"column":8},"end":{"line":17,"column":9}},"type":"if","locations":[{"start":{"line":9,"column":8},"end":{"line":17,"column":9}},{"start":{},"end":{}}],"line":9},"1":{"loc":{"start":{"line":32,"column":8},"end":{"line":37,"column":9}},"type":"if","locations":[{"start":{"line":32,"column":8},"end":{"line":37,"column":9}},{"start":{},"end":{}}],"line":32},"2":{"loc":{"start":{"line":109,"column":8},"end":{"line":114,"column":9}},"type":"if","locations":[{"start":{"line":109,"column":8},"end":{"line":114,"column":9}},{"start":{},"end":{}}],"line":109},"3":{"loc":{"start":{"line":144,"column":8},"end":{"line":149,"column":9}},"type":"if","locations":[{"start":{"line":144,"column":8},"end":{"line":149,"column":9}},{"start":{},"end":{}}],"line":144},"4":{"loc":{"start":{"line":181,"column":8},"end":{"line":186,"column":9}},"type":"if","locations":[{"start":{"line":181,"column":8},"end":{"line":186,"column":9}},{"start":{},"end":{}}],"line":181}},"s":{"0":6,"1":6,"2":0,"3":0,"4":0,"5":0,"6":0,"7":0,"8":6,"9":0,"10":0,"11":0,"12":0,"13":0,"14":0,"15":0,"16":6,"17":0,"18":0,"19":0,"20":0,"21":6,"22":0,"23":0,"24":0,"25":0,"26":0,"27":0,"28":0,"29":6,"30":0,"31":0,"32":0,"33":0,"34":0,"35":0,"36":0,"37":6,"38":0,"39":0,"40":0,"41":0,"42":0,"43":0,"44":0,"45":0,"46":6},"f":{"0":0,"1":0,"2":0,"3":0,"4":0,"5":0},"b":{"0":[0,0],"1":[0,0],"2":[0,0],"3":[0,0],"4":[0,0]},"_coverageSchema":"1a1c01bbd47fc00a2c39e90264f33305004495a9","hash":"657672d580e17dd2b66e151e5cf412d9aa000290"}
,"/home/deba/Desktop/DISASTER_MANAGEMENT_PLATFORM/Backend/controllers/notificationController.js": {"path":"/home/deba/Desktop/DISASTER_MANAGEMENT_PLATFORM/Backend/controllers/notificationController.js","statementMap":{"0":{"start":{"line":1,"column":28},"end":{"line":1,"column":70}},"1":{"start":{"line":3,"column":27},"end":{"line":16,"column":1}},"2":{"start":{"line":4,"column":2},"end":{"line":15,"column":3}},"3":{"start":{"line":6,"column":6},"end":{"line":6,"column":60}},"4":{"start":{"line":8,"column":4},"end":{"line":12,"column":7}},"5":{"start":{"line":14,"column":4},"end":{"line":14,"column":16}},"6":{"start":{"line":18,"column":25},"end":{"line":42,"column":1}},"7":{"start":{"line":19,"column":2},"end":{"line":41,"column":3}},"8":{"start":{"line":20,"column":28},"end":{"line":20,"column":45}},"9":{"start":{"line":21,"column":20},"end":{"line":21,"column":66}},"10":{"start":{"line":23,"column":4},"end":{"line":28,"column":5}},"11":{"start":{"line":24,"column":6},"end":{"line":27,"column":9}},"12":{"start":{"line":30,"column":19},"end":{"line":30,"column":51}},"13":{"start":{"line":33,"column":6},"end":{"line":33,"column":60}},"14":{"start":{"line":35,"column":4},"end":{"line":38,"column":7}},"15":{"start":{"line":40,"column":4},"end":{"line":40,"column":16}},"16":{"start":{"line":44,"column":31},"end":{"line":68,"column":1}},"17":{"start":{"line":45,"column":2},"end":{"line":67,"column":3}},"18":{"start":{"line":47,"column":6},"end":{"line":51,"column":7}},"19":{"start":{"line":53,"column":4},"end":{"line":58,"column":5}},"20":{"start":{"line":54,"column":6},"end":{"line":57,"column":9}},"21":{"start":{"line":60,"column":4},"end":{"line":64,"column":7}},"22":{"start":{"line":66,"column":4},"end":{"line":66,"column":16}},"23":{"start":{"line":70,"column":0},"end":{"line":74,"column":2}}},"fnMap":{"0":{"name":"(anonymous_0)","decl":{"start":{"line":3,"column":27},"end":{"line":3,"column":28}},"loc":{"start":{"line":3,"column":53},"end":{"line":16,"column":1}},"line":3},"1":{"name":"(anonymous_1)","decl":{"start":{"line":18,"column":25},"end":{"line":18,"column":26}},"loc":{"start":{"line":18,"column":51},"end":{"line":42,"column":1}},"line":18},"2":{"name":"(anonymous_2)","decl":{"start":{"line":44,"column":31},"end":{"line":44,"column":32}},"loc":{"start":{"line":44,"column":57},"end":{"line":68,"column":1}},"line":44}},"branchMap":{"0":{"loc":{"start":{"line":23,"column":4},"end":{"line":28,"column":5}},"type":"if","locations":[{"start":{"line":23,"column":4},"end":{"line":28,"column":5}},{"start":{},"end":{}}],"line":23},"1":{"loc":{"start":{"line":23,"column":8},"end":{"line":23,"column":84}},"type":"binary-expr","locations":[{"start":{"line":23,"column":8},"end":{"line":23,"column":23}},{"start":{"line":23,"column":27},"end":{"line":23,"column":35}},{"start":{"line":23,"column":39},"end":{"line":23,"column":84}}],"line":23},"2":{"loc":{"start":{"line":30,"column":19},"end":{"line":30,"column":51}},"type":"binary-expr","locations":[{"start":{"line":30,"column":19},"end":{"line":30,"column":34}},{"start":{"line":30,"column":38},"end":{"line":30,"column":51}}],"line":30},"3":{"loc":{"start":{"line":53,"column":4},"end":{"line":58,"column":5}},"type":"if","locations":[{"start":{"line":53,"column":4},"end":{"line":58,"column":5}},{"start":{},"end":{}}],"line":53}},"s":{"0":6,"1":6,"2":0,"3":0,"4":0,"5":0,"6":6,"7":0,"8":0,"9":0,"10":0,"11":0,"12":0,"13":0,"14":0,"15":0,"16":6,"17":0,"18":0,"19":0,"20":0,"21":0,"22":0,"23":6},"f":{"0":0,"1":0,"2":0},"b":{"0":[0,0],"1":[0,0,0],"2":[0,0],"3":[0,0]},"_coverageSchema":"1a1c01bbd47fc00a2c39e90264f33305004495a9","hash":"bc985b43ac69180799b98361017f883284f21ee2"}
,"/home/deba/Desktop/DISASTER_MANAGEMENT_PLATFORM/Backend/controllers/predictionController.js": {"path":"/home/deba/Desktop/DISASTER_MANAGEMENT_PLATFORM/Backend/controllers/predictionController.js","statementMap":{"0":{"start":{"line":1,"column":26},"end":{"line":1,"column":66}},"1":{"start":{"line":2,"column":20},"end":{"line":2,"column":52}},"2":{"start":{"line":4,"column":25},"end":{"line":17,"column":1}},"3":{"start":{"line":5,"column":2},"end":{"line":16,"column":3}},"4":{"start":{"line":7,"column":6},"end":{"line":7,"column":56}},"5":{"start":{"line":9,"column":4},"end":{"line":13,"column":7}},"6":{"start":{"line":15,"column":4},"end":{"line":15,"column":16}},"7":{"start":{"line":19,"column":23},"end":{"line":31,"column":1}},"8":{"start":{"line":20,"column":2},"end":{"line":30,"column":3}},"9":{"start":{"line":22,"column":6},"end":{"line":22,"column":55}},"10":{"start":{"line":24,"column":4},"end":{"line":27,"column":7}},"11":{"start":{"line":29,"column":4},"end":{"line":29,"column":16}},"12":{"start":{"line":33,"column":28},"end":{"line":49,"column":1}},"13":{"start":{"line":34,"column":2},"end":{"line":48,"column":3}},"14":{"start":{"line":35,"column":19},"end":{"line":40,"column":5}},"15":{"start":{"line":42,"column":4},"end":{"line":45,"column":7}},"16":{"start":{"line":47,"column":4},"end":{"line":47,"column":16}},"17":{"start":{"line":51,"column":0},"end":{"line":55,"column":2}}},"fnMap":{"0":{"name":"(anonymous_0)","decl":{"start":{"line":4,"column":25},"end":{"line":4,"column":26}},"loc":{"start":{"line":4,"column":51},"end":{"line":17,"column":1}},"line":4},"1":{"name":"(anonymous_1)","decl":{"start":{"line":19,"column":23},"end":{"line":19,"column":24}},"loc":{"start":{"line":19,"column":49},"end":{"line":31,"column":1}},"line":19},"2":{"name":"(anonymous_2)","decl":{"start":{"line":33,"column":28},"end":{"line":33,"column":29}},"loc":{"start":{"line":33,"column":54},"end":{"line":49,"column":1}},"line":33}},"branchMap":{},"s":{"0":6,"1":6,"2":6,"3":0,"4":0,"5":0,"6":0,"7":6,"8":0,"9":0,"10":0,"11":0,"12":6,"13":0,"14":0,"15":0,"16":0,"17":6},"f":{"0":0,"1":0,"2":0},"b":{},"_coverageSchema":"1a1c01bbd47fc00a2c39e90264f33305004495a9","hash":"862bca081ada478e4f064c58187d2d459da95b5e"}
,"/home/deba/Desktop/DISASTER_MANAGEMENT_PLATFORM/Backend/controllers/rescueIdController.js": {"path":"/home/deba/Desktop/DISASTER_MANAGEMENT_PLATFORM/Backend/controllers/rescueIdController.js","statementMap":{"0":{"start":{"line":1,"column":15},"end":{"line":1,"column":32}},"1":{"start":{"line":2,"column":17},"end":{"line":2,"column":46}},"2":{"start":{"line":4,"column":25},"end":{"line":11,"column":1}},"3":{"start":{"line":5,"column":23},"end":{"line":8,"column":22}},"4":{"start":{"line":10,"column":4},"end":{"line":10,"column":31}},"5":{"start":{"line":13,"column":23},"end":{"line":49,"column":1}},"6":{"start":{"line":14,"column":4},"end":{"line":48,"column":5}},"7":{"start":{"line":15,"column":25},"end":{"line":17,"column":10}},"8":{"start":{"line":19,"column":8},"end":{"line":25,"column":9}},"9":{"start":{"line":20,"column":12},"end":{"line":24,"column":15}},"10":{"start":{"line":27,"column":25},"end":{"line":39,"column":10}},"11":{"start":{"line":41,"column":8},"end":{"line":45,"column":11}},"12":{"start":{"line":47,"column":8},"end":{"line":47,"column":20}},"13":{"start":{"line":51,"column":20},"end":{"line":71,"column":1}},"14":{"start":{"line":52,"column":4},"end":{"line":70,"column":5}},"15":{"start":{"line":53,"column":25},"end":{"line":55,"column":10}},"16":{"start":{"line":57,"column":8},"end":{"line":62,"column":9}},"17":{"start":{"line":58,"column":12},"end":{"line":61,"column":15}},"18":{"start":{"line":64,"column":8},"end":{"line":67,"column":11}},"19":{"start":{"line":69,"column":8},"end":{"line":69,"column":20}},"20":{"start":{"line":73,"column":26},"end":{"line":94,"column":1}},"21":{"start":{"line":74,"column":4},"end":{"line":93,"column":5}},"22":{"start":{"line":75,"column":25},"end":{"line":78,"column":47}},"23":{"start":{"line":80,"column":8},"end":{"line":85,"column":9}},"24":{"start":{"line":81,"column":12},"end":{"line":84,"column":15}},"25":{"start":{"line":87,"column":8},"end":{"line":90,"column":11}},"26":{"start":{"line":92,"column":8},"end":{"line":92,"column":20}},"27":{"start":{"line":96,"column":23},"end":{"line":126,"column":1}},"28":{"start":{"line":97,"column":4},"end":{"line":125,"column":5}},"29":{"start":{"line":98,"column":25},"end":{"line":109,"column":9}},"30":{"start":{"line":111,"column":8},"end":{"line":116,"column":9}},"31":{"start":{"line":112,"column":12},"end":{"line":115,"column":15}},"32":{"start":{"line":118,"column":8},"end":{"line":122,"column":11}},"33":{"start":{"line":124,"column":8},"end":{"line":124,"column":20}},"34":{"start":{"line":128,"column":27},"end":{"line":157,"column":1}},"35":{"start":{"line":129,"column":4},"end":{"line":156,"column":5}},"36":{"start":{"line":130,"column":25},"end":{"line":140,"column":9}},"37":{"start":{"line":142,"column":8},"end":{"line":147,"column":9}},"38":{"start":{"line":143,"column":12},"end":{"line":146,"column":15}},"39":{"start":{"line":149,"column":8},"end":{"line":153,"column":11}},"40":{"start":{"line":155,"column":8},"end":{"line":155,"column":20}},"41":{"start":{"line":159,"column":0},"end":{"line":165,"column":2}}},"fnMap":{"0":{"name":"(anonymous_0)","decl":{"start":{"line":4,"column":25},"end":{"line":4,"column":26}},"loc":{"start":{"line":4,"column":31},"end":{"line":11,"column":1}},"line":4},"1":{"name":"(anonymous_1)","decl":{"start":{"line":13,"column":23},"end":{"line":13,"column":24}},"loc":{"start":{"line":13,"column":49},"end":{"line":49,"column":1}},"line":13},"2":{"name":"(anonymous_2)","decl":{"start":{"line":51,"column":20},"end":{"line":51,"column":21}},"loc":{"start":{"line":51,"column":46},"end":{"line":71,"column":1}},"line":51},"3":{"name":"(anonymous_3)","decl":{"start":{"line":73,"column":26},"end":{"line":73,"column":27}},"loc":{"start":{"line":73,"column":52},"end":{"line":94,"column":1}},"line":73},"4":{"name":"(anonymous_4)","decl":{"start":{"line":96,"column":23},"end":{"line":96,"column":24}},"loc":{"start":{"line":96,"column":49},"end":{"line":126,"column":1}},"line":96},"5":{"name":"(anonymous_5)","decl":{"start":{"line":128,"column":27},"end":{"line":128,"column":28}},"loc":{"start":{"line":128,"column":53},"end":{"line":157,"column":1}},"line":128}},"branchMap":{"0":{"loc":{"start":{"line":19,"column":8},"end":{"line":25,"column":9}},"type":"if","locations":[{"start":{"line":19,"column":8},"end":{"line":25,"column":9}},{"start":{},"end":{}}],"line":19},"1":{"loc":{"start":{"line":31,"column":16},"end":{"line":33,"column":30}},"type":"binary-expr","locations":[{"start":{"line":31,"column":16},"end":{"line":31,"column":33}},{"start":{"line":32,"column":16},"end":{"line":32,"column":29}},{"start":{"line":33,"column":16},"end":{"line":33,"column":30}}],"line":31},"2":{"loc":{"start":{"line":57,"column":8},"end":{"line":62,"column":9}},"type":"if","locations":[{"start":{"line":57,"column":8},"end":{"line":62,"column":9}},{"start":{},"end":{}}],"line":57},"3":{"loc":{"start":{"line":80,"column":8},"end":{"line":85,"column":9}},"type":"if","locations":[{"start":{"line":80,"column":8},"end":{"line":85,"column":9}},{"start":{},"end":{}}],"line":80},"4":{"loc":{"start":{"line":111,"column":8},"end":{"line":116,"column":9}},"type":"if","locations":[{"start":{"line":111,"column":8},"end":{"line":116,"column":9}},{"start":{},"end":{}}],"line":111},"5":{"loc":{"start":{"line":142,"column":8},"end":{"line":147,"column":9}},"type":"if","locations":[{"start":{"line":142,"column":8},"end":{"line":147,"column":9}},{"start":{},"end":{}}],"line":142}},"s":{"0":6,"1":6,"2":6,"3":0,"4":0,"5":6,"6":0,"7":0,"8":0,"9":0,"10":0,"11":0,"12":0,"13":6,"14":0,"15":0,"16":0,"17":0,"18":0,"19":0,"20":6,"21":0,"22":0,"23":0,"24":0,"25":0,"26":0,"27":6,"28":0,"29":0,"30":0,"31":0,"32":0,"33":0,"34":6,"35":0,"36":0,"37":0,"38":0,"39":0,"40":0,"41":6},"f":{"0":0,"1":0,"2":0,"3":0,"4":0,"5":0},"b":{"0":[0,0],"1":[0,0,0],"2":[0,0],"3":[0,0],"4":[0,0],"5":[0,0]},"_coverageSchema":"1a1c01bbd47fc00a2c39e90264f33305004495a9","hash":"844dc1074cfb092bf8d8ecea28a08167a7f43ee0"}
,"/home/deba/Desktop/DISASTER_MANAGEMENT_PLATFORM/Backend/controllers/resourceController.js": {"path":"/home/deba/Desktop/DISASTER_MANAGEMENT_PLATFORM/Backend/controllers/resourceController.js","statementMap":{"0":{"start":{"line":1,"column":17},"end":{"line":1,"column":46}},"1":{"start":{"line":3,"column":23},"end":{"line":22,"column":1}},"2":{"start":{"line":4,"column":2},"end":{"line":21,"column":3}},"3":{"start":{"line":5,"column":53},"end":{"line":5,"column":61}},"4":{"start":{"line":6,"column":21},"end":{"line":12,"column":6}},"5":{"start":{"line":14,"column":4},"end":{"line":18,"column":7}},"6":{"start":{"line":20,"column":4},"end":{"line":20,"column":16}},"7":{"start":{"line":24,"column":21},"end":{"line":35,"column":1}},"8":{"start":{"line":25,"column":2},"end":{"line":34,"column":3}},"9":{"start":{"line":26,"column":22},"end":{"line":26,"column":43}},"10":{"start":{"line":28,"column":4},"end":{"line":31,"column":7}},"11":{"start":{"line":33,"column":4},"end":{"line":33,"column":16}},"12":{"start":{"line":37,"column":24},"end":{"line":55,"column":1}},"13":{"start":{"line":38,"column":2},"end":{"line":54,"column":3}},"14":{"start":{"line":39,"column":21},"end":{"line":39,"column":59}},"15":{"start":{"line":41,"column":4},"end":{"line":46,"column":5}},"16":{"start":{"line":42,"column":6},"end":{"line":45,"column":9}},"17":{"start":{"line":48,"column":4},"end":{"line":51,"column":7}},"18":{"start":{"line":53,"column":4},"end":{"line":53,"column":16}},"19":{"start":{"line":57,"column":23},"end":{"line":67,"column":1}},"20":{"start":{"line":58,"column":2},"end":{"line":66,"column":34}},"21":{"start":{"line":59,"column":21},"end":{"line":62,"column":6}},"22":{"start":{"line":64,"column":4},"end":{"line":64,"column":98}},"23":{"start":{"line":64,"column":19},"end":{"line":64,"column":98}},"24":{"start":{"line":65,"column":4},"end":{"line":65,"column":102}},"25":{"start":{"line":66,"column":20},"end":{"line":66,"column":32}},"26":{"start":{"line":69,"column":23},"end":{"line":75,"column":1}},"27":{"start":{"line":70,"column":2},"end":{"line":74,"column":34}},"28":{"start":{"line":71,"column":21},"end":{"line":71,"column":68}},"29":{"start":{"line":72,"column":4},"end":{"line":72,"column":98}},"30":{"start":{"line":72,"column":19},"end":{"line":72,"column":98}},"31":{"start":{"line":73,"column":4},"end":{"line":73,"column":27}},"32":{"start":{"line":74,"column":20},"end":{"line":74,"column":32}},"33":{"start":{"line":77,"column":0},"end":{"line":83,"column":2}}},"fnMap":{"0":{"name":"(anonymous_0)","decl":{"start":{"line":3,"column":23},"end":{"line":3,"column":24}},"loc":{"start":{"line":3,"column":49},"end":{"line":22,"column":1}},"line":3},"1":{"name":"(anonymous_1)","decl":{"start":{"line":24,"column":21},"end":{"line":24,"column":22}},"loc":{"start":{"line":24,"column":47},"end":{"line":35,"column":1}},"line":24},"2":{"name":"(anonymous_2)","decl":{"start":{"line":37,"column":24},"end":{"line":37,"column":25}},"loc":{"start":{"line":37,"column":50},"end":{"line":55,"column":1}},"line":37},"3":{"name":"(anonymous_3)","decl":{"start":{"line":57,"column":23},"end":{"line":57,"column":24}},"loc":{"start":{"line":57,"column":49},"end":{"line":67,"column":1}},"line":57},"4":{"name":"(anonymous_4)","decl":{"start":{"line":69,"column":23},"end":{"line":69,"column":24}},"loc":{"start":{"line":69,"column":49},"end":{"line":75,"column":1}},"line":69}},"branchMap":{"0":{"loc":{"start":{"line":41,"column":4},"end":{"line":46,"column":5}},"type":"if","locations":[{"start":{"line":41,"column":4},"end":{"line":46,"column":5}},{"start":{},"end":{}}],"line":41},"1":{"loc":{"start":{"line":64,"column":4},"end":{"line":64,"column":98}},"type":"if","locations":[{"start":{"line":64,"column":4},"end":{"line":64,"column":98}},{"start":{},"end":{}}],"line":64},"2":{"loc":{"start":{"line":72,"column":4},"end":{"line":72,"column":98}},"type":"if","locations":[{"start":{"line":72,"column":4},"end":{"line":72,"column":98}},{"start":{},"end":{}}],"line":72}},"s":{"0":6,"1":6,"2":0,"3":0,"4":0,"5":0,"6":0,"7":6,"8":0,"9":0,"10":0,"11":0,"12":6,"13":0,"14":0,"15":0,"16":0,"17":0,"18":0,"19":6,"20":0,"21":0,"22":0,"23":0,"24":0,"25":0,"26":6,"27":0,"28":0,"29":0,"30":0,"31":0,"32":0,"33":6},"f":{"0":0,"1":0,"2":0,"3":0,"4":0},"b":{"0":[0,0],"1":[0,0],"2":[0,0]},"_coverageSchema":"1a1c01bbd47fc00a2c39e90264f33305004495a9","hash":"e6ea078f2fd38c19942ef0f7e40743433bd7c575"}
,"/home/deba/Desktop/DISASTER_MANAGEMENT_PLATFORM/Backend/controllers/satelliteController.js": {"path":"/home/deba/Desktop/DISASTER_MANAGEMENT_PLATFORM/Backend/controllers/satelliteController.js","statementMap":{"0":{"start":{"line":1,"column":25},"end":{"line":1,"column":64}},"1":{"start":{"line":3,"column":26},"end":{"line":15,"column":1}},"2":{"start":{"line":4,"column":2},"end":{"line":14,"column":3}},"3":{"start":{"line":5,"column":17},"end":{"line":5,"column":67}},"4":{"start":{"line":7,"column":4},"end":{"line":11,"column":7}},"5":{"start":{"line":13,"column":4},"end":{"line":13,"column":16}},"6":{"start":{"line":17,"column":25},"end":{"line":28,"column":1}},"7":{"start":{"line":18,"column":2},"end":{"line":27,"column":3}},"8":{"start":{"line":19,"column":17},"end":{"line":19,"column":67}},"9":{"start":{"line":21,"column":4},"end":{"line":24,"column":7}},"10":{"start":{"line":26,"column":4},"end":{"line":26,"column":16}},"11":{"start":{"line":30,"column":29},"end":{"line":36,"column":1}},"12":{"start":{"line":31,"column":2},"end":{"line":35,"column":34}},"13":{"start":{"line":32,"column":17},"end":{"line":32,"column":75}},"14":{"start":{"line":33,"column":4},"end":{"line":33,"column":100}},"15":{"start":{"line":33,"column":15},"end":{"line":33,"column":100}},"16":{"start":{"line":34,"column":4},"end":{"line":34,"column":38}},"17":{"start":{"line":35,"column":20},"end":{"line":35,"column":32}},"18":{"start":{"line":38,"column":31},"end":{"line":48,"column":1}},"19":{"start":{"line":39,"column":2},"end":{"line":47,"column":34}},"20":{"start":{"line":40,"column":17},"end":{"line":44,"column":5}},"21":{"start":{"line":45,"column":4},"end":{"line":45,"column":100}},"22":{"start":{"line":45,"column":15},"end":{"line":45,"column":100}},"23":{"start":{"line":46,"column":4},"end":{"line":46,"column":38}},"24":{"start":{"line":47,"column":20},"end":{"line":47,"column":32}},"25":{"start":{"line":50,"column":0},"end":{"line":55,"column":2}}},"fnMap":{"0":{"name":"(anonymous_0)","decl":{"start":{"line":3,"column":26},"end":{"line":3,"column":27}},"loc":{"start":{"line":3,"column":52},"end":{"line":15,"column":1}},"line":3},"1":{"name":"(anonymous_1)","decl":{"start":{"line":17,"column":25},"end":{"line":17,"column":26}},"loc":{"start":{"line":17,"column":51},"end":{"line":28,"column":1}},"line":17},"2":{"name":"(anonymous_2)","decl":{"start":{"line":30,"column":29},"end":{"line":30,"column":30}},"loc":{"start":{"line":30,"column":55},"end":{"line":36,"column":1}},"line":30},"3":{"name":"(anonymous_3)","decl":{"start":{"line":38,"column":31},"end":{"line":38,"column":32}},"loc":{"start":{"line":38,"column":57},"end":{"line":48,"column":1}},"line":38}},"branchMap":{"0":{"loc":{"start":{"line":33,"column":4},"end":{"line":33,"column":100}},"type":"if","locations":[{"start":{"line":33,"column":4},"end":{"line":33,"column":100}},{"start":{},"end":{}}],"line":33},"1":{"loc":{"start":{"line":45,"column":4},"end":{"line":45,"column":100}},"type":"if","locations":[{"start":{"line":45,"column":4},"end":{"line":45,"column":100}},{"start":{},"end":{}}],"line":45}},"s":{"0":6,"1":6,"2":0,"3":0,"4":0,"5":0,"6":6,"7":0,"8":0,"9":0,"10":0,"11":6,"12":0,"13":0,"14":0,"15":0,"16":0,"17":0,"18":6,"19":0,"20":0,"21":0,"22":0,"23":0,"24":0,"25":6},"f":{"0":0,"1":0,"2":0,"3":0},"b":{"0":[0,0],"1":[0,0]},"_coverageSchema":"1a1c01bbd47fc00a2c39e90264f33305004495a9","hash":"2049a87a66728ba4e977fda409d95f68c3bf3bfa"}
,"/home/deba/Desktop/DISASTER_MANAGEMENT_PLATFORM/Backend/controllers/sensorController.js": {"path":"/home/deba/Desktop/DISASTER_MANAGEMENT_PLATFORM/Backend/controllers/sensorController.js","statementMap":{"0":{"start":{"line":1,"column":22},"end":{"line":1,"column":58}},"1":{"start":{"line":3,"column":21},"end":{"line":15,"column":1}},"2":{"start":{"line":4,"column":2},"end":{"line":14,"column":3}},"3":{"start":{"line":5,"column":19},"end":{"line":5,"column":61}},"4":{"start":{"line":7,"column":4},"end":{"line":11,"column":7}},"5":{"start":{"line":13,"column":4},"end":{"line":13,"column":16}},"6":{"start":{"line":17,"column":25},"end":{"line":29,"column":1}},"7":{"start":{"line":18,"column":2},"end":{"line":28,"column":3}},"8":{"start":{"line":19,"column":20},"end":{"line":19,"column":66}},"9":{"start":{"line":21,"column":4},"end":{"line":25,"column":7}},"10":{"start":{"line":27,"column":4},"end":{"line":27,"column":16}},"11":{"start":{"line":31,"column":26},"end":{"line":43,"column":1}},"12":{"start":{"line":32,"column":2},"end":{"line":42,"column":3}},"13":{"start":{"line":34,"column":6},"end":{"line":34,"column":64}},"14":{"start":{"line":36,"column":4},"end":{"line":39,"column":7}},"15":{"start":{"line":41,"column":4},"end":{"line":41,"column":16}},"16":{"start":{"line":45,"column":0},"end":{"line":49,"column":2}}},"fnMap":{"0":{"name":"(anonymous_0)","decl":{"start":{"line":3,"column":21},"end":{"line":3,"column":22}},"loc":{"start":{"line":3,"column":47},"end":{"line":15,"column":1}},"line":3},"1":{"name":"(anonymous_1)","decl":{"start":{"line":17,"column":25},"end":{"line":17,"column":26}},"loc":{"start":{"line":17,"column":51},"end":{"line":29,"column":1}},"line":17},"2":{"name":"(anonymous_2)","decl":{"start":{"line":31,"column":26},"end":{"line":31,"column":27}},"loc":{"start":{"line":31,"column":52},"end":{"line":43,"column":1}},"line":31}},"branchMap":{},"s":{"0":6,"1":6,"2":0,"3":0,"4":0,"5":0,"6":6,"7":0,"8":0,"9":0,"10":0,"11":6,"12":0,"13":0,"14":0,"15":0,"16":6},"f":{"0":0,"1":0,"2":0},"b":{},"_coverageSchema":"1a1c01bbd47fc00a2c39e90264f33305004495a9","hash":"429bf4bed0047b970212a9d1beaa12aca43ea573"}
,"/home/deba/Desktop/DISASTER_MANAGEMENT_PLATFORM/Backend/controllers/shelterController.js": {"path":"/home/deba/Desktop/DISASTER_MANAGEMENT_PLATFORM/Backend/controllers/shelterController.js","statementMap":{"0":{"start":{"line":1,"column":16},"end":{"line":1,"column":44}},"1":{"start":{"line":3,"column":22},"end":{"line":22,"column":1}},"2":{"start":{"line":4,"column":2},"end":{"line":21,"column":3}},"3":{"start":{"line":5,"column":52},"end":{"line":5,"column":60}},"4":{"start":{"line":6,"column":20},"end":{"line":12,"column":6}},"5":{"start":{"line":14,"column":4},"end":{"line":18,"column":7}},"6":{"start":{"line":20,"column":4},"end":{"line":20,"column":16}},"7":{"start":{"line":24,"column":20},"end":{"line":35,"column":1}},"8":{"start":{"line":25,"column":2},"end":{"line":34,"column":3}},"9":{"start":{"line":26,"column":21},"end":{"line":26,"column":41}},"10":{"start":{"line":28,"column":4},"end":{"line":31,"column":7}},"11":{"start":{"line":33,"column":4},"end":{"line":33,"column":16}},"12":{"start":{"line":37,"column":23},"end":{"line":55,"column":1}},"13":{"start":{"line":38,"column":2},"end":{"line":54,"column":3}},"14":{"start":{"line":39,"column":20},"end":{"line":39,"column":57}},"15":{"start":{"line":41,"column":4},"end":{"line":46,"column":5}},"16":{"start":{"line":42,"column":6},"end":{"line":45,"column":9}},"17":{"start":{"line":48,"column":4},"end":{"line":51,"column":7}},"18":{"start":{"line":53,"column":4},"end":{"line":53,"column":16}},"19":{"start":{"line":57,"column":22},"end":{"line":67,"column":1}},"20":{"start":{"line":58,"column":2},"end":{"line":66,"column":34}},"21":{"start":{"line":59,"column":20},"end":{"line":62,"column":6}},"22":{"start":{"line":64,"column":4},"end":{"line":64,"column":96}},"23":{"start":{"line":64,"column":18},"end":{"line":64,"column":96}},"24":{"start":{"line":65,"column":4},"end":{"line":65,"column":100}},"25":{"start":{"line":66,"column":20},"end":{"line":66,"column":32}},"26":{"start":{"line":69,"column":22},"end":{"line":75,"column":1}},"27":{"start":{"line":70,"column":2},"end":{"line":74,"column":34}},"28":{"start":{"line":71,"column":20},"end":{"line":71,"column":66}},"29":{"start":{"line":72,"column":4},"end":{"line":72,"column":96}},"30":{"start":{"line":72,"column":18},"end":{"line":72,"column":96}},"31":{"start":{"line":73,"column":4},"end":{"line":73,"column":27}},"32":{"start":{"line":74,"column":20},"end":{"line":74,"column":32}},"33":{"start":{"line":77,"column":0},"end":{"line":83,"column":2}}},"fnMap":{"0":{"name":"(anonymous_0)","decl":{"start":{"line":3,"column":22},"end":{"line":3,"column":23}},"loc":{"start":{"line":3,"column":48},"end":{"line":22,"column":1}},"line":3},"1":{"name":"(anonymous_1)","decl":{"start":{"line":24,"column":20},"end":{"line":24,"column":21}},"loc":{"start":{"line":24,"column":46},"end":{"line":35,"column":1}},"line":24},"2":{"name":"(anonymous_2)","decl":{"start":{"line":37,"column":23},"end":{"line":37,"column":24}},"loc":{"start":{"line":37,"column":49},"end":{"line":55,"column":1}},"line":37},"3":{"name":"(anonymous_3)","decl":{"start":{"line":57,"column":22},"end":{"line":57,"column":23}},"loc":{"start":{"line":57,"column":48},"end":{"line":67,"column":1}},"line":57},"4":{"name":"(anonymous_4)","decl":{"start":{"line":69,"column":22},"end":{"line":69,"column":23}},"loc":{"start":{"line":69,"column":48},"end":{"line":75,"column":1}},"line":69}},"branchMap":{"0":{"loc":{"start":{"line":41,"column":4},"end":{"line":46,"column":5}},"type":"if","locations":[{"start":{"line":41,"column":4},"end":{"line":46,"column":5}},{"start":{},"end":{}}],"line":41},"1":{"loc":{"start":{"line":64,"column":4},"end":{"line":64,"column":96}},"type":"if","locations":[{"start":{"line":64,"column":4},"end":{"line":64,"column":96}},{"start":{},"end":{}}],"line":64},"2":{"loc":{"start":{"line":72,"column":4},"end":{"line":72,"column":96}},"type":"if","locations":[{"start":{"line":72,"column":4},"end":{"line":72,"column":96}},{"start":{},"end":{}}],"line":72}},"s":{"0":6,"1":6,"2":0,"3":0,"4":0,"5":0,"6":0,"7":6,"8":0,"9":0,"10":0,"11":0,"12":6,"13":0,"14":0,"15":0,"16":0,"17":0,"18":0,"19":6,"20":0,"21":0,"22":0,"23":0,"24":0,"25":0,"26":6,"27":0,"28":0,"29":0,"30":0,"31":0,"32":0,"33":6},"f":{"0":0,"1":0,"2":0,"3":0,"4":0},"b":{"0":[0,0],"1":[0,0],"2":[0,0]},"_coverageSchema":"1a1c01bbd47fc00a2c39e90264f33305004495a9","hash":"d8862ab72312afdcb87c42422a19eb960d82d251"}
,"/home/deba/Desktop/DISASTER_MANAGEMENT_PLATFORM/Backend/controllers/sosController.js": {"path":"/home/deba/Desktop/DISASTER_MANAGEMENT_PLATFORM/Backend/controllers/sosController.js","statementMap":{"0":{"start":{"line":1,"column":12},"end":{"line":1,"column":36}},"1":{"start":{"line":6,"column":4},"end":{"line":6,"column":35}},"2":{"start":{"line":8,"column":18},"end":{"line":29,"column":1}},"3":{"start":{"line":9,"column":2},"end":{"line":28,"column":3}},"4":{"start":{"line":10,"column":48},"end":{"line":10,"column":56}},"5":{"start":{"line":11,"column":16},"end":{"line":18,"column":6}},"6":{"start":{"line":19,"column":4},"end":{"line":19,"column":20}},"7":{"start":{"line":21,"column":4},"end":{"line":25,"column":7}},"8":{"start":{"line":27,"column":4},"end":{"line":27,"column":16}},"9":{"start":{"line":31,"column":23},"end":{"line":42,"column":1}},"10":{"start":{"line":32,"column":2},"end":{"line":41,"column":3}},"11":{"start":{"line":33,"column":21},"end":{"line":33,"column":61}},"12":{"start":{"line":35,"column":4},"end":{"line":38,"column":7}},"13":{"start":{"line":40,"column":4},"end":{"line":40,"column":16}},"14":{"start":{"line":44,"column":19},"end":{"line":62,"column":1}},"15":{"start":{"line":45,"column":2},"end":{"line":61,"column":3}},"16":{"start":{"line":46,"column":16},"end":{"line":46,"column":49}},"17":{"start":{"line":48,"column":4},"end":{"line":53,"column":5}},"18":{"start":{"line":49,"column":6},"end":{"line":52,"column":9}},"19":{"start":{"line":55,"column":4},"end":{"line":58,"column":7}},"20":{"start":{"line":60,"column":4},"end":{"line":60,"column":16}},"21":{"start":{"line":64,"column":18},"end":{"line":76,"column":1}},"22":{"start":{"line":65,"column":2},"end":{"line":75,"column":34}},"23":{"start":{"line":66,"column":16},"end":{"line":69,"column":6}},"24":{"start":{"line":71,"column":4},"end":{"line":71,"column":96}},"25":{"start":{"line":71,"column":14},"end":{"line":71,"column":96}},"26":{"start":{"line":72,"column":4},"end":{"line":72,"column":24}},"27":{"start":{"line":73,"column":4},"end":{"line":73,"column":60}},"28":{"start":{"line":73,"column":35},"end":{"line":73,"column":60}},"29":{"start":{"line":74,"column":4},"end":{"line":74,"column":100}},"30":{"start":{"line":75,"column":20},"end":{"line":75,"column":32}},"31":{"start":{"line":78,"column":18},"end":{"line":85,"column":1}},"32":{"start":{"line":79,"column":2},"end":{"line":84,"column":34}},"33":{"start":{"line":80,"column":16},"end":{"line":80,"column":58}},"34":{"start":{"line":81,"column":4},"end":{"line":81,"column":96}},"35":{"start":{"line":81,"column":14},"end":{"line":81,"column":96}},"36":{"start":{"line":82,"column":4},"end":{"line":82,"column":29}},"37":{"start":{"line":83,"column":4},"end":{"line":83,"column":27}},"38":{"start":{"line":84,"column":20},"end":{"line":84,"column":32}},"39":{"start":{"line":87,"column":0},"end":{"line":93,"column":2}}},"fnMap":{"0":{"name":"(anonymous_0)","decl":{"start":{"line":8,"column":18},"end":{"line":8,"column":19}},"loc":{"start":{"line":8,"column":44},"end":{"line":29,"column":1}},"line":8},"1":{"name":"(anonymous_1)","decl":{"start":{"line":31,"column":23},"end":{"line":31,"column":24}},"loc":{"start":{"line":31,"column":49},"end":{"line":42,"column":1}},"line":31},"2":{"name":"(anonymous_2)","decl":{"start":{"line":44,"column":19},"end":{"line":44,"column":20}},"loc":{"start":{"line":44,"column":45},"end":{"line":62,"column":1}},"line":44},"3":{"name":"(anonymous_3)","decl":{"start":{"line":64,"column":18},"end":{"line":64,"column":19}},"loc":{"start":{"line":64,"column":44},"end":{"line":76,"column":1}},"line":64},"4":{"name":"(anonymous_4)","decl":{"start":{"line":78,"column":18},"end":{"line":78,"column":19}},"loc":{"start":{"line":78,"column":44},"end":{"line":85,"column":1}},"line":78}},"branchMap":{"0":{"loc":{"start":{"line":48,"column":4},"end":{"line":53,"column":5}},"type":"if","locations":[{"start":{"line":48,"column":4},"end":{"line":53,"column":5}},{"start":{},"end":{}}],"line":48},"1":{"loc":{"start":{"line":71,"column":4},"end":{"line":71,"column":96}},"type":"if","locations":[{"start":{"line":71,"column":4},"end":{"line":71,"column":96}},{"start":{},"end":{}}],"line":71},"2":{"loc":{"start":{"line":73,"column":4},"end":{"line":73,"column":60}},"type":"if","locations":[{"start":{"line":73,"column":4},"end":{"line":73,"column":60}},{"start":{},"end":{}}],"line":73},"3":{"loc":{"start":{"line":81,"column":4},"end":{"line":81,"column":96}},"type":"if","locations":[{"start":{"line":81,"column":4},"end":{"line":81,"column":96}},{"start":{},"end":{}}],"line":81}},"s":{"0":6,"1":6,"2":6,"3":0,"4":0,"5":0,"6":0,"7":0,"8":0,"9":6,"10":0,"11":0,"12":0,"13":0,"14":6,"15":0,"16":0,"17":0,"18":0,"19":0,"20":0,"21":6,"22":0,"23":0,"24":0,"25":0,"26":0,"27":0,"28":0,"29":0,"30":0,"31":6,"32":0,"33":0,"34":0,"35":0,"36":0,"37":0,"38":0,"39":6},"f":{"0":0,"1":0,"2":0,"3":0,"4":0},"b":{"0":[0,0],"1":[0,0],"2":[0,0],"3":[0,0]},"_coverageSchema":"1a1c01bbd47fc00a2c39e90264f33305004495a9","hash":"21f526c46e5698099d52ef0f88657d48e0ef351b"}
,"/home/deba/Desktop/DISASTER_MANAGEMENT_PLATFORM/Backend/controllers/syncController.js": {"path":"/home/deba/Desktop/DISASTER_MANAGEMENT_PLATFORM/Backend/controllers/syncController.js","statementMap":{"0":{"start":{"line":1,"column":20},"end":{"line":1,"column":54}},"1":{"start":{"line":3,"column":18},"end":{"line":18,"column":1}},"2":{"start":{"line":4,"column":2},"end":{"line":17,"column":3}},"3":{"start":{"line":5,"column":17},"end":{"line":9,"column":5}},"4":{"start":{"line":11,"column":4},"end":{"line":14,"column":7}},"5":{"start":{"line":16,"column":4},"end":{"line":16,"column":16}},"6":{"start":{"line":20,"column":0},"end":{"line":20,"column":31}}},"fnMap":{"0":{"name":"(anonymous_0)","decl":{"start":{"line":3,"column":18},"end":{"line":3,"column":19}},"loc":{"start":{"line":3,"column":44},"end":{"line":18,"column":1}},"line":3}},"branchMap":{},"s":{"0":6,"1":6,"2":0,"3":0,"4":0,"5":0,"6":6},"f":{"0":0},"b":{},"_coverageSchema":"1a1c01bbd47fc00a2c39e90264f33305004495a9","hash":"6c896c8f29b2552160be251ffdb875ffc15b243c"}
[...]
art":{"line":97,"column":31},"end":{"line":101,"column":1}},"15":{"start":{"line":103,"column":27},"end":{"line":137,"column":1}},"16":{"start":{"line":105,"column":4},"end":{"line":107,"column":5}},"17":{"start":{"line":105,"column":86},"end":{"line":105,"column":112}},"18":{"start":{"line":106,"column":6},"end":{"line":106,"column":66}},"19":{"start":{"line":108,"column":4},"end":{"line":108,"column":16}},"20":{"start":{"line":123,"column":4},"end":{"line":125,"column":5}},"21":{"start":{"line":124,"column":6},"end":{"line":124,"column":82}},"22":{"start":{"line":126,"column":34},"end":{"line":126,"column":57}},"23":{"start":{"line":127,"column":4},"end":{"line":130,"column":5}},"24":{"start":{"line":129,"column":6},"end":{"line":129,"column":58}},"25":{"start":{"line":131,"column":4},"end":{"line":131,"column":16}},"26":{"start":{"line":139,"column":0},"end":{"line":147,"column":2}}},"fnMap":{"0":{"name":"(anonymous_0)","decl":{"start":{"line":67,"column":38},"end":{"line":67,"column":39}},"loc":{"start":{"line":67,"column":53},"end":{"line":76,"column":3}},"line":67},"1":{"name":"(anonymous_1)","decl":{"start":{"line":68,"column":34},"end":{"line":68,"column":35}},"loc":{"start":{"line":69,"column":6},"end":{"line":72,"column":77}},"line":69},"2":{"name":"(anonymous_2)","decl":{"start":{"line":104,"column":16},"end":{"line":104,"column":17}},"loc":{"start":{"line":104,"column":27},"end":{"line":109,"column":3}},"line":104},"3":{"name":"(anonymous_3)","decl":{"start":{"line":105,"column":75},"end":{"line":105,"column":76}},"loc":{"start":{"line":105,"column":86},"end":{"line":105,"column":112}},"line":105},"4":{"name":"(anonymous_4)","decl":{"start":{"line":122,"column":49},"end":{"line":122,"column":50}},"loc":{"start":{"line":122,"column":66},"end":{"line":132,"column":3}},"line":122}},"branchMap":{"0":{"loc":{"start":{"line":69,"column":6},"end":{"line":72,"column":77}},"type":"binary-expr","locations":[{"start":{"line":69,"column":6},"end":{"line":69,"column":48}},{"start":{"line":70,"column":6},"end":{"line":70,"column":38}},{"start":{"line":70,"column":42},"end":{"line":70,"column":73}},{"start":{"line":71,"column":6},"end":{"line":71,"column":49}},{"start":{"line":72,"column":6},"end":{"line":72,"column":40}},{"start":{"line":72,"column":44},"end":{"line":72,"column":77}}],"line":69},"1":{"loc":{"start":{"line":74,"column":4},"end":{"line":74,"column":87}},"type":"if","locations":[{"start":{"line":74,"column":4},"end":{"line":74,"column":87}},{"start":{},"end":{}}],"line":74},"2":{"loc":{"start":{"line":105,"column":4},"end":{"line":107,"column":5}},"type":"if","locations":[{"start":{"line":105,"column":4},"end":{"line":107,"column":5}},{"start":{},"end":{}}],"line":105},"3":{"loc":{"start":{"line":105,"column":8},"end":{"line":105,"column":113}},"type":"binary-expr","locations":[{"start":{"line":105,"column":8},"end":{"line":105,"column":14}},{"start":{"line":105,"column":18},"end":{"line":105,"column":113}}],"line":105},"4":{"loc":{"start":{"line":123,"column":4},"end":{"line":125,"column":5}},"type":"if","locations":[{"start":{"line":123,"column":4},"end":{"line":125,"column":5}},{"start":{},"end":{}}],"line":123},"5":{"loc":{"start":{"line":123,"column":8},"end":{"line":123,"column":63}},"type":"binary-expr","locations":[{"start":{"line":123,"column":8},"end":{"line":123,"column":35}},{"start":{"line":123,"column":39},"end":{"line":123,"column":63}}],"line":123},"6":{"loc":{"start":{"line":127,"column":4},"end":{"line":130,"column":5}},"type":"if","locations":[{"start":{"line":127,"column":4},"end":{"line":130,"column":5}},{"start":{},"end":{}}],"line":127},"7":{"loc":{"start":{"line":127,"column":8},"end":{"line":128,"column":69}},"type":"binary-expr","locations":[{"start":{"line":127,"column":8},"end":{"line":127,"column":35}},{"start":{"line":127,"column":39},"end":{"line":127,"column":55}},{"start":{"line":127,"column":59},"end":{"line":127,"column":74}},{"start":{"line":128,"column":8},"end":{"line":128,"column":34}},{"start":{"line":128,"column":38},"end":{"line":128,"column":52}},{"start":{"line":128,"column":56},"end":{"line":128,"column":69}}],"line":127}},"s":{"0":6,"1":6,"2":6,"3":6,"4":6,"5":6,"6":0,"7":0,"8":0,"9":0,"10":0,"11":6,"12":6,"13":6,"14":6,"15":6,"16":0,"17":0,"18":0,"19":0,"20":0,"21":0,"22":0,"23":0,"24":0,"25":0,"26":6},"f":{"0":0,"1":0,"2":0,"3":0,"4":0},"b":{"0":[0,0,0,0,0,0],"1":[0,0],"2":[0,0],"3":[0,0],"4":[0,0],"5":[0,0],"6":[0,0],"7":[0,0,0,0,0,0]},"_coverageSchema":"1a1c01bbd47fc00a2c39e90264f33305004495a9","hash":"99aaf8f9a8057d57cafd7d23f70d14d438305506"}
,"/home/deba/Desktop/DISASTER_MANAGEMENT_PLATFORM/Backend/validators/familyValidator.js": {"path":"/home/deba/Desktop/DISASTER_MANAGEMENT_PLATFORM/Backend/validators/familyValidator.js","statementMap":{"0":{"start":{"line":1,"column":29},"end":{"line":41,"column":1}},"1":{"start":{"line":7,"column":8},"end":{"line":7,"column":16}},"2":{"start":{"line":9,"column":4},"end":{"line":14,"column":5}},"3":{"start":{"line":10,"column":8},"end":{"line":13,"column":11}},"4":{"start":{"line":16,"column":4},"end":{"line":21,"column":5}},"5":{"start":{"line":17,"column":8},"end":{"line":20,"column":11}},"6":{"start":{"line":23,"column":4},"end":{"line":28,"column":5}},"7":{"start":{"line":24,"column":8},"end":{"line":27,"column":11}},"8":{"start":{"line":30,"column":4},"end":{"line":38,"column":5}},"9":{"start":{"line":34,"column":8},"end":{"line":37,"column":11}},"10":{"start":{"line":40,"column":4},"end":{"line":40,"column":11}},"11":{"start":{"line":43,"column":23},"end":{"line":72,"column":1}},"12":{"start":{"line":44,"column":24},"end":{"line":44,"column":32}},"13":{"start":{"line":46,"column":4},"end":{"line":51,"column":5}},"14":{"start":{"line":47,"column":8},"end":{"line":50,"column":11}},"15":{"start":{"line":53,"column":4},"end":{"line":69,"column":5}},"16":{"start":{"line":54,"column":8},"end":{"line":60,"column":9}},"17":{"start":{"line":55,"column":12},"end":{"line":59,"column":15}},"18":{"start":{"line":62,"column":8},"end":{"line":68,"column":9}},"19":{"start":{"line":63,"column":12},"end":{"line":67,"column":15}},"20":{"start":{"line":71,"column":4},"end":{"line":71,"column":11}},"21":{"start":{"line":74,"column":29},"end":{"line":85,"column":1}},"22":{"start":{"line":75,"column":23},"end":{"line":75,"column":31}},"23":{"start":{"line":77,"column":4},"end":{"line":82,"column":5}},"24":{"start":{"line":78,"column":8},"end":{"line":81,"column":11}},"25":{"start":{"line":84,"column":4},"end":{"line":84,"column":11}},"26":{"start":{"line":87,"column":0},"end":{"line":91,"column":2}}},"fnMap":{"0":{"name":"(anonymous_0)","decl":{"start":{"line":1,"column":29},"end":{"line":1,"column":30}},"loc":{"start":{"line":1,"column":49},"end":{"line":41,"column":1}},"line":1},"1":{"name":"(anonymous_1)","decl":{"start":{"line":43,"column":23},"end":{"line":43,"column":24}},"loc":{"start":{"line":43,"column":43},"end":{"line":72,"column":1}},"line":43},"2":{"name":"(anonymous_2)","decl":{"start":{"line":74,"column":29},"end":{"line":74,"column":30}},"loc":{"start":{"line":74,"column":49},"end":{"line":85,"column":1}},"line":74}},"branchMap":{"0":{"loc":{"start":{"line":9,"column":4},"end":{"line":14,"column":5}},"type":"if","locations":[{"start":{"line":9,"column":4},"end":{"line":14,"column":5}},{"start":{},"end":{}}],"line":9},"1":{"loc":{"start":{"line":9,"column":8},"end":{"line":9,"column":29}},"type":"binary-expr","locations":[{"start":{"line":9,"column":8},"end":{"line":9,"column":13}},{"start":{"line":9,"column":17},"end":{"line":9,"column":29}}],"line":9},"2":{"loc":{"start":{"line":16,"column":4},"end":{"line":21,"column":5}},"type":"if","locations":[{"start":{"line":16,"column":4},"end":{"line":21,"column":5}},{"start":{},"end":{}}],"line":16},"3":{"loc":{"start":{"line":16,"column":8},"end":{"line":16,"column":37}},"type":"binary-expr","locations":[{"start":{"line":16,"column":8},"end":{"line":16,"column":17}},{"start":{"line":16,"column":21},"end":{"line":16,"column":37}}],"line":16},"4":{"loc":{"start":{"line":23,"column":4},"end":{"line":28,"column":5}},"type":"if","locations":[{"start":{"line":23,"column":4},"end":{"line":28,"column":5}},{"start":{},"end":{}}],"line":23},"5":{"loc":{"start":{"line":23,"column":8},"end":{"line":23,"column":52}},"type":"binary-expr","locations":[{"start":{"line":23,"column":8},"end":{"line":23,"column":13}},{"start":{"line":23,"column":17},"end":{"line":23,"column":52}}],"line":23},"6":{"loc":{"start":{"line":30,"column":4},"end":{"line":38,"column":5}},"type":"if","locations":[{"start":{"line":30,"column":4},"end":{"line":38,"column":5}},{"start":{},"end":{}}],"line":30},"7":{"loc":{"start":{"line":31,"column":8},"end":{"line":32,"column":49}},"type":"binary-expr","locations":[{"start":{"line":31,"column":8},"end":{"line":31,"column":13}},{"start":{"line":32,"column":8},"end":{"line":32,"column":49}}],"line":31},"8":{"loc":{"start":{"line":46,"column":4},"end":{"line":51,"column":5}},"type":"if","locations":[{"start":{"line":46,"column":4},"end":{"line":51,"column":5}},{"start":{},"end":{}}],"line":46},"9":{"loc":{"start":{"line":54,"column":8},"end":{"line":60,"column":9}},"type":"if","locations":[{"start":{"line":54,"column":8},"end":{"line":60,"column":9}},{"start":{},"end":{}}],"line":54},"10":{"loc":{"start":{"line":54,"column":12},"end":{"line":54,"column":47}},"type":"binary-expr","locations":[{"start":{"line":54,"column":12},"end":{"line":54,"column":24}},{"start":{"line":54,"column":28},"end":{"line":54,"column":47}}],"line":54},"11":{"loc":{"start":{"line":62,"column":8},"end":{"line":68,"column":9}},"type":"if","locations":[{"start":{"line":62,"column":8},"end":{"line":68,"column":9}},{"start":{},"end":{}}],"line":62},"12":{"loc":{"start":{"line":62,"column":12},"end":{"line":62,"column":55}},"type":"binary-expr","locations":[{"start":{"line":62,"column":12},"end":{"line":62,"column":28}},{"start":{"line":62,"column":32},"end":{"line":62,"column":55}}],"line":62},"13":{"loc":{"start":{"line":77,"column":4},"end":{"line":82,"column":5}},"type":"if","locations":[{"start":{"line":77,"column":4},"end":{"line":82,"column":5}},{"start":{},"end":{}}],"line":77}},"s":{"0":0,"1":0,"2":0,"3":0,"4":0,"5":0,"6":0,"7":0,"8":0,"9":0,"10":0,"11":0,"12":0,"13":0,"14":0,"15":0,"16":0,"17":0,"18":0,"19":0,"20":0,"21":0,"22":0,"23":0,"24":0,"25":0,"26":0},"f":{"0":0,"1":0,"2":0},"b":{"0":[0,0],"1":[0,0],"2":[0,0],"3":[0,0],"4":[0,0],"5":[0,0],"6":[0,0],"7":[0,0],"8":[0,0],"9":[0,0],"10":[0,0],"11":[0,0],"12":[0,0],"13":[0,0]}}
,"/home/deba/Desktop/DISASTER_MANAGEMENT_PLATFORM/Backend/validators/notificationValidator.js": {"path":"/home/deba/Desktop/DISASTER_MANAGEMENT_PLATFORM/Backend/validators/notificationValidator.js","statementMap":{"0":{"start":{"line":1,"column":17},"end":{"line":1,"column":45}},"1":{"start":{"line":3,"column":36},"end":{"line":35,"column":1}},"2":{"start":{"line":37,"column":0},"end":{"line":39,"column":2}}},"fnMap":{},"branchMap":{},"s":{"0":6,"1":6,"2":6},"f":{},"b":{},"_coverageSchema":"1a1c01bbd47fc00a2c39e90264f33305004495a9","hash":"afbcc70b1ca40ddd904c37baefb06676c8e41be4"}
,"/home/deba/Desktop/DISASTER_MANAGEMENT_PLATFORM/Backend/validators/predictionValidator.js": {"path":"/home/deba/Desktop/DISASTER_MANAGEMENT_PLATFORM/Backend/validators/predictionValidator.js","statementMap":{"0":{"start":{"line":1,"column":24},"end":{"line":1,"column":52}},"1":{"start":{"line":3,"column":28},"end":{"line":20,"column":1}},"2":{"start":{"line":22,"column":33},"end":{"line":39,"column":1}},"3":{"start":{"line":41,"column":0},"end":{"line":44,"column":2}}},"fnMap":{},"branchMap":{},"s":{"0":6,"1":6,"2":6,"3":6},"f":{},"b":{},"_coverageSchema":"1a1c01bbd47fc00a2c39e90264f33305004495a9","hash":"b0298ddc89a758eeeb40fbd7914d837647758669"}
,"/home/deba/Desktop/DISASTER_MANAGEMENT_PLATFORM/Backend/validators/resourceValidator.js": {"path":"/home/deba/Desktop/DISASTER_MANAGEMENT_PLATFORM/Backend/validators/resourceValidator.js","statementMap":{"0":{"start":{"line":1,"column":17},"end":{"line":1,"column":45}},"1":{"start":{"line":3,"column":32},"end":{"line":25,"column":1}},"2":{"start":{"line":27,"column":0},"end":{"line":29,"column":2}}},"fnMap":{},"branchMap":{},"s":{"0":6,"1":6,"2":6},"f":{},"b":{},"_coverageSchema":"1a1c01bbd47fc00a2c39e90264f33305004495a9","hash":"011d48a31956f945470d980d4bb2174a7a721491"}
,"/home/deba/Desktop/DISASTER_MANAGEMENT_PLATFORM/Backend/validators/satelliteValidator.js": {"path":"/home/deba/Desktop/DISASTER_MANAGEMENT_PLATFORM/Backend/validators/satelliteValidator.js","statementMap":{"0":{"start":{"line":1,"column":24},"end":{"line":1,"column":52}},"1":{"start":{"line":3,"column":18},"end":{"line":11,"column":1}},"2":{"start":{"line":13,"column":27},"end":{"line":18,"column":1}},"3":{"start":{"line":20,"column":33},"end":{"line":49,"column":1}},"4":{"start":{"line":38,"column":34},"end":{"line":38,"column":57}},"5":{"start":{"line":39,"column":4},"end":{"line":42,"column":5}},"6":{"start":{"line":41,"column":6},"end":{"line":41,"column":58}},"7":{"start":{"line":43,"column":4},"end":{"line":43,"column":16}},"8":{"start":{"line":51,"column":29},"end":{"line":55,"column":1}},"9":{"start":{"line":57,"column":34},"end":{"line":61,"column":1}},"10":{"start":{"line":63,"column":0},"end":{"line":67,"column":2}}},"fnMap":{"0":{"name":"(anonymous_0)","decl":{"start":{"line":37,"column":38},"end":{"line":37,"column":39}},"loc":{"start":{"line":37,"column":55},"end":{"line":44,"column":3}},"line":37}},"branchMap":{"0":{"loc":{"start":{"line":39,"column":4},"end":{"line":42,"column":5}},"type":"if","locations":[{"start":{"line":39,"column":4},"end":{"line":42,"column":5}},{"start":{},"end":{}}],"line":39},"1":{"loc":{"start":{"line":39,"column":8},"end":{"line":40,"column":69}},"type":"binary-expr","locations":[{"start":{"line":39,"column":8},"end":{"line":39,"column":35}},{"start":{"line":39,"column":39},"end":{"line":39,"column":55}},{"start":{"line":39,"column":59},"end":{"line":39,"column":74}},{"start":{"line":40,"column":8},"end":{"line":40,"column":34}},{"start":{"line":40,"column":38},"end":{"line":40,"column":52}},{"start":{"line":40,"column":56},"end":{"line":40,"column":69}}],"line":39}},"s":{"0":6,"1":6,"2":6,"3":6,"4":0,"5":0,"6":0,"7":0,"8":6,"9":6,"10":6},"f":{"0":0},"b":{"0":[0,0],"1":[0,0,0,0,0,0]},"_coverageSchema":"1a1c01bbd47fc00a2c39e90264f33305004495a9","hash":"f5847f0985caf796b3340bd2080a77b9205edad5"}
,"/home/deba/Desktop/DISASTER_MANAGEMENT_PLATFORM/Backend/validators/shelterValidator.js": {"path":"/home/deba/Desktop/DISASTER_MANAGEMENT_PLATFORM/Backend/validators/shelterValidator.js","statementMap":{"0":{"start":{"line":1,"column":17},"end":{"line":1,"column":45}},"1":{"start":{"line":3,"column":31},"end":{"line":25,"column":1}},"2":{"start":{"line":27,"column":0},"end":{"line":29,"column":2}}},"fnMap":{},"branchMap":{},"s":{"0":6,"1":6,"2":6},"f":{},"b":{},"_coverageSchema":"1a1c01bbd47fc00a2c39e90264f33305004495a9","hash":"67ee61df46c438a2005fd19b24ee4ef53dd2fb2c"}
,"/home/deba/Desktop/DISASTER_MANAGEMENT_PLATFORM/Backend/validators/sosValidator.js": {"path":"/home/deba/Desktop/DISASTER_MANAGEMENT_PLATFORM/Backend/validators/sosValidator.js","statementMap":{"0":{"start":{"line":1,"column":17},"end":{"line":1,"column":45}},"1":{"start":{"line":3,"column":27},"end":{"line":27,"column":1}},"2":{"start":{"line":29,"column":0},"end":{"line":31,"column":2}}},"fnMap":{},"branchMap":{},"s":{"0":6,"1":6,"2":6},"f":{},"b":{},"_coverageSchema":"1a1c01bbd47fc00a2c39e90264f33305004495a9","hash":"99701b3e9264af2597484fab8f67185f533117ea"}
,"/home/deba/Desktop/DISASTER_MANAGEMENT_PLATFORM/Backend/validators/syncValidator.js": {"path":"/home/deba/Desktop/DISASTER_MANAGEMENT_PLATFORM/Backend/validators/syncValidator.js","statementMap":{"0":{"start":{"line":1,"column":17},"end":{"line":1,"column":45}},"1":{"start":{"line":3,"column":22},"end":{"line":51,"column":1}},"2":{"start":{"line":32,"column":4},"end":{"line":48,"column":5}},"3":{"start":{"line":33,"column":22},"end":{"line":33,"column":45}},"4":{"start":{"line":34,"column":6},"end":{"line":37,"column":7}},"5":{"start":{"line":36,"column":8},"end":{"line":36,"column":65}},"6":{"start":{"line":38,"column":6},"end":{"line":40,"column":7}},"7":{"start":{"line":39,"column":8},"end":{"line":39,"column":73}},"8":{"start":{"line":41,"column":6},"end":{"line":43,"column":7}},"9":{"start":{"line":42,"column":8},"end":{"line":42,"column":65}},"10":{"start":{"line":44,"column":6},"end":{"line":47,"column":7}},"11":{"start":{"line":46,"column":8},"end":{"line":46,"column":66}},"12":{"start":{"line":49,"column":4},"end":{"line":49,"column":16}},"13":{"start":{"line":53,"column":0},"end":{"line":53,"column":35}}},"fnMap":{"0":{"name":"(anonymous_0)","decl":{"start":{"line":31,"column":28},"end":{"line":31,"column":29}},"loc":{"start":{"line":31,"column":44},"end":{"line":50,"column":3}},"line":31}},"branchMap":{"0":{"loc":{"start":{"line":33,"column":22},"end":{"line":33,"column":45}},"type":"binary-expr","locations":[{"start":{"line":33,"column":22},"end":{"line":33,"column":39}},{"start":{"line":33,"column":43},"end":{"line":33,"column":45}}],"line":33},"1":{"loc":{"start":{"line":34,"column":6},"end":{"line":37,"column":7}},"type":"if","locations":[{"start":{"line":34,"column":6},"end":{"line":37,"column":7}},{"start":{},"end":{}}],"line":34},"2":{"loc":{"start":{"line":34,"column":10},"end":{"line":35,"column":46}},"type":"binary-expr","locations":[{"start":{"line":34,"column":10},"end":{"line":34,"column":88}},{"start":{"line":35,"column":10},"end":{"line":35,"column":46}}],"line":34},"3":{"loc":{"start":{"line":38,"column":6},"end":{"line":40,"column":7}},"type":"if","locations":[{"start":{"line":38,"column":6},"end":{"line":40,"column":7}},{"start":{},"end":{}}],"line":38},"4":{"loc":{"start":{"line":38,"column":10},"end":{"line":38,"column":85}},"type":"binary-expr","locations":[{"start":{"line":38,"column":10},"end":{"line":38,"column":46}},{"start":{"line":38,"column":50},"end":{"line":38,"column":85}}],"line":38},"5":{"loc":{"start":{"line":41,"column":6},"end":{"line":43,"column":7}},"type":"if","locations":[{"start":{"line":41,"column":6},"end":{"line":43,"column":7}},{"start":{},"end":{}}],"line":41},"6":{"loc":{"start":{"line":41,"column":10},"end":{"line":41,"column":83}},"type":"binary-expr","locations":[{"start":{"line":41,"column":10},"end":{"line":41,"column":43}},{"start":{"line":41,"column":48},"end":{"line":41,"column":61}},{"start":{"line":41,"column":65},"end":{"line":41,"column":82}}],"line":41},"7":{"loc":{"start":{"line":44,"column":6},"end":{"line":47,"column":7}},"type":"if","locations":[{"start":{"line":44,"column":6},"end":{"line":47,"column":7}},{"start":{},"end":{}}],"line":44},"8":{"loc":{"start":{"line":44,"column":10},"end":{"line":45,"column":65}},"type":"binary-expr","locations":[{"start":{"line":44,"column":10},"end":{"line":44,"column":46}},{"start":{"line":45,"column":11},"end":{"line":45,"column":26}},{"start":{"line":45,"column":30},"end":{"line":45,"column":64}}],"line":44}},"s":{"0":6,"1":6,"2":0,"3":0,"4":0,"5":0,"6":0,"7":0,"8":0,"9":0,"10":0,"11":0,"12":0,"13":6},"f":{"0":0},"b":{"0":[0,0],"1":[0,0],"2":[0,0],"3":[0,0],"4":[0,0],"5":[0,0],"6":[0,0,0],"7":[0,0],"8":[0,0,0]},"_coverageSchema":"1a1c01bbd47fc00a2c39e90264f33305004495a9","hash":"651bd610b95d537824a697b8714123d8e0f4a661"}
,"/home/deba/Desktop/DISASTER_MANAGEMENT_PLATFORM/Backend/validators/volunteerValidator.js": {"path":"/home/deba/Desktop/DISASTER_MANAGEMENT_PLATFORM/Backend/validators/volunteerValidator.js","statementMap":{"0":{"start":{"line":1,"column":17},"end":{"line":1,"column":45}},"1":{"start":{"line":3,"column":33},"end":{"line":17,"column":1}},"2":{"start":{"line":19,"column":0},"end":{"line":21,"column":2}}},"fnMap":{},"branchMap":{},"s":{"0":6,"1":6,"2":6},"f":{},"b":{},"_coverageSchema":"1a1c01bbd47fc00a2c39e90264f33305004495a9","hash":"8856ef21de365da98e09f18c0d9003e142d0366f"}
}
