TN:
SF:controllers/alertController.js
FN:3,(anonymous_0)
FN:17,(anonymous_1)
FN:30,(anonymous_2)
FN:50,(anonymous_3)
FN:70,(anonymous_4)
FNF:5
FNH:0
FNDA:0,(anonymous_0)
FNDA:0,(anonymous_1)
FNDA:0,(anonymous_2)
FNDA:0,(anonymous_3)
FNDA:0,(anonymous_4)
DA:1,6
DA:3,6
DA:4,0
DA:5,0
DA:7,0
DA:13,0
DA:17,6
DA:18,0
DA:19,0
DA:21,0
DA:26,0
DA:30,6
DA:31,0
DA:32,0
DA:34,0
DA:35,0
DA:41,0
DA:46,0
DA:50,6
DA:51,0
DA:52,0
DA:54,0
DA:55,0
DA:61,0
DA:66,0
DA:70,6
DA:71,0
DA:72,0
DA:74,0
DA:75,0
DA:81,0
DA:87,0
DA:91,6
LF:33
LH:7
BRDA:34,0,0,0
BRDA:34,0,1,0
BRDA:54,1,0,0
BRDA:54,1,1,0
BRDA:74,2,0,0
BRDA:74,2,1,0
BRF:6
BRH:0
end_of_record
TN:
SF:controllers/analyticsController.js
FN:3,(anonymous_0)
FN:18,(anonymous_1)
FNF:2
FNH:0
FNDA:0,(anonymous_0)
FNDA:0,(anonymous_1)
DA:1,6
DA:3,6
DA:4,0
DA:6,0
DA:8,0
DA:14,0
DA:18,6
DA:19,0
DA:21,0
DA:23,0
DA:28,0
DA:32,6
LF:12
LH:4
BRF:0
BRH:0
end_of_record
TN:
SF:controllers/authController.js
FN:4,(anonymous_0)
FN:10,(anonymous_1)
FN:24,(anonymous_2)
FN:40,(anonymous_3)
FN:56,(anonymous_4)
FN:69,(anonymous_5)
FN:76,(anonymous_6)
FNF:7
FNH:1
FNDA:0,(anonymous_0)
FNDA:0,(anonymous_1)
FNDA:1,(anonymous_2)
FNDA:0,(anonymous_3)
FNDA:0,(anonymous_4)
FNDA:0,(anonymous_5)
FNDA:0,(anonymous_6)
DA:1,6
DA:4,6
DA:5,0
DA:10,6
DA:11,0
DA:12,0
DA:14,0
DA:20,0
DA:24,6
DA:25,1
DA:26,1
DA:28,1
DA:30,1
DA:36,0
DA:40,6
DA:41,0
DA:42,0
DA:46,0
DA:52,0
DA:56,6
DA:57,0
DA:58,0
DA:60,0
DA:65,0
DA:69,6
DA:70,0
DA:76,6
DA:77,0
DA:78,0
DA:84,0
DA:89,0
DA:93,6
LF:32
LH:13
BRF:0
BRH:0
end_of_record
TN:
SF:controllers/chatController.js
FN:3,(anonymous_0)
FNF:1
FNH:0
FNDA:0,(anonymous_0)
DA:1,6
DA:3,6
DA:4,0
DA:5,0
DA:7,0
DA:8,0
DA:14,0
DA:15,0
DA:21,0
DA:23,0
DA:28,0
DA:32,6
LF:12
LH:3
BRDA:7,0,0,0
BRDA:7,0,1,0
BRDA:7,1,0,0
BRDA:7,1,1,0
BRDA:14,2,0,0
BRDA:14,2,1,0
BRF:6
BRH:0
end_of_record
TN:
SF:controllers/damageAssessmentController.js
FN:8,(anonymous_0)
FN:29,(anonymous_1)
FN:61,(anonymous_2)
FN:67,(anonymous_3)
FN:83,(anonymous_4)
FN:98,(anonymous_5)
FN:131,(anonymous_6)
FNF:7
FNH:0
FNDA:0,(anonymous_0)
FNDA:0,(anonymous_1)
FNDA:0,(anonymous_2)
FNDA:0,(anonymous_3)
FNDA:0,(anonymous_4)
FNDA:0,(anonymous_5)
FNDA:0,(anonymous_6)
DA:1,6
DA:6,6
DA:8,6
DA:9,0
DA:11,0
DA:12,0
DA:17,0
DA:18,0
DA:19,0
DA:20,0
DA:21,0
DA:24,0
DA:26,0
DA:28,0
DA:29,0
DA:31,0
DA:35,0
DA:39,0
DA:40,0
DA:44,0
DA:45,0
DA:46,0
DA:50,0
DA:54,0
DA:60,0
DA:61,0
DA:63,0
DA:67,6
DA:68,0
DA:69,0
DA:74,0
DA:79,0
DA:83,6
DA:84,0
DA:85,0
DA:89,0
DA:94,0
DA:98,6
DA:99,0
DA:100,0
DA:106,0
DA:107,0
DA:113,0
DA:114,0
DA:115,0
DA:116,0
DA:122,0
DA:127,0
DA:131,6
DA:132,0
DA:133,0
DA:136,0
DA:154,0
DA:155,0
DA:161,0
DA:167,0
DA:171,6
LF:57
LH:8
BRDA:17,0,0,0
BRDA:17,0,1,0
BRDA:17,1,0,0
BRDA:17,1,1,0
BRDA:35,2,0,0
BRDA:35,2,1,0
BRDA:36,3,0,0
BRDA:36,3,1,0
BRDA:106,4,0,0
BRDA:106,4,1,0
BRDA:115,5,0,0
BRDA:115,5,1,0
BRDA:115,6,0,0
BRDA:115,6,1,0
BRDA:141,7,0,0
BRDA:141,7,1,0
BRDA:154,8,0,0
BRDA:154,8,1,0
BRF:18
BRH:0
end_of_record
TN:
SF:controllers/dashboardController.js
FN:3,(anonymous_0)
FNF:1
FNH:0
FNDA:0,(anonymous_0)
DA:1,6
DA:3,6
DA:4,0
DA:5,0
DA:6,0
DA:8,0
DA:12,6
LF:7
LH:3
BRF:0
BRH:0
end_of_record
TN:
SF:controllers/dashboardFeatureController.js
FN:4,(anonymous_0)
FN:17,(anonymous_1)
FN:26,(anonymous_2)
FNF:3
FNH:0
FNDA:0,(anonymous_0)
FNDA:0,(anonymous_1)
FNDA:0,(anonymous_2)
DA:1,6
DA:2,6
DA:4,6
DA:5,0
DA:6,0
DA:11,0
DA:13,0
DA:17,6
DA:18,0
DA:19,0
DA:20,0
DA:22,0
DA:26,6
DA:27,0
DA:28,0
DA:33,0
DA:34,0
DA:37,0
DA:38,0
DA:40,0
DA:44,6
LF:21
LH:6
BRDA:33,0,0,0
BRDA:33,0,1,0
BRF:2
BRH:0
end_of_record
TN:
SF:controllers/disasterController.js
FN:3,(anonymous_0)
FN:17,(anonymous_1)
FN:30,(anonymous_2)
FN:50,(anonymous_3)
FN:68,(anonymous_4)
FNF:5
FNH:0
FNDA:0,(anonymous_0)
FNDA:0,(anonymous_1)
FNDA:0,(anonymous_2)
FNDA:0,(anonymous_3)
FNDA:0,(anonymous_4)
DA:1,6
DA:3,6
DA:4,0
DA:5,0
DA:7,0
DA:13,0
DA:17,6
DA:18,0
DA:19,0
DA:21,0
DA:26,0
DA:30,6
DA:31,0
DA:32,0
DA:34,0
DA:35,0
DA:41,0
DA:46,0
DA:50,6
DA:51,0
DA:52,0
DA:58,0
DA:59,0
DA:62,0
DA:64,0
DA:68,6
DA:69,0
DA:70,0
DA:72,0
DA:73,0
DA:76,0
DA:78,0
DA:82,6
LF:33
LH:7
BRDA:34,0,0,0
BRDA:34,0,1,0
BRDA:58,1,0,0
BRDA:58,1,1,0
BRDA:72,2,0,0
BRDA:72,2,1,0
BRF:6
BRH:0
end_of_record
TN:
SF:controllers/droneController.js
FN:3,(anonymous_0)
FN:17,(anonymous_1)
FN:34,(anonymous_2)
FN:47,(anonymous_3)
FN:60,(anonymous_4)
FN:68,(anonymous_5)
FN:76,(anonymous_6)
FN:84,(anonymous_7)
FN:92,(anonymous_8)
FN:100,(anonymous_9)
FN:108,(anonymous_10)
FNF:11
FNH:0
FNDA:0,(anonymous_0)
FNDA:0,(anonymous_1)
FNDA:0,(anonymous_2)
FNDA:0,(anonymous_3)
FNDA:0,(anonymous_4)
FNDA:0,(anonymous_5)
FNDA:0,(anonymous_6)
FNDA:0,(anonymous_7)
FNDA:0,(anonymous_8)
FNDA:0,(anonymous_9)
FNDA:0,(anonymous_10)
DA:1,6
DA:3,6
DA:4,0
DA:5,0
DA:7,0
DA:13,0
DA:17,6
DA:18,0
DA:19,0
DA:24,0
DA:30,0
DA:34,6
DA:35,0
DA:36,0
DA:38,0
DA:43,0
DA:47,6
DA:48,0
DA:49,0
DA:51,0
DA:56,0
DA:60,6
DA:61,0
DA:62,0
DA:63,0
DA:64,0
DA:65,0
DA:68,6
DA:69,0
DA:70,0
DA:71,0
DA:72,0
DA:73,0
DA:76,6
DA:77,0
DA:78,0
DA:79,0
DA:80,0
DA:81,0
DA:84,6
DA:85,0
DA:86,0
DA:87,0
DA:88,0
DA:89,0
DA:92,6
DA:93,0
DA:94,0
DA:95,0
DA:96,0
DA:97,0
DA:100,6
DA:101,0
DA:102,0
DA:103,0
DA:104,0
DA:105,0
DA:108,6
DA:109,0
DA:110,0
DA:111,0
DA:112,0
DA:113,0
DA:116,6
LF:64
LH:13
BRDA:63,0,0,0
BRDA:63,0,1,0
BRDA:71,1,0,0
BRDA:71,1,1,0
BRDA:79,2,0,0
BRDA:79,2,1,0
BRDA:87,3,0,0
BRDA:87,3,1,0
BRDA:95,4,0,0
BRDA:95,4,1,0
BRDA:103,5,0,0
BRDA:103,5,1,0
BRDA:111,6,0,0
BRDA:111,6,1,0
BRF:14
BRH:0
end_of_record
TN:
SF:controllers/evacuationController.js
FN:1,(anonymous_0)
FNF:1
FNH:0
FNDA:0,(anonymous_0)
DA:1,6
DA:2,0
DA:8,0
DA:10,0
DA:11,0
DA:17,0
DA:18,0
DA:26,0
DA:30,0
DA:75,0
DA:81,0
DA:85,6
LF:12
LH:2
BRDA:6,0,0,0
BRDA:7,1,0,0
BRDA:10,2,0,0
BRDA:10,2,1,0
BRDA:17,3,0,0
BRDA:17,3,1,0
BRDA:17,4,0,0
BRDA:17,4,1,0
BRDA:26,5,0,0
BRDA:26,5,1,0
BRF:10
BRH:0
end_of_record
TN:
SF:controllers/familyController.js
FN:3,(anonymous_0)
FN:28,(anonymous_1)
FN:62,(anonymous_2)
FN:89,(anonymous_3)
FN:126,(anonymous_4)
FN:161,(anonymous_5)
FNF:6
FNH:0
FNDA:0,(anonymous_0)
FNDA:0,(anonymous_1)
FNDA:0,(anonymous_2)
FNDA:0,(anonymous_3)
FNDA:0,(anonymous_4)
FNDA:0,(anonymous_5)
DA:1,6
DA:3,6
DA:4,0
DA:5,0
DA:9,0
DA:10,0
DA:19,0
DA:24,0
DA:28,6
DA:29,0
DA:30,0
DA:32,0
DA:33,0
DA:39,0
DA:52,0
DA:58,0
DA:62,6
DA:63,0
DA:64,0
DA:79,0
DA:85,0
DA:89,6
DA:90,0
DA:91,0
DA:93,0
DA:109,0
DA:110,0
DA:116,0
DA:122,0
DA:126,6
DA:127,0
DA:128,0
DA:130,0
DA:144,0
DA:145,0
DA:151,0
DA:157,0
DA:161,6
DA:162,0
DA:163,0
DA:164,0
DA:166,0
DA:181,0
DA:182,0
DA:188,0
DA:194,0
DA:198,6
LF:47
LH:8
BRDA:9,0,0,0
BRDA:9,0,1,0
BRDA:32,1,0,0
BRDA:32,1,1,0
BRDA:109,2,0,0
BRDA:109,2,1,0
BRDA:144,3,0,0
BRDA:144,3,1,0
BRDA:181,4,0,0
BRDA:181,4,1,0
BRF:10
BRH:0
end_of_record
TN:
SF:controllers/notificationController.js
FN:3,(anonymous_0)
FN:18,(anonymous_1)
FN:44,(anonymous_2)
FNF:3
FNH:0
FNDA:0,(anonymous_0)
FNDA:0,(anonymous_1)
FNDA:0,(anonymous_2)
DA:1,6
DA:3,6
DA:4,0
DA:6,0
DA:8,0
DA:14,0
DA:18,6
DA:19,0
DA:20,0
DA:21,0
DA:23,0
DA:24,0
DA:30,0
DA:33,0
DA:35,0
DA:40,0
DA:44,6
DA:45,0
DA:47,0
DA:53,0
DA:54,0
DA:60,0
DA:66,0
DA:70,6
LF:24
LH:5
BRDA:23,0,0,0
BRDA:23,0,1,0
BRDA:23,1,0,0
BRDA:23,1,1,0
BRDA:23,1,2,0
BRDA:30,2,0,0
BRDA:30,2,1,0
BRDA:53,3,0,0
BRDA:53,3,1,0
BRF:9
BRH:0
end_of_record
TN:
SF:controllers/predictionController.js
FN:4,(anonymous_0)
FN:19,(anonymous_1)
FN:33,(anonymous_2)
FNF:3
FNH:0
FNDA:0,(anonymous_0)
FNDA:0,(anonymous_1)
FNDA:0,(anonymous_2)
DA:1,6
DA:2,6
DA:4,6
DA:5,0
DA:7,0
DA:9,0
DA:15,0
DA:19,6
DA:20,0
DA:22,0
DA:24,0
DA:29,0
DA:33,6
DA:34,0
DA:35,0
DA:42,0
DA:47,0
DA:51,6
LF:18
LH:6
BRF:0
BRH:0
end_of_record
TN:
SF:controllers/rescueIdController.js
FN:4,(anonymous_0)
FN:13,(anonymous_1)
FN:51,(anonymous_2)
FN:73,(anonymous_3)
FN:96,(anonymous_4)
FN:128,(anonymous_5)
FNF:6
FNH:0
FNDA:0,(anonymous_0)
FNDA:0,(anonymous_1)
FNDA:0,(anonymous_2)
FNDA:0,(anonymous_3)
FNDA:0,(anonymous_4)
FNDA:0,(anonymous_5)
DA:1,6
DA:2,6
DA:4,6
DA:5,0
DA:10,0
DA:13,6
DA:14,0
DA:15,0
DA:19,0
DA:20,0
DA:27,0
DA:41,0
DA:47,0
DA:51,6
DA:52,0
DA:53,0
DA:57,0
DA:58,0
DA:64,0
DA:69,0
DA:73,6
DA:74,0
DA:75,0
DA:80,0
DA:81,0
DA:87,0
DA:92,0
DA:96,6
DA:97,0
DA:98,0
DA:111,0
DA:112,0
DA:118,0
DA:124,0
DA:128,6
DA:129,0
DA:130,0
DA:142,0
DA:143,0
DA:149,0
DA:155,0
DA:159,6
LF:42
LH:9
BRDA:19,0,0,0
BRDA:19,0,1,0
BRDA:31,1,0,0
BRDA:31,1,1,0
BRDA:31,1,2,0
BRDA:57,2,0,0
BRDA:57,2,1,0
BRDA:80,3,0,0
BRDA:80,3,1,0
BRDA:111,4,0,0
BRDA:111,4,1,0
BRDA:142,5,0,0
BRDA:142,5,1,0
BRF:13
BRH:0
end_of_record
TN:
SF:controllers/resourceController.js
FN:3,(anonymous_0)
FN:24,(anonymous_1)
FN:37,(anonymous_2)
FN:57,(anonymous_3)
FN:69,(anonymous_4)
FNF:5
FNH:0
FNDA:0,(anonymous_0)
FNDA:0,(anonymous_1)
FNDA:0,(anonymous_2)
FNDA:0,(anonymous_3)
FNDA:0,(anonymous_4)
DA:1,6
DA:3,6
DA:4,0
DA:5,0
DA:6,0
DA:14,0
DA:20,0
DA:24,6
DA:25,0
DA:26,0
DA:28,0
DA:33,0
DA:37,6
DA:38,0
DA:39,0
DA:41,0
DA:42,0
DA:48,0
DA:53,0
DA:57,6
DA:58,0
DA:59,0
DA:64,0
DA:65,0
DA:66,0
DA:69,6
DA:70,0
DA:71,0
DA:72,0
DA:73,0
DA:74,0
DA:77,6
LF:32
LH:7
BRDA:41,0,0,0
BRDA:41,0,1,0
BRDA:64,1,0,0
BRDA:64,1,1,0
BRDA:72,2,0,0
BRDA:72,2,1,0
BRF:6
BRH:0
end_of_record
TN:
SF:controllers/satelliteController.js
FN:3,(anonymous_0)
FN:17,(anonymous_1)
FN:30,(anonymous_2)
FN:38,(anonymous_3)
FNF:4
FNH:0
FNDA:0,(anonymous_0)
FNDA:0,(anonymous_1)
FNDA:0,(anonymous_2)
FNDA:0,(anonymous_3)
DA:1,6
DA:3,6
DA:4,0
DA:5,0
DA:7,0
DA:13,0
DA:17,6
DA:18,0
DA:19,0
DA:21,0
DA:26,0
DA:30,6
DA:31,0
DA:32,0
DA:33,0
DA:34,0
DA:35,0
DA:38,6
DA:39,0
DA:40,0
DA:45,0
DA:46,0
DA:47,0
DA:50,6
LF:24
LH:6
BRDA:33,0,0,0
BRDA:33,0,1,0
BRDA:45,1,0,0
BRDA:45,1,1,0
BRF:4
BRH:0
end_of_record
TN:
SF:controllers/sensorController.js
FN:3,(anonymous_0)
FN:17,(anonymous_1)
FN:31,(anonymous_2)
FNF:3
FNH:0
FNDA:0,(anonymous_0)
FNDA:0,(anonymous_1)
FNDA:0,(anonymous_2)
DA:1,6
DA:3,6
DA:4,0
DA:5,0
DA:7,0
DA:13,0
DA:17,6
DA:18,0
DA:19,0
DA:21,0
DA:27,0
DA:31,6
DA:32,0
DA:34,0
DA:36,0
DA:41,0
DA:45,6
LF:17
LH:5
BRF:0
BRH:0
end_of_record
TN:
SF:controllers/shelterController.js
FN:3,(anonymous_0)
FN:24,(anonymous_1)
FN:37,(anonymous_2)
FN:57,(anonymous_3)
FN:69,(anonymous_4)
FNF:5
FNH:0
FNDA:0,(anonymous_0)
FNDA:0,(anonymous_1)
FNDA:0,(anonymous_2)
FNDA:0,(anonymous_3)
FNDA:0,(anonymous_4)
DA:1,6
DA:3,6
DA:4,0
DA:5,0
DA:6,0
DA:14,0
DA:20,0
DA:24,6
DA:25,0
DA:26,0
DA:28,0
DA:33,0
DA:37,6
DA:38,0
DA:39,0
DA:41,0
DA:42,0
DA:48,0
DA:53,0
DA:57,6
DA:58,0
DA:59,0
DA:64,0
DA:65,0
DA:66,0
DA:69,6
DA:70,0
DA:71,0
DA:72,0
DA:73,0
DA:74,0
DA:77,6
LF:32
LH:7
BRDA:41,0,0,0
BRDA:41,0,1,0
BRDA:64,1,0,0
BRDA:64,1,1,0
BRDA:72,2,0,0
BRDA:72,2,1,0
BRF:6
BRH:0
end_of_record
TN:
SF:controllers/sosController.js
FN:8,(anonymous_0)
FN:31,(anonymous_1)
FN:44,(anonymous_2)
FN:64,(anonymous_3)
FN:78,(anonymous_4)
FNF:5
FNH:0
FNDA:0,(anonymous_0)
FNDA:0,(anonymous_1)
FNDA:0,(anonymous_2)
FNDA:0,(anonymous_3)
FNDA:0,(anonymous_4)
DA:1,6
DA:6,6
DA:8,6
DA:9,0
DA:10,0
DA:11,0
DA:19,0
DA:21,0
DA:27,0
DA:31,6
DA:32,0
DA:33,0
DA:35,0
DA:40,0
DA:44,6
DA:45,0
DA:46,0
DA:48,0
DA:49,0
DA:55,0
DA:60,0
DA:64,6
DA:65,0
DA:66,0
DA:71,0
DA:72,0
DA:73,0
DA:74,0
DA:75,0
DA:78,6
DA:79,0
DA:80,0
DA:81,0
DA:82,0
DA:83,0
DA:84,0
DA:87,6
LF:37
LH:8
BRDA:48,0,0,0
BRDA:48,0,1,0
BRDA:71,1,0,0
BRDA:71,1,1,0
BRDA:73,2,0,0
BRDA:73,2,1,0
BRDA:81,3,0,0
BRDA:81,3,1,0
BRF:8
BRH:0
end_of_record
TN:
SF:controllers/syncController.js
FN:3,(anonymous_0)
FNF:1
FNH:0
FNDA:0,(anonymous_0)
DA:1,6
DA:3,6
DA:4,0
DA:5,0
DA:11,0
DA:16,0
DA:20,6
LF:7
LH:3
BRF:0
BRH:0
end_of_record
TN:
SF:controllers/taskController.js
FN:3,(anonymous_0)
FN:17,(anonymous_1)
FN:30,(anonymous_2)
FN:50,(anonymous_3)
FNF:4
FNH:0
FNDA:0,(anonymous_0)
FNDA:0,(anonymous_1)
FNDA:0,(anonymous_2)
FNDA:0,(anonymous_3)
DA:1,6
DA:3,6
DA:4,0
DA:5,0
DA:7,0
DA:13,0
DA:17,6
DA:18,0
DA:19,0
DA:21,0
DA:26,0
DA:30,6
DA:31,0
DA:32,0
DA:34,0
DA:35,0
DA:41,0
DA:46,0
DA:50,6
DA:51,0
DA:52,0
DA:61,0
DA:62,0
DA:68,0
DA:74,0
DA:78,6
LF:26
LH:6
BRDA:34,0,0,0
BRDA:34,0,1,0
BRDA:61,1,0,0
BRDA:61,1,1,0
BRF:4
BRH:0
end_of_record
TN:
SF:controllers/userController.js
FN:3,(anonymous_0)
FN:16,(anonymous_1)
FN:46,(anonymous_2)
FN:60,(anonymous_3)
FN:73,(anonymous_4)
FN:91,(anonymous_5)
FNF:6
FNH:0
FNDA:0,(anonymous_0)
FNDA:0,(anonymous_1)
FNDA:0,(anonymous_2)
FNDA:0,(anonymous_3)
FNDA:0,(anonymous_4)
FNDA:0,(anonymous_5)
DA:1,6
DA:3,6
DA:4,0
DA:5,0
DA:7,0
DA:12,0
DA:16,6
DA:17,0
DA:18,0
DA:19,0
DA:21,0
DA:22,0
DA:28,0
DA:30,0
DA:31,0
DA:37,0
DA:42,0
DA:46,6
DA:47,0
DA:48,0
DA:49,0
DA:51,0
DA:52,0
DA:58,0
DA:59,0
DA:60,0
DA:63,0
DA:68,0
DA:69,0
DA:70,0
DA:73,6
DA:74,0
DA:75,0
DA:76,0
DA:78,0
DA:79,0
DA:85,0
DA:86,0
DA:87,0
DA:88,0
DA:91,6
DA:92,0
DA:93,0
DA:95,0
DA:96,0
DA:102,0
DA:104,0
DA:105,0
DA:111,0
DA:117,0
DA:118,0
DA:124,0
DA:130,0
DA:134,6
LF:54
LH:7
BRDA:21,0,0,0
BRDA:21,0,1,0
BRDA:21,1,0,0
BRDA:21,1,1,0
BRDA:30,2,0,0
BRDA:30,2,1,0
BRDA:51,3,0,0
BRDA:51,3,1,0
BRDA:51,4,0,0
BRDA:51,4,1,0
BRDA:68,5,0,0
BRDA:68,5,1,0
BRDA:78,6,0,0
BRDA:78,6,1,0
BRDA:78,7,0,0
BRDA:78,7,1,0
BRDA:86,8,0,0
BRDA:86,8,1,0
BRDA:95,9,0,0
BRDA:95,9,1,0
BRDA:102,10,0,0
BRDA:102,10,1,0
BRDA:104,11,0,0
BRDA:104,11,1,0
BRDA:117,12,0,0
BRDA:117,12,1,0
BRF:26
BRH:0
end_of_record
TN:
SF:controllers/volunteerController.js
FN:3,(anonymous_0)
FN:17,(anonymous_1)
FN:30,(anonymous_2)
FN:50,(anonymous_3)
FN:62,(anonymous_4)
FNF:5
FNH:0
FNDA:0,(anonymous_0)
FNDA:0,(anonymous_1)
FNDA:0,(anonymous_2)
FNDA:0,(anonymous_3)
FNDA:0,(anonymous_4)
DA:1,6
DA:3,6
DA:4,0
DA:5,0
DA:7,0
DA:13,0
DA:17,6
DA:18,0
DA:19,0
DA:21,0
DA:26,0
DA:30,6
DA:31,0
DA:32,0
DA:34,0
DA:35,0
DA:41,0
DA:46,0
DA:50,6
DA:51,0
DA:52,0
DA:57,0
DA:58,0
DA:59,0
DA:62,6
DA:63,0
DA:64,0
DA:65,0
DA:66,0
DA:67,0
DA:70,6
LF:31
LH:7
BRDA:34,0,0,0
BRDA:34,0,1,0
BRDA:57,1,0,0
BRDA:57,1,1,0
BRDA:65,2,0,0
BRDA:65,2,1,0
BRF:6
BRH:0
end_of_record
TN:
SF:middleware/adminMiddleware.js
FN:1,(anonymous_0)
FN:24,(anonymous_1)
FN:36,(anonymous_2)
FN:54,(anonymous_3)
FN:55,(anonymous_4)
FNF:5
FNH:1
FNDA:0,(anonymous_0)
FNDA:0,(anonymous_1)
FNDA:0,(anonymous_2)
FNDA:12,(anonymous_3)
FNDA:0,(anonymous_4)
DA:1,6
DA:2,0
DA:3,0
DA:9,0
DA:14,0
DA:15,0
DA:21,0
DA:24,6
DA:25,0
DA:26,0
DA:29,0
DA:30,0
DA:33,0
DA:36,6
DA:37,0
DA:38,0
DA:44,0
DA:45,0
DA:51,0
DA:54,6
DA:55,12
DA:56,0
DA:57,0
DA:63,0
DA:64,0
DA:70,0
DA:74,6
LF:27
LH:6
BRDA:2,0,0,0
BRDA:2,0,1,0
BRDA:14,1,0,0
BRDA:14,1,1,0
BRDA:25,2,0,0
BRDA:25,2,1,0
BRDA:29,3,0,0
BRDA:29,3,1,0
BRDA:37,4,0,0
BRDA:37,4,1,0
BRDA:44,5,0,0
BRDA:44,5,1,0
BRDA:56,6,0,0
BRDA:56,6,1,0
BRDA:63,7,0,0
BRDA:63,7,1,0
BRF:16
BRH:0
end_of_record
TN:
SF:middleware/authMiddleware.js
FN:6,(anonymous_0)
FN:107,(anonymous_1)
FNF:2
FNH:1
FNDA:2,(anonymous_0)
FNDA:0,(anonymous_1)
DA:1,6
DA:2,6
DA:3,6
DA:4,6
DA:6,6
DA:7,2
DA:8,2
DA:10,2
DA:14,1
DA:20,1
DA:26,1
DA:28,1
DA:29,0
DA:35,1
DA:37,1
DA:38,0
DA:44,1
DA:48,1
DA:49,0
DA:55,1
DA:56,0
DA:62,1
DA:66,0
DA:72,1
DA:73,1
DA:75,1
DA:77,0
DA:78,0
DA:84,0
DA:90,0
DA:91,0
DA:97,0
DA:103,0
DA:107,6
DA:108,0
DA:109,0
DA:111,0
DA:115,0
DA:118,0
DA:120,0
DA:121,0
DA:124,0
DA:126,0
DA:127,0
DA:130,0
DA:134,0
DA:135,0
DA:136,0
DA:139,0
DA:141,0
DA:145,6
LF:51
LH:23
BRDA:10,0,0,1
BRDA:10,0,1,1
BRDA:11,1,0,2
BRDA:11,1,1,1
BRDA:17,2,0,1
BRDA:17,2,1,0
BRDA:17,2,2,0
BRDA:18,3,0,1
BRDA:18,3,1,0
BRDA:28,4,0,0
BRDA:28,4,1,1
BRDA:37,5,0,0
BRDA:37,5,1,1
BRDA:37,6,0,1
BRDA:37,6,1,1
BRDA:48,7,0,0
BRDA:48,7,1,1
BRDA:55,8,0,0
BRDA:55,8,1,1
BRDA:55,9,0,1
BRDA:55,9,1,1
BRDA:55,10,0,1
BRDA:55,10,1,1
BRDA:62,11,0,0
BRDA:62,11,1,1
BRDA:63,12,0,1
BRDA:63,12,1,1
BRDA:77,13,0,0
BRDA:77,13,1,0
BRDA:81,14,0,0
BRDA:81,14,1,0
BRDA:81,14,2,0
BRDA:82,15,0,0
BRDA:82,15,1,0
BRDA:90,16,0,0
BRDA:90,16,1,0
BRDA:94,17,0,0
BRDA:94,17,1,0
BRDA:94,17,2,0
BRDA:95,18,0,0
BRDA:95,18,1,0
BRDA:111,19,0,0
BRDA:111,19,1,0
BRDA:112,20,0,0
BRDA:112,20,1,0
BRDA:120,21,0,0
BRDA:120,21,1,0
BRDA:126,22,0,0
BRDA:126,22,1,0
BRDA:126,23,0,0
BRDA:126,23,1,0
BRDA:134,24,0,0
BRDA:134,24,1,0
BRDA:134,25,0,0
BRDA:134,25,1,0
BRDA:134,26,0,0
BRDA:134,26,1,0
BRDA:134,27,0,0
BRDA:134,27,1,0
BRF:59
BRH:19
end_of_record
TN:
SF:middleware/errorHandler.js
FN:9,(anonymous_0)
FNF:1
FNH:0
FNDA:0,(anonymous_0)
DA:3,0
DA:9,0
DA:17,0
DA:27,0
DA:34,0
DA:55,0
DA:59,0
DA:80,0
DA:96,0
LF:9
LH:0
BRDA:17,0,0,0
BRDA:17,0,1,0
BRDA:17,1,0,0
BRDA:17,1,1,0
BRDA:20,2,0,0
BRDA:20,2,1,0
BRDA:20,3,0,0
BRDA:20,3,1,0
BRDA:27,4,0,0
BRDA:27,4,1,0
BRDA:40,5,0,0
BRDA:40,5,1,0
BRDA:44,6,0,0
BRDA:44,6,1,0
BRDA:44,6,2,0
BRDA:47,7,0,0
BRDA:47,7,1,0
BRDA:55,8,0,0
BRDA:55,8,1,0
BRDA:66,9,0,0
BRDA:66,9,1,0
BRDA:70,10,0,0
BRDA:70,10,1,0
BRDA:85,11,0,0
BRDA:85,11,1,0
BRDA:88,12,0,0
BRDA:88,12,1,0
BRF:27
BRH:0
end_of_record
TN:
SF:middleware/errorMiddleware.js
FN:1,(anonymous_0)
FN:27,(anonymous_1)
FN:86,(anonymous_2)
FN:96,(anonymous_3)
FN:97,(anonymous_4)
FNF:5
FNH:0
FNDA:0,(anonymous_0)
FNDA:0,(anonymous_1)
FNDA:0,(anonymous_2)
FNDA:0,(anonymous_3)
FNDA:0,(anonymous_4)
DA:1,6
DA:7,0
DA:10,0
DA:15,0
DA:18,0
DA:19,0
DA:22,0
DA:23,0
DA:25,0
DA:27,0
DA:32,0
DA:39,0
DA:40,0
DA:41,0
DA:44,0
DA:45,0
DA:47,0
DA:51,0
DA:56,0
DA:57,0
DA:58,0
DA:61,0
DA:62,0
DA:63,0
DA:66,0
DA:67,0
DA:70,0
DA:71,0
DA:74,0
DA:79,0
DA:80,0
DA:83,0
DA:86,6
DA:90,0
DA:96,6
DA:97,0
DA:98,0
DA:104,6
LF:38
LH:4
BRDA:10,0,0,0
BRDA:10,0,1,0
BRDA:10,0,2,0
BRDA:15,1,0,0
BRDA:15,1,1,0
BRDA:18,2,0,0
BRDA:18,2,1,0
BRDA:22,3,0,0
BRDA:22,3,1,0
BRDA:39,4,0,0
BRDA:39,4,1,0
BRDA:44,5,0,0
BRDA:44,5,1,0
BRDA:48,6,0,0
BRDA:48,6,1,0
BRDA:56,7,0,0
BRDA:56,7,1,0
BRDA:61,8,0,0
BRDA:61,8,1,0
BRDA:66,9,0,0
BRDA:66,9,1,0
BRDA:70,10,0,0
BRDA:70,10,1,0
BRDA:79,11,0,0
BRDA:79,11,1,0
BRF:25
BRH:0
end_of_record
TN:
SF:middleware/rateLimitMiddleware.js
FNF:0
FNH:0
DA:1,6
DA:3,6
DA:15,6
DA:27,6
DA:39,6
DA:50,6
DA:62,6
LF:7
LH:7
BRF:0
BRH:0
end_of_record
TN:
SF:middleware/requestLogger.js
FN:4,(anonymous_0)
FN:11,(anonymous_1)
FNF:2
FNH:2
FNDA:16,(anonymous_0)
FNDA:16,(anonymous_1)
DA:1,6
DA:2,6
DA:4,6
DA:5,16
DA:6,16
DA:8,16
DA:9,16
DA:11,16
DA:12,16
DA:14,16
DA:17,16
DA:20,6
LF:12
LH:12
BRDA:5,0,0,16
BRDA:5,0,1,16
BRF:2
BRH:2
end_of_record
TN:
SF:middleware/uploadMiddleware.js
FN:32,(anonymous_0)
FN:41,(anonymous_1)
FN:43,(anonymous_2)
FN:47,(anonymous_3)
FN:68,(anonymous_4)
FN:93,(anonymous_5)
FN:120,(anonymous_6)
FN:182,(anonymous_7)
FN:189,(anonymous_8)
FN:208,(anonymous_9)
FN:212,(anonymous_10)
FN:222,(anonymous_11)
FN:224,(anonymous_12)
FN:232,(anonymous_13)
FN:237,(anonymous_14)
FN:242,(anonymous_15)
FNF:16
FNH:4
FNDA:18,(anonymous_0)
FNDA:18,(anonymous_1)
FNDA:0,(anonymous_2)
FNDA:0,(anonymous_3)
FNDA:0,(anonymous_4)
FNDA:0,(anonymous_5)
FNDA:0,(anonymous_6)
FNDA:0,(anonymous_7)
FNDA:0,(anonymous_8)
FNDA:0,(anonymous_9)
FNDA:0,(anonymous_10)
FNDA:0,(anonymous_11)
FNDA:6,(anonymous_12)
FNDA:6,(anonymous_13)
FNDA:0,(anonymous_14)
FNDA:0,(anonymous_15)
DA:1,6
DA:2,6
DA:3,6
DA:4,6
DA:6,6
DA:8,6
DA:31,6
DA:33,18
DA:34,0
DA:41,6
DA:42,18
DA:44,0
DA:48,0
DA:52,0
DA:59,0
DA:63,0
DA:68,6
DA:73,0
DA:81,0
DA:82,0
DA:84,0
DA:93,6
DA:98,0
DA:108,0
DA:109,0
DA:111,0
DA:120,6
DA:125,0
DA:132,0
DA:133,0
DA:135,0
DA:144,6
DA:156,6
DA:168,6
DA:180,6
DA:183,0
DA:190,0
DA:194,0
DA:198,0
DA:207,6
DA:209,0
DA:213,0
DA:214,0
DA:217,0
DA:218,0
DA:222,6
DA:224,6
DA:229,6
DA:232,6
DA:233,6
DA:234,6
DA:237,6
DA:238,0
DA:239,0
DA:242,6
DA:243,0
DA:244,0
DA:247,6
LF:58
LH:27
BRDA:33,0,0,0
BRDA:33,0,1,18
BRDA:81,1,0,0
BRDA:81,1,1,0
BRDA:108,2,0,0
BRDA:108,2,1,0
BRDA:132,3,0,0
BRDA:132,3,1,0
BRDA:224,4,0,0
BRDA:225,5,0,6
BRDA:226,6,0,6
BRDA:227,7,0,6
BRDA:232,8,0,6
BRDA:237,9,0,0
BRDA:242,10,0,0
BRF:15
BRH:5
end_of_record
TN:
SF:middleware/validationMiddleware.js
FN:3,(anonymous_0)
FN:10,(anonymous_1)
FN:21,(anonymous_2)
FN:25,(anonymous_3)
FNF:4
FNH:2
FNDA:7,(anonymous_0)
FNDA:18,(anonymous_1)
FNDA:0,(anonymous_2)
FNDA:0,(anonymous_3)
DA:1,6
DA:3,6
DA:4,7
DA:6,7
DA:7,6
DA:10,18
DA:18,1
DA:21,6
DA:25,0
DA:26,0
DA:29,0
DA:32,0
DA:33,0
DA:39,0
DA:40,0
DA:46,0
DA:50,6
LF:17
LH:9
BRDA:6,0,0,6
BRDA:6,0,1,1
BRDA:11,1,0,18
BRDA:11,1,1,0
BRDA:23,2,0,0
BRDA:29,3,0,0
BRDA:29,3,1,0
BRDA:32,4,0,0
BRDA:32,4,1,0
BRDA:39,5,0,0
BRDA:39,5,1,0
BRF:11
BRH:3
end_of_record
TN:
SF:middleware/volunteerMiddleware.js
FN:3,(anonymous_0)
FN:59,(anonymous_1)
FNF:2
FNH:0
FNDA:0,(anonymous_0)
FNDA:0,(anonymous_1)
DA:1,0
DA:3,0
DA:4,0
DA:5,0
DA:6,0
DA:12,0
DA:17,0
DA:23,0
DA:27,0
DA:30,0
DA:34,0
DA:35,0
DA:41,0
DA:45,0
DA:51,0
DA:53,0
DA:55,0
DA:59,0
DA:64,0
DA:65,0
DA:66,0
DA:72,0
DA:76,0
DA:79,0
DA:83,0
DA:84,0
DA:90,0
DA:94,0
DA:100,0
DA:102,0
DA:104,0
DA:108,0
LF:32
LH:0
BRDA:5,0,0,0
BRDA:5,0,1,0
BRDA:12,1,0,0
BRDA:12,1,1,0
BRDA:13,2,0,0
BRDA:13,2,1,0
BRDA:13,2,2,0
BRDA:23,3,0,0
BRDA:23,3,1,0
BRDA:24,4,0,0
BRDA:24,4,1,0
BRDA:34,5,0,0
BRDA:34,5,1,0
BRDA:41,6,0,0
BRDA:41,6,1,0
BRDA:42,7,0,0
BRDA:42,7,1,0
BRDA:65,8,0,0
BRDA:65,8,1,0
BRDA:72,9,0,0
BRDA:72,9,1,0
BRDA:73,10,0,0
BRDA:73,10,1,0
BRDA:83,11,0,0
BRDA:83,11,1,0
BRDA:90,12,0,0
BRDA:90,12,1,0
BRDA:91,13,0,0
BRDA:91,13,1,0
BRF:29
BRH:0
end_of_record
TN:
SF:services/alertService.js
FN:8,(anonymous_0)
FN:14,(anonymous_1)
FN:18,(anonymous_2)
FN:22,(anonymous_3)
FN:28,(anonymous_4)
FNF:5
FNH:0
FNDA:0,(anonymous_0)
FNDA:0,(anonymous_1)
FNDA:0,(anonymous_2)
FNDA:0,(anonymous_3)
FNDA:0,(anonymous_4)
DA:1,6
DA:6,6
DA:8,6
DA:9,0
DA:10,0
DA:11,0
DA:14,6
DA:15,0
DA:18,6
DA:19,0
DA:22,6
DA:23,0
DA:24,0
DA:25,0
DA:28,6
DA:29,0
DA:33,0
DA:34,0
DA:37,6
LF:19
LH:8
BRDA:24,0,0,0
BRDA:24,0,1,0
BRDA:33,1,0,0
BRDA:33,1,1,0
BRF:4
BRH:0
end_of_record
TN:
SF:services/analyticsService.js
FN:3,(anonymous_0)
FN:7,(anonymous_1)
FNF:2
FNH:0
FNDA:0,(anonymous_0)
FNDA:0,(anonymous_1)
DA:1,6
DA:3,6
DA:4,0
DA:7,6
DA:8,0
DA:12,6
LF:6
LH:4
BRDA:7,0,0,0
BRF:1
BRH:0
end_of_record
TN:
SF:services/authService.js
FN:5,(anonymous_0)
FN:22,(anonymous_1)
FN:44,(anonymous_2)
FN:73,(anonymous_3)
FN:114,(anonymous_4)
FN:118,(anonymous_5)
FNF:6
FNH:2
FNDA:1,(anonymous_0)
FNDA:0,(anonymous_1)
FNDA:1,(anonymous_2)
FNDA:0,(anonymous_3)
FNDA:0,(anonymous_4)
FNDA:0,(anonymous_5)
DA:1,6
DA:2,6
DA:3,6
DA:5,6
DA:22,6
DA:23,0
DA:25,0
DA:27,0
DA:28,0
DA:29,0
DA:30,0
DA:33,0
DA:35,0
DA:41,0
DA:44,6
DA:45,1
DA:47,1
DA:48,0
DA:49,0
DA:50,0
DA:53,1
DA:54,0
DA:55,0
DA:56,0
DA:59,1
DA:61,1
DA:62,0
DA:63,0
DA:64,0
DA:67,1
DA:68,1
DA:70,1
DA:73,6
DA:74,0
DA:75,0
DA:76,0
DA:77,0
DA:80,0
DA:82,0
DA:83,0
DA:84,0
DA:85,0
DA:88,0
DA:90,0
DA:91,0
DA:92,0
DA:93,0
DA:96,0
DA:97,0
DA:98,0
DA:99,0
DA:102,0
DA:114,6
DA:115,0
DA:118,6
DA:119,0
DA:121,0
DA:122,0
DA:123,0
DA:124,0
DA:127,0
DA:129,0
DA:130,0
DA:131,0
DA:132,0
DA:135,0
DA:136,0
DA:137,0
DA:138,0
DA:140,0
DA:143,6
LF:71
LH:18
BRDA:27,0,0,0
BRDA:27,0,1,0
BRDA:47,1,0,0
BRDA:47,1,1,1
BRDA:53,2,0,0
BRDA:53,2,1,1
BRDA:53,3,0,1
BRDA:53,3,1,1
BRDA:61,4,0,0
BRDA:61,4,1,1
BRDA:74,5,0,0
BRDA:74,5,1,0
BRDA:82,6,0,0
BRDA:82,6,1,0
BRDA:90,7,0,0
BRDA:90,7,1,0
BRDA:96,8,0,0
BRDA:96,8,1,0
BRDA:96,9,0,0
BRDA:96,9,1,0
BRDA:121,10,0,0
BRDA:121,10,1,0
BRDA:129,11,0,0
BRDA:129,11,1,0
BRF:24
BRH:5
end_of_record
TN:
SF:services/chatbotService.js
FN:4,(anonymous_0)
FN:6,(anonymous_1)
FNF:2
FNH:0
FNDA:0,(anonymous_0)
FNDA:0,(anonymous_1)
DA:1,6
DA:2,6
DA:4,6
DA:6,6
DA:7,0
DA:8,0
DA:11,0
DA:12,0
DA:13,0
DA:27,0
DA:32,0
DA:41,6
LF:12
LH:5
BRDA:7,0,0,0
BRDA:7,0,1,0
BRDA:7,1,0,0
BRDA:7,1,1,0
BRDA:28,2,0,0
BRDA:28,2,1,0
BRDA:28,2,2,0
BRF:7
BRH:0
end_of_record
TN:
SF:services/damageAssessmentService.js
FN:3,(anonymous_0)
FN:13,(anonymous_1)
FN:20,(anonymous_2)
FN:26,(anonymous_3)
FN:32,(anonymous_4)
FNF:5
FNH:0
FNDA:0,(anonymous_0)
FNDA:0,(anonymous_1)
FNDA:0,(anonymous_2)
FNDA:0,(anonymous_3)
FNDA:0,(anonymous_4)
DA:1,0
DA:3,0
DA:7,0
DA:13,0
DA:14,0
DA:20,0
DA:21,0
DA:26,0
DA:27,0
DA:32,0
DA:38,0
DA:43,0
DA:44,0
DA:45,0
DA:48,0
DA:58,0
LF:16
LH:0
BRDA:13,0,0,0
BRDA:36,1,0,0
BRDA:43,2,0,0
BRDA:43,2,1,0
BRF:4
BRH:0
end_of_record
TN:
SF:services/dashboardService.js
FN:8,(anonymous_0)
FN:20,(anonymous_1)
FNF:2
FNH:0
FNDA:0,(anonymous_0)
FNDA:0,(anonymous_1)
DA:1,6
DA:2,6
DA:3,6
DA:4,6
DA:5,6
DA:6,6
DA:8,6
DA:10,0
DA:19,0
DA:20,0
DA:22,0
DA:33,6
LF:12
LH:8
BRDA:19,0,0,0
BRDA:19,0,1,0
BRF:2
BRH:0
end_of_record
TN:
SF:services/droneService.js
FN:5,(anonymous_0)
FN:14,(anonymous_1)
FN:18,(anonymous_2)
FN:29,(anonymous_3)
FN:39,(anonymous_4)
FN:41,(anonymous_5)
FN:43,(anonymous_6)
FN:47,(anonymous_7)
FN:53,(anonymous_8)
FN:55,(anonymous_9)
FN:68,(anonymous_10)
FN:78,(anonymous_11)
FN:91,(anonymous_12)
FN:93,(anonymous_13)
FNF:14
FNH:0
FNDA:0,(anonymous_0)
FNDA:0,(anonymous_1)
FNDA:0,(anonymous_2)
FNDA:0,(anonymous_3)
FNDA:0,(anonymous_4)
FNDA:0,(anonymous_5)
FNDA:0,(anonymous_6)
FNDA:0,(anonymous_7)
FNDA:0,(anonymous_8)
FNDA:0,(anonymous_9)
FNDA:0,(anonymous_10)
FNDA:0,(anonymous_11)
FNDA:0,(anonymous_12)
FNDA:0,(anonymous_13)
DA:1,6
DA:2,6
DA:3,6
DA:5,6
DA:6,0
DA:7,0
DA:9,0
DA:11,0
DA:14,6
DA:15,0
DA:18,6
DA:19,0
DA:20,0
DA:21,0
DA:22,0
DA:23,0
DA:26,0
DA:29,6
DA:30,0
DA:31,0
DA:32,0
DA:33,0
DA:39,6
DA:41,6
DA:42,0
DA:43,0
DA:44,0
DA:47,6
DA:48,0
DA:49,0
DA:50,0
DA:53,6
DA:54,0
DA:55,0
DA:56,0
DA:58,0
DA:59,0
DA:60,0
DA:61,0
DA:62,0
DA:63,0
DA:65,0
DA:68,6
DA:69,0
DA:70,0
DA:71,0
DA:72,0
DA:73,0
DA:75,0
DA:78,6
DA:79,0
DA:80,0
DA:81,0
DA:82,0
DA:83,0
DA:84,0
DA:91,6
DA:93,6
DA:94,0
DA:95,0
DA:96,0
DA:97,0
DA:98,0
DA:99,0
DA:100,0
DA:101,0
DA:102,0
DA:104,0
DA:107,6
LF:69
LH:16
BRDA:20,0,0,0
BRDA:20,0,1,0
BRDA:29,1,0,0
BRDA:29,2,0,0
BRDA:29,3,0,0
BRDA:30,4,0,0
BRDA:30,4,1,0
BRDA:31,5,0,0
BRDA:31,5,1,0
BRDA:32,6,0,0
BRDA:32,6,1,0
BRDA:49,7,0,0
BRDA:49,7,1,0
BRDA:56,8,0,0
BRDA:56,8,1,0
BRDA:58,9,0,0
BRDA:58,9,1,0
BRDA:61,10,0,0
BRDA:61,10,1,0
BRDA:63,11,0,0
BRDA:63,11,1,0
BRDA:70,12,0,0
BRDA:70,12,1,0
BRDA:78,13,0,0
BRDA:78,14,0,0
BRDA:78,15,0,0
BRDA:80,16,0,0
BRDA:80,16,1,0
BRDA:81,17,0,0
BRDA:81,17,1,0
BRDA:82,18,0,0
BRDA:82,18,1,0
BRDA:83,19,0,0
BRDA:83,19,1,0
BRDA:95,20,0,0
BRDA:95,20,1,0
BRDA:96,21,0,0
BRDA:96,21,1,0
BRDA:97,22,0,0
BRDA:97,22,1,0
BRDA:99,23,0,0
BRDA:99,23,1,0
BRDA:100,24,0,0
BRDA:100,24,1,0
BRDA:100,25,0,0
BRDA:100,25,1,0
BRDA:100,26,0,0
BRDA:100,26,1,0
BRDA:101,27,0,0
BRDA:101,27,1,0
BRF:50
BRH:0
end_of_record
TN:
SF:services/emailService.js
FN:3,(anonymous_0)
FN:19,(anonymous_1)
FNF:2
FNH:0
FNDA:0,(anonymous_0)
FNDA:0,(anonymous_1)
DA:1,6
DA:3,6
DA:4,0
DA:5,0
DA:8,0
DA:19,6
DA:20,0
DA:22,0
DA:23,0
DA:30,0
DA:39,6
LF:11
LH:4
BRDA:4,0,0,0
BRDA:4,0,1,0
BRDA:4,1,0,0
BRDA:4,1,1,0
BRDA:4,1,2,0
BRDA:10,2,0,0
BRDA:10,2,1,0
BRDA:22,3,0,0
BRDA:22,3,1,0
BRDA:31,4,0,0
BRDA:31,4,1,0
BRF:11
BRH:0
end_of_record
TN:
SF:services/evacuationService.js
FN:1,(anonymous_0)
FN:7,(anonymous_1)
FN:36,(anonymous_2)
FN:76,(anonymous_3)
FNF:4
FNH:0
FNDA:0,(anonymous_0)
FNDA:0,(anonymous_1)
FNDA:0,(anonymous_2)
FNDA:0,(anonymous_3)
DA:1,0
DA:7,0
DA:8,0
DA:10,0
DA:12,0
DA:16,0
DA:21,0
DA:27,0
DA:33,0
DA:36,0
DA:40,0
DA:41,0
DA:44,0
DA:45,0
DA:47,0
DA:48,0
DA:52,0
DA:55,0
DA:62,0
DA:63,0
DA:64,0
DA:73,0
DA:76,0
DA:82,0
DA:88,0
DA:90,0
DA:91,0
DA:96,0
DA:147,0
LF:29
LH:0
BRDA:38,0,0,0
BRDA:40,1,0,0
BRDA:40,1,1,0
BRDA:48,2,0,0
BRDA:48,2,1,0
BRDA:49,3,0,0
BRDA:49,3,1,0
BRDA:62,4,0,0
BRDA:62,4,1,0
BRDA:79,5,0,0
BRDA:80,6,0,0
BRDA:88,7,0,0
BRDA:88,7,1,0
BRDA:90,8,0,0
BRDA:90,8,1,0
BRDA:103,9,0,0
BRDA:103,9,1,0
BRF:17
BRH:0
end_of_record
TN:
SF:services/familyService.js
FN:3,(anonymous_0)
FN:9,(anonymous_1)
FN:15,(anonymous_2)
FN:30,(anonymous_3)
FN:46,(anonymous_4)
FN:70,(anonymous_5)
FN:88,(anonymous_6)
FNF:7
FNH:0
FNDA:0,(anonymous_0)
FNDA:0,(anonymous_1)
FNDA:0,(anonymous_2)
FNDA:0,(anonymous_3)
FNDA:0,(anonymous_4)
FNDA:0,(anonymous_5)
FNDA:0,(anonymous_6)
DA:1,6
DA:3,6
DA:4,0
DA:5,0
DA:6,0
DA:9,6
DA:10,0
DA:15,6
DA:16,0
DA:30,6
DA:31,0
DA:46,6
DA:51,0
DA:66,0
DA:67,0
DA:70,6
DA:71,0
DA:84,0
DA:85,0
DA:88,6
DA:93,0
DA:94,0
DA:95,0
DA:96,0
DA:99,0
DA:113,0
DA:114,0
DA:117,6
LF:28
LH:9
BRDA:66,0,0,0
BRDA:66,0,1,0
BRDA:84,1,0,0
BRDA:84,1,1,0
BRDA:93,2,0,0
BRDA:93,2,1,0
BRDA:113,3,0,0
BRDA:113,3,1,0
BRF:8
BRH:0
end_of_record
TN:
SF:services/fileStorageService.js
FN:6,(anonymous_0)
FN:9,(anonymous_1)
FN:16,(anonymous_2)
FN:31,(anonymous_3)
FN:43,(anonymous_4)
FN:84,(anonymous_5)
FNF:6
FNH:0
FNDA:0,(anonymous_0)
FNDA:0,(anonymous_1)
FNDA:0,(anonymous_2)
FNDA:0,(anonymous_3)
FNDA:0,(anonymous_4)
FNDA:0,(anonymous_5)
DA:1,6
DA:2,6
DA:3,6
DA:4,6
DA:6,6
DA:7,0
DA:9,6
DA:10,0
DA:16,6
DA:17,0
DA:18,0
DA:23,0
DA:31,6
DA:32,0
DA:34,0
DA:35,0
DA:37,0
DA:38,0
DA:43,6
DA:44,0
DA:45,0
DA:48,0
DA:49,0
DA:60,0
DA:62,0
DA:63,0
DA:70,0
DA:80,0
DA:84,6
DA:85,0
DA:86,0
DA:89,0
DA:91,0
DA:92,0
DA:98,6
LF:35
LH:11
BRDA:7,0,0,0
BRDA:7,0,1,0
BRDA:11,1,0,0
BRDA:11,1,1,0
BRDA:11,1,2,0
BRDA:17,2,0,0
BRDA:17,2,1,0
BRDA:32,3,0,0
BRDA:32,3,1,0
BRDA:37,4,0,0
BRDA:37,4,1,0
BRDA:43,5,0,0
BRDA:43,6,0,0
BRDA:44,7,0,0
BRDA:44,7,1,0
BRDA:48,8,0,0
BRDA:48,8,1,0
BRDA:84,9,0,0
BRDA:84,10,0,0
BRDA:85,11,0,0
BRDA:85,11,1,0
BRDA:89,12,0,0
BRDA:89,12,1,0
BRDA:89,13,0,0
BRDA:89,13,1,0
BRF:25
BRH:0
end_of_record
TN:
SF:services/mapService.js
FN:3,(anonymous_0)
FNF:1
FNH:0
FNDA:0,(anonymous_0)
DA:1,0
DA:3,0
DA:9,0
DA:17,0
LF:4
LH:0
BRF:0
BRH:0
end_of_record
TN:
SF:services/notificationService.js
FN:7,(anonymous_0)
FN:62,(anonymous_1)
FN:63,(anonymous_2)
FN:82,(anonymous_3)
FN:87,(anonymous_4)
FN:92,(anonymous_5)
FN:109,(anonymous_6)
FNF:7
FNH:0
FNDA:0,(anonymous_0)
FNDA:0,(anonymous_1)
FNDA:0,(anonymous_2)
FNDA:0,(anonymous_3)
FNDA:0,(anonymous_4)
FNDA:0,(anonymous_5)
FNDA:0,(anonymous_6)
DA:1,6
DA:2,6
DA:3,6
DA:4,6
DA:5,6
DA:7,6
DA:8,0
DA:9,0
DA:16,0
DA:20,0
DA:21,0
DA:29,0
DA:32,0
DA:33,0
DA:42,0
DA:45,0
DA:46,0
DA:47,0
DA:53,0
DA:56,0
DA:57,0
DA:58,0
DA:59,0
DA:62,0
DA:63,0
DA:64,0
DA:70,0
DA:75,0
DA:82,6
DA:83,0
DA:84,0
DA:87,6
DA:88,0
DA:92,6
DA:93,0
DA:96,0
DA:102,0
DA:103,0
DA:106,0
DA:109,6
DA:110,0
DA:114,0
DA:116,0
DA:117,0
DA:120,0
DA:123,6
LF:46
LH:11
BRDA:8,0,0,0
BRDA:8,0,1,0
BRDA:16,1,0,0
BRDA:16,1,1,0
BRDA:16,2,0,0
BRDA:16,2,1,0
BRDA:20,3,0,0
BRDA:20,3,1,0
BRDA:32,4,0,0
BRDA:32,4,1,0
BRDA:45,5,0,0
BRDA:45,5,1,0
BRDA:56,6,0,0
BRDA:56,6,1,0
BRDA:59,7,0,0
BRDA:59,7,1,0
BRDA:62,8,0,0
BRDA:62,8,1,0
BRDA:64,9,0,0
BRDA:64,9,1,0
BRDA:66,10,0,0
BRDA:66,10,1,0
BRDA:72,11,0,0
BRDA:72,11,1,0
BRDA:92,12,0,0
BRDA:93,13,0,0
BRDA:93,13,1,0
BRDA:102,14,0,0
BRDA:102,14,1,0
BRF:29
BRH:0
end_of_record
TN:
SF:services/predictionService.js
FN:5,(anonymous_0)
FN:7,(anonymous_1)
FN:18,(anonymous_2)
FN:26,(anonymous_3)
FN:49,(anonymous_4)
FN:70,(anonymous_5)
FN:115,(anonymous_6)
FN:126,(anonymous_7)
FN:139,(anonymous_8)
FNF:9
FNH:0
FNDA:0,(anonymous_0)
FNDA:0,(anonymous_1)
FNDA:0,(anonymous_2)
FNDA:0,(anonymous_3)
FNDA:0,(anonymous_4)
FNDA:0,(anonymous_5)
FNDA:0,(anonymous_6)
FNDA:0,(anonymous_7)
FNDA:0,(anonymous_8)
DA:1,6
DA:2,6
DA:3,6
DA:5,6
DA:7,6
DA:8,0
DA:9,0
DA:15,0
DA:18,6
DA:19,0
DA:20,0
DA:26,6
DA:27,0
DA:28,0
DA:29,0
DA:30,0
DA:33,0
DA:34,0
DA:35,0
DA:36,0
DA:39,0
DA:41,0
DA:42,0
DA:43,0
DA:46,0
DA:49,6
DA:50,0
DA:51,0
DA:52,0
DA:54,0
DA:70,6
DA:71,0
DA:76,0
DA:77,0
DA:88,0
DA:90,0
DA:105,0
DA:115,6
DA:116,0
DA:117,0
DA:118,0
DA:123,0
DA:126,6
DA:127,0
DA:128,0
DA:129,0
DA:130,0
DA:131,0
DA:132,0
DA:133,0
DA:139,6
DA:140,0
DA:150,0
DA:151,0
DA:152,0
DA:158,6
LF:56
LH:13
BRDA:7,0,0,0
BRDA:8,1,0,0
BRDA:8,1,1,0
BRDA:8,2,0,0
BRDA:8,2,1,0
BRDA:20,3,0,0
BRDA:20,3,1,0
BRDA:20,3,2,0
BRDA:20,3,3,0
BRDA:20,3,4,0
BRDA:20,3,5,0
BRDA:20,3,6,0
BRDA:20,3,7,0
BRDA:27,4,0,0
BRDA:27,4,1,0
BRDA:33,5,0,0
BRDA:33,5,1,0
BRDA:33,6,0,0
BRDA:33,6,1,0
BRDA:33,6,2,0
BRDA:39,7,0,0
BRDA:39,7,1,0
BRDA:39,8,0,0
BRDA:39,8,1,0
BRDA:39,8,2,0
BRDA:39,8,3,0
BRDA:49,9,0,0
BRDA:50,10,0,0
BRDA:50,10,1,0
BRDA:51,11,0,0
BRDA:51,11,1,0
BRDA:52,12,0,0
BRDA:52,12,1,0
BRDA:70,13,0,0
BRDA:88,14,0,0
BRDA:88,14,1,0
BRDA:91,15,0,0
BRDA:91,15,1,0
BRDA:91,15,2,0
BRDA:92,16,0,0
BRDA:92,16,1,0
BRDA:93,17,0,0
BRDA:93,17,1,0
BRDA:93,17,2,0
BRDA:94,18,0,0
BRDA:94,18,1,0
BRDA:94,18,2,0
BRDA:95,19,0,0
BRDA:95,19,1,0
BRDA:96,20,0,0
BRDA:96,20,1,0
BRDA:97,21,0,0
BRDA:97,21,1,0
BRDA:98,22,0,0
BRDA:98,22,1,0
BRDA:99,23,0,0
BRDA:99,23,1,0
BRDA:126,24,0,0
BRDA:127,25,0,0
BRDA:127,26,0,0
BRDA:128,27,0,0
BRDA:128,27,1,0
BRDA:129,28,0,0
BRDA:129,28,1,0
BRDA:131,29,0,0
BRDA:131,29,1,0
BRDA:132,30,0,0
BRDA:132,30,1,0
BRDA:151,31,0,0
BRDA:151,31,1,0
BRF:70
BRH:0
end_of_record
TN:
SF:services/pushNotificationService.js
FN:7,(anonymous_0)
FN:54,(anonymous_1)
FN:59,(anonymous_2)
FN:83,(anonymous_3)
FN:106,(anonymous_4)
FN:111,(anonymous_5)
FNF:6
FNH:0
FNDA:0,(anonymous_0)
FNDA:0,(anonymous_1)
FNDA:0,(anonymous_2)
FNDA:0,(anonymous_3)
FNDA:0,(anonymous_4)
FNDA:0,(anonymous_5)
DA:1,6
DA:2,6
DA:3,6
DA:5,6
DA:7,6
DA:8,0
DA:9,0
DA:12,0
DA:13,0
DA:14,0
DA:15,0
DA:16,0
DA:20,0
DA:21,0
DA:24,0
DA:27,0
DA:28,0
DA:29,0
DA:30,0
DA:32,0
DA:36,0
DA:46,0
DA:47,0
DA:49,0
DA:50,0
DA:54,6
DA:55,0
DA:56,0
DA:59,6
DA:60,0
DA:61,0
DA:68,0
DA:69,0
DA:76,0
DA:77,0
DA:84,0
DA:85,0
DA:89,0
DA:91,0
DA:97,0
DA:98,0
DA:106,6
DA:107,0
DA:108,0
DA:111,6
DA:112,0
DA:115,6
LF:47
LH:10
BRDA:8,0,0,0
BRDA:8,0,1,0
BRDA:16,1,0,0
BRDA:16,1,1,0
BRDA:20,2,0,0
BRDA:20,2,1,0
BRDA:20,3,0,0
BRDA:20,3,1,0
BRDA:20,4,0,0
BRDA:20,4,1,0
BRDA:20,4,2,0
BRDA:27,5,0,0
BRDA:27,5,1,0
BRDA:28,6,0,0
BRDA:28,6,1,0
BRDA:56,7,0,0
BRDA:56,7,1,0
BRDA:59,8,0,0
BRDA:60,9,0,0
BRDA:60,9,1,0
BRDA:68,10,0,0
BRDA:68,10,1,0
BRDA:106,11,0,0
BRDA:111,12,0,0
BRF:24
BRH:0
end_of_record
TN:
SF:services/rescueIdService.js
FN:4,(anonymous_0)
FN:13,(anonymous_1)
FN:29,(anonymous_2)
FN:35,(anonymous_3)
FN:42,(anonymous_4)
FN:57,(anonymous_5)
FNF:6
FNH:0
FNDA:0,(anonymous_0)
FNDA:0,(anonymous_1)
FNDA:0,(anonymous_2)
FNDA:0,(anonymous_3)
FNDA:0,(anonymous_4)
FNDA:0,(anonymous_5)
DA:1,0
DA:2,0
DA:4,0
DA:5,0
DA:10,0
DA:13,0
DA:14,0
DA:18,0
DA:19,0
DA:22,0
DA:29,0
DA:30,0
DA:35,0
DA:36,0
DA:42,0
DA:43,0
DA:57,0
DA:58,0
DA:71,0
LF:19
LH:0
BRDA:18,0,0,0
BRDA:18,0,1,0
BRF:2
BRH:0
end_of_record
TN:
SF:services/satelliteService.js
FN:5,(anonymous_0)
FN:9,(anonymous_1)
FN:26,(anonymous_2)
FN:28,(anonymous_3)
FN:34,(anonymous_4)
FNF:5
FNH:0
FNDA:0,(anonymous_0)
FNDA:0,(anonymous_1)
FNDA:0,(anonymous_2)
FNDA:0,(anonymous_3)
FNDA:0,(anonymous_4)
DA:1,6
DA:2,6
DA:3,6
DA:5,6
DA:6,0
DA:9,6
DA:10,0
DA:11,0
DA:12,0
DA:13,0
DA:14,0
DA:15,0
DA:16,0
DA:17,0
DA:18,0
DA:19,0
DA:20,0
DA:26,6
DA:28,6
DA:29,0
DA:30,0
DA:31,0
DA:34,6
DA:35,0
DA:36,0
DA:38,0
DA:39,0
DA:40,0
DA:41,0
DA:42,0
DA:43,0
DA:44,0
DA:45,0
DA:46,0
DA:52,0
DA:54,0
DA:56,0
DA:59,6
LF:38
LH:9
BRDA:9,0,0,0
BRDA:9,1,0,0
BRDA:9,2,0,0
BRDA:11,3,0,0
BRDA:11,3,1,0
BRDA:12,4,0,0
BRDA:12,4,1,0
BRDA:13,5,0,0
BRDA:13,5,1,0
BRDA:14,6,0,0
BRDA:14,6,1,0
BRDA:15,7,0,0
BRDA:15,7,1,0
BRDA:15,8,0,0
BRDA:15,8,1,0
BRDA:16,9,0,0
BRDA:16,9,1,0
BRDA:17,10,0,0
BRDA:17,10,1,0
BRDA:18,11,0,0
BRDA:18,11,1,0
BRDA:19,12,0,0
BRDA:19,12,1,0
BRDA:30,13,0,0
BRDA:30,13,1,0
BRDA:36,14,0,0
BRDA:36,14,1,0
BRDA:39,15,0,0
BRDA:39,15,1,0
BRDA:40,16,0,0
BRDA:40,16,1,0
BRDA:41,17,0,0
BRDA:41,17,1,0
BRDA:44,18,0,0
BRDA:44,18,1,0
BRDA:44,18,2,0
BRDA:45,19,0,0
BRDA:45,19,1,0
BRF:38
BRH:0
end_of_record
TN:
SF:services/sensorService.js
FN:5,(anonymous_0)
FN:9,(anonymous_1)
FN:15,(anonymous_2)
FNF:3
FNH:0
FNDA:0,(anonymous_0)
FNDA:0,(anonymous_1)
FNDA:0,(anonymous_2)
DA:1,6
DA:2,6
DA:3,6
DA:5,6
DA:6,0
DA:9,6
DA:10,0
DA:11,0
DA:12,0
DA:15,6
DA:16,0
DA:21,6
LF:12
LH:7
BRF:0
BRH:0
end_of_record
TN:
SF:services/smsService.js
FN:1,(anonymous_0)
FNF:1
FNH:0
FNDA:0,(anonymous_0)
DA:1,6
DA:2,0
DA:3,0
DA:10,0
DA:12,0
DA:21,6
LF:6
LH:2
BRDA:2,0,0,0
BRDA:2,0,1,0
BRDA:10,1,0,0
BRDA:10,1,1,0
BRF:4
BRH:0
end_of_record
TN:
SF:services/syncService.js
FN:4,(anonymous_0)
FN:23,(anonymous_1)
FN:83,(anonymous_2)
FNF:3
FNH:0
FNDA:0,(anonymous_0)
FNDA:0,(anonymous_1)
FNDA:0,(anonymous_2)
DA:1,6
DA:2,6
DA:4,6
DA:5,0
DA:7,0
DA:9,0
DA:11,0
DA:13,0
DA:15,0
DA:17,0
DA:19,0
DA:23,6
DA:24,0
DA:29,0
DA:30,0
DA:38,0
DA:39,0
DA:40,0
DA:53,0
DA:59,0
DA:60,0
DA:72,0
DA:75,0
DA:83,6
DA:84,0
DA:85,0
DA:87,0
DA:88,0
DA:89,0
DA:90,0
DA:92,0
DA:96,0
DA:103,6
LF:33
LH:6
BRDA:5,0,0,0
BRDA:5,0,1,0
BRDA:7,1,0,0
BRDA:7,1,1,0
BRDA:7,1,2,0
BRDA:7,1,3,0
BRDA:7,1,4,0
BRDA:7,1,5,0
BRDA:29,2,0,0
BRDA:29,2,1,0
BRDA:46,3,0,0
BRDA:46,3,1,0
BRDA:48,4,0,0
BRDA:48,4,1,0
BRDA:50,5,0,0
BRDA:50,5,1,0
BRDA:66,6,0,0
BRDA:66,6,1,0
BRDA:69,7,0,0
BRDA:69,7,1,0
BRDA:72,8,0,0
BRDA:72,8,1,0
BRDA:89,9,0,0
BRDA:89,9,1,0
BRF:24
BRH:0
end_of_record
TN:
SF:services/weatherService.js
FN:3,(anonymous_0)
FNF:1
FNH:0
FNDA:0,(anonymous_0)
DA:1,0
DA:3,0
DA:4,0
DA:5,0
DA:8,0
DA:20,0
DA:23,0
LF:7
LH:0
BRDA:4,0,0,0
BRDA:4,0,1,0
BRF:2
BRH:0
end_of_record
TN:
SF:utils/constants.js
FNF:0
FNH:0
DA:1,0
DA:11,0
DA:29,0
DA:37,0
DA:45,0
DA:55,0
DA:62,0
DA:71,0
DA:79,0
DA:86,0
DA:93,0
DA:100,0
DA:111,0
DA:123,0
DA:131,0
DA:140,0
DA:147,0
DA:153,0
DA:163,0
DA:176,0
LF:20
LH:0
BRF:0
BRH:0
end_of_record
TN:
SF:utils/distanceCalculator.js
FN:3,(anonymous_0)
FN:7,(anonymous_1)
FN:42,(anonymous_2)
FN:58,(anonymous_3)
FN:74,(anonymous_4)
FN:91,(anonymous_5)
FNF:6
FNH:0
FNDA:0,(anonymous_0)
FNDA:0,(anonymous_1)
FNDA:0,(anonymous_2)
FNDA:0,(anonymous_3)
FNDA:0,(anonymous_4)
FNDA:0,(anonymous_5)
DA:1,0
DA:3,0
DA:4,0
DA:7,0
DA:13,0
DA:14,0
DA:15,0
DA:16,0
DA:18,0
DA:24,0
DA:27,0
DA:28,0
DA:31,0
DA:37,0
DA:39,0
DA:42,0
DA:48,0
DA:58,0
DA:64,0
DA:74,0
DA:81,0
DA:88,0
DA:91,0
DA:95,0
DA:100,0
DA:103,0
DA:104,0
DA:107,0
DA:108,0
DA:110,0
DA:111,0
DA:116,0
DA:119,0
DA:126,0
DA:127,0
DA:129,0
DA:136,0
DA:139,0
LF:38
LH:0
BRDA:18,0,0,0
BRDA:18,0,1,0
BRDA:19,1,0,0
BRDA:19,1,1,0
BRDA:19,1,2,0
BRDA:19,1,3,0
BRDA:95,2,0,0
BRDA:95,2,1,0
BRDA:96,3,0,0
BRDA:96,3,1,0
BRDA:96,3,2,0
BRDA:103,4,0,0
BRDA:103,4,1,0
BRDA:103,5,0,0
BRDA:103,5,1,0
BRDA:111,6,0,0
BRDA:111,6,1,0
BRDA:112,7,0,0
BRDA:112,7,1,0
BRDA:112,7,2,0
BRDA:126,8,0,0
BRDA:126,8,1,0
BRF:22
BRH:0
end_of_record
TN:
SF:utils/generateToken.js
FN:3,(anonymous_0)
FN:12,(anonymous_1)
FN:37,(anonymous_2)
FNF:3
FNH:3
FNDA:4,(anonymous_0)
FNDA:3,(anonymous_1)
FNDA:1,(anonymous_2)
DA:1,6
DA:3,6
DA:4,4
DA:6,0
DA:9,4
DA:12,6
DA:13,3
DA:14,0
DA:17,3
DA:19,3
DA:27,3
DA:32,3
DA:37,6
DA:38,1
DA:39,0
DA:42,1
DA:45,6
LF:17
LH:14
BRDA:4,0,0,0
BRDA:4,0,1,4
BRDA:4,1,0,4
BRDA:4,1,1,4
BRDA:4,1,2,4
BRDA:12,2,0,1
BRDA:12,3,0,3
BRDA:13,4,0,0
BRDA:13,4,1,3
BRDA:13,5,0,3
BRDA:13,5,1,3
BRDA:13,5,2,0
BRDA:17,6,0,3
BRDA:17,6,1,0
BRDA:21,7,0,3
BRDA:21,7,1,0
BRDA:22,8,0,3
BRDA:22,8,1,3
BRDA:27,9,0,3
BRDA:27,9,1,3
BRDA:28,10,0,1
BRDA:28,10,1,2
BRDA:29,11,0,1
BRDA:29,11,1,1
BRDA:30,12,0,2
BRDA:30,12,1,0
BRDA:38,13,0,0
BRDA:38,13,1,1
BRF:28
BRH:21
end_of_record
TN:
SF:utils/geoUtils.js
FN:1,(anonymous_0)
FN:10,(anonymous_1)
FN:19,(anonymous_2)
FN:26,(anonymous_3)
FN:40,(anonymous_4)
FN:52,(anonymous_5)
FN:74,(anonymous_6)
FN:110,(anonymous_7)
FNF:8
FNH:0
FNDA:0,(anonymous_0)
FNDA:0,(anonymous_1)
FNDA:0,(anonymous_2)
FNDA:0,(anonymous_3)
FNDA:0,(anonymous_4)
FNDA:0,(anonymous_5)
FNDA:0,(anonymous_6)
FNDA:0,(anonymous_7)
DA:1,0
DA:2,0
DA:10,0
DA:11,0
DA:19,0
DA:20,0
DA:26,0
DA:27,0
DA:28,0
DA:30,0
DA:31,0
DA:34,0
DA:40,0
DA:41,0
DA:43,0
DA:52,0
DA:53,0
DA:59,0
DA:62,0
DA:64,0
DA:65,0
DA:68,0
DA:74,0
DA:79,0
DA:80,0
DA:81,0
DA:83,0
DA:84,0
DA:87,0
DA:88,0
DA:91,0
DA:94,0
DA:97,0
DA:102,0
DA:110,0
DA:115,0
DA:116,0
DA:119,0
DA:127,0
LF:39
LH:0
BRDA:3,0,0,0
BRDA:3,0,1,0
BRDA:3,0,2,0
BRDA:3,0,3,0
BRDA:12,1,0,0
BRDA:12,1,1,0
BRDA:12,1,2,0
BRDA:12,1,3,0
BRDA:21,2,0,0
BRDA:21,2,1,0
BRDA:30,3,0,0
BRDA:30,3,1,0
BRDA:53,4,0,0
BRDA:53,4,1,0
BRDA:54,5,0,0
BRDA:54,5,1,0
BRDA:54,5,2,0
BRDA:54,5,3,0
BRDA:64,6,0,0
BRDA:64,6,1,0
BRDA:83,7,0,0
BRDA:83,7,1,0
BRDA:87,8,0,0
BRDA:87,8,1,0
BRDA:87,9,0,0
BRDA:87,9,1,0
BRDA:115,10,0,0
BRDA:115,10,1,0
BRDA:120,11,0,0
BRDA:120,11,1,0
BRDA:120,11,2,0
BRDA:120,11,3,0
BRF:32
BRH:0
end_of_record
TN:
SF:utils/logger.js
FN:45,(anonymous_0)
FN:78,(anonymous_1)
FN:111,(anonymous_2)
FN:131,(anonymous_3)
FN:151,(anonymous_4)
FN:178,(anonymous_5)
FN:203,(anonymous_6)
FN:232,(anonymous_7)
FN:266,(anonymous_8)
FN:280,(anonymous_9)
FN:294,(anonymous_10)
FN:308,(anonymous_11)
FNF:12
FNH:6
FNDA:33,(anonymous_0)
FNDA:33,(anonymous_1)
FNDA:0,(anonymous_2)
FNDA:1,(anonymous_3)
FNDA:0,(anonymous_4)
FNDA:16,(anonymous_5)
FNDA:0,(anonymous_6)
FNDA:16,(anonymous_7)
FNDA:0,(anonymous_8)
FNDA:0,(anonymous_9)
FNDA:1,(anonymous_10)
FNDA:0,(anonymous_11)
DA:1,6
DA:2,6
DA:8,6
DA:14,6
DA:15,0
DA:24,6
DA:45,6
DA:51,33
DA:53,33
DA:55,33
DA:57,33
DA:58,33
DA:59,33
DA:62,0
DA:67,33
DA:78,6
DA:85,33
DA:91,33
DA:92,33
DA:98,0
DA:104,33
DA:111,6
DA:115,0
DA:122,0
DA:124,0
DA:131,6
DA:135,1
DA:142,1
DA:144,1
DA:151,6
DA:155,0
DA:162,0
DA:169,0
DA:171,0
DA:178,6
DA:182,16
DA:189,16
DA:196,16
DA:203,6
DA:207,0
DA:211,0
DA:218,0
DA:222,0
DA:225,0
DA:232,6
DA:237,16
DA:238,16
DA:251,16
DA:252,16
DA:256,16
DA:266,6
DA:270,0
DA:280,6
DA:284,0
DA:294,6
DA:298,1
DA:308,6
DA:313,0
DA:323,0
DA:333,6
DA:350,6
LF:61
LH:42
BRDA:14,0,0,0
BRDA:14,0,1,6
BRDA:48,1,0,0
BRDA:57,2,0,33
BRDA:57,2,1,0
BRDA:82,3,0,0
BRDA:113,4,0,0
BRDA:133,5,0,0
BRDA:153,6,0,0
BRDA:180,7,0,0
BRDA:205,8,0,0
BRDA:207,9,0,0
BRDA:207,9,1,0
BRDA:234,10,0,0
BRDA:235,11,0,0
BRDA:237,12,0,16
BRDA:237,12,1,0
BRDA:237,12,2,0
BRDA:242,13,0,16
BRDA:242,13,1,0
BRDA:242,13,2,0
BRDA:246,14,0,16
BRDA:246,14,1,16
BRDA:251,15,0,16
BRDA:251,15,1,0
BRDA:268,16,0,0
BRDA:282,17,0,0
BRDA:296,18,0,0
BRDA:311,19,0,0
BRDA:316,20,0,0
BRDA:316,20,1,0
BRDA:318,21,0,0
BRDA:318,21,1,0
BRDA:320,22,0,0
BRDA:320,22,1,0
BRF:35
BRH:7
end_of_record
TN:
SF:utils/passwordUtils.js
FN:5,(anonymous_0)
FN:13,(anonymous_1)
FN:21,(anonymous_2)
FNF:3
FNH:0
FNDA:0,(anonymous_0)
FNDA:0,(anonymous_1)
FNDA:0,(anonymous_2)
DA:1,0
DA:3,0
DA:5,0
DA:6,0
DA:7,0
DA:10,0
DA:13,0
DA:14,0
DA:15,0
DA:18,0
DA:21,0
DA:22,0
DA:23,0
DA:29,0
DA:30,0
DA:36,0
DA:37,0
DA:43,0
DA:44,0
DA:50,0
DA:51,0
DA:57,0
DA:58,0
DA:64,0
DA:70,0
LF:25
LH:0
BRDA:3,0,0,0
BRDA:3,0,1,0
BRDA:6,1,0,0
BRDA:6,1,1,0
BRDA:6,2,0,0
BRDA:6,2,1,0
BRDA:14,3,0,0
BRDA:14,3,1,0
BRDA:14,4,0,0
BRDA:14,4,1,0
BRDA:22,5,0,0
BRDA:22,5,1,0
BRDA:22,6,0,0
BRDA:22,6,1,0
BRDA:29,7,0,0
BRDA:29,7,1,0
BRDA:36,8,0,0
BRDA:36,8,1,0
BRDA:43,9,0,0
BRDA:43,9,1,0
BRDA:50,10,0,0
BRDA:50,10,1,0
BRDA:57,11,0,0
BRDA:57,11,1,0
BRF:24
BRH:0
end_of_record
TN:
SF:utils/responseHandler.js
FN:1,(anonymous_0)
FN:14,(anonymous_1)
FN:27,(anonymous_2)
FN:31,(anonymous_3)
FN:44,(anonymous_4)
FN:57,(anonymous_5)
FN:68,(anonymous_6)
FN:79,(anonymous_7)
FN:90,(anonymous_8)
FNF:9
FNH:0
FNDA:0,(anonymous_0)
FNDA:0,(anonymous_1)
FNDA:0,(anonymous_2)
FNDA:0,(anonymous_3)
FNDA:0,(anonymous_4)
FNDA:0,(anonymous_5)
FNDA:0,(anonymous_6)
FNDA:0,(anonymous_7)
FNDA:0,(anonymous_8)
DA:1,0
DA:7,0
DA:14,0
DA:19,0
DA:27,0
DA:28,0
DA:31,0
DA:37,0
DA:44,0
DA:49,0
DA:57,0
DA:61,0
DA:68,0
DA:72,0
DA:79,0
DA:83,0
DA:90,0
DA:94,0
DA:101,0
LF:19
LH:0
BRDA:3,0,0,0
BRDA:4,1,0,0
BRDA:5,2,0,0
BRDA:16,3,0,0
BRDA:17,4,0,0
BRDA:33,5,0,0
BRDA:34,6,0,0
BRDA:35,7,0,0
BRDA:40,8,0,0
BRDA:40,8,1,0
BRDA:46,9,0,0
BRDA:47,10,0,0
BRDA:59,11,0,0
BRDA:70,12,0,0
BRDA:81,13,0,0
BRDA:92,14,0,0
BRF:16
BRH:0
end_of_record
TN:
SF:validators/alertValidator.js
FNF:0
FNH:0
DA:1,6
DA:3,6
DA:33,6
LF:3
LH:3
BRF:0
BRH:0
end_of_record
TN:
SF:validators/authValidator.js
FN:46,(anonymous_0)
FNF:1
FNH:0
FNDA:0,(anonymous_0)
DA:1,6
DA:3,6
DA:20,6
DA:32,6
DA:39,6
DA:46,0
DA:50,6
LF:7
LH:6
BRF:0
BRH:0
end_of_record
TN:
SF:validators/damageAssessmentValidator.js
FN:1,(anonymous_0)
FNF:1
FNH:0
FNDA:0,(anonymous_0)
DA:1,0
DA:7,0
DA:9,0
DA:10,0
DA:16,0
DA:17,0
DA:24,0
DA:36,0
DA:37,0
DA:43,0
DA:50,0
DA:51,0
DA:57,0
DA:58,0
DA:62,0
DA:66,0
DA:74,0
DA:76,0
DA:77,0
DA:78,0
DA:80,0
DA:87,0
DA:88,0
DA:94,0
DA:95,0
DA:97,0
DA:102,0
DA:108,0
DA:113,0
DA:119,0
DA:122,0
LF:31
LH:0
BRDA:9,0,0,0
BRDA:9,0,1,0
BRDA:9,1,0,0
BRDA:9,1,1,0
BRDA:16,2,0,0
BRDA:16,2,1,0
BRDA:16,3,0,0
BRDA:16,3,1,0
BRDA:36,4,0,0
BRDA:36,4,1,0
BRDA:50,5,0,0
BRDA:50,5,1,0
BRDA:57,6,0,0
BRDA:57,6,1,0
BRDA:62,7,0,0
BRDA:62,7,1,0
BRDA:63,8,0,0
BRDA:63,8,1,0
BRDA:76,9,0,0
BRDA:76,9,1,0
BRDA:87,10,0,0
BRDA:87,10,1,0
BRDA:97,11,0,0
BRDA:97,11,1,0
BRDA:98,12,0,0
BRDA:98,12,1,0
BRDA:98,12,2,0
BRDA:108,13,0,0
BRDA:108,13,1,0
BRDA:109,14,0,0
BRDA:109,14,1,0
BRDA:109,14,2,0
BRF:32
BRH:0
end_of_record
TN:
SF:validators/dashboardValidator.js
FNF:0
FNH:0
DA:1,6
DA:3,6
DA:23,6
LF:3
LH:3
BRF:0
BRH:0
end_of_record
TN:
SF:validators/droneValidator.js
FN:67,(anonymous_0)
FN:68,(anonymous_1)
FN:104,(anonymous_2)
FN:105,(anonymous_3)
FN:122,(anonymous_4)
FNF:5
FNH:0
FNDA:0,(anonymous_0)
FNDA:0,(anonymous_1)
FNDA:0,(anonymous_2)
FNDA:0,(anonymous_3)
FNDA:0,(anonymous_4)
DA:1,6
DA:3,6
DA:11,6
DA:19,6
DA:29,6
DA:48,6
DA:68,0
DA:69,0
DA:74,0
DA:75,0
DA:79,6
DA:85,6
DA:91,6
DA:97,6
DA:103,6
DA:105,0
DA:106,0
DA:108,0
DA:123,0
DA:124,0
DA:126,0
DA:127,0
DA:129,0
DA:131,0
DA:139,6
LF:25
LH:12
BRDA:69,0,0,0
BRDA:69,0,1,0
BRDA:69,0,2,0
BRDA:69,0,3,0
BRDA:69,0,4,0
BRDA:69,0,5,0
BRDA:74,1,0,0
BRDA:74,1,1,0
BRDA:105,2,0,0
BRDA:105,2,1,0
BRDA:105,3,0,0
BRDA:105,3,1,0
BRDA:123,4,0,0
BRDA:123,4,1,0
BRDA:123,5,0,0
BRDA:123,5,1,0
BRDA:127,6,0,0
BRDA:127,6,1,0
BRDA:127,7,0,0
BRDA:127,7,1,0
BRDA:127,7,2,0
BRDA:127,7,3,0
BRDA:127,7,4,0
BRDA:127,7,5,0
BRF:24
BRH:0
end_of_record
TN:
SF:validators/familyValidator.js
FN:1,(anonymous_0)
FN:43,(anonymous_1)
FN:74,(anonymous_2)
FNF:3
FNH:0
FNDA:0,(anonymous_0)
FNDA:0,(anonymous_1)
FNDA:0,(anonymous_2)
DA:1,0
DA:7,0
DA:9,0
DA:10,0
DA:16,0
DA:17,0
DA:23,0
DA:24,0
DA:30,0
DA:34,0
DA:40,0
DA:43,0
DA:44,0
DA:46,0
DA:47,0
DA:53,0
DA:54,0
DA:55,0
DA:62,0
DA:63,0
DA:71,0
DA:74,0
DA:75,0
DA:77,0
DA:78,0
DA:84,0
DA:87,0
LF:27
LH:0
BRDA:9,0,0,0
BRDA:9,0,1,0
BRDA:9,1,0,0
BRDA:9,1,1,0
BRDA:16,2,0,0
BRDA:16,2,1,0
BRDA:16,3,0,0
BRDA:16,3,1,0
BRDA:23,4,0,0
BRDA:23,4,1,0
BRDA:23,5,0,0
BRDA:23,5,1,0
BRDA:30,6,0,0
BRDA:30,6,1,0
BRDA:31,7,0,0
BRDA:31,7,1,0
BRDA:46,8,0,0
BRDA:46,8,1,0
BRDA:54,9,0,0
BRDA:54,9,1,0
BRDA:54,10,0,0
BRDA:54,10,1,0
BRDA:62,11,0,0
BRDA:62,11,1,0
BRDA:62,12,0,0
BRDA:62,12,1,0
BRDA:77,13,0,0
BRDA:77,13,1,0
BRF:28
BRH:0
end_of_record
TN:
SF:validators/notificationValidator.js
FNF:0
FNH:0
DA:1,6
DA:3,6
DA:37,6
LF:3
LH:3
BRF:0
BRH:0
end_of_record
TN:
SF:validators/predictionValidator.js
FNF:0
FNH:0
DA:1,6
DA:3,6
DA:22,6
DA:41,6
LF:4
LH:4
BRF:0
BRH:0
end_of_record
TN:
SF:validators/resourceValidator.js
FNF:0
FNH:0
DA:1,6
DA:3,6
DA:27,6
LF:3
LH:3
BRF:0
BRH:0
end_of_record
TN:
SF:validators/satelliteValidator.js
FN:37,(anonymous_0)
FNF:1
FNH:0
FNDA:0,(anonymous_0)
DA:1,6
DA:3,6
DA:13,6
DA:20,6
DA:38,0
DA:39,0
DA:41,0
DA:43,0
DA:51,6
DA:57,6
DA:63,6
LF:11
LH:7
BRDA:39,0,0,0
BRDA:39,0,1,0
BRDA:39,1,0,0
BRDA:39,1,1,0
BRDA:39,1,2,0
BRDA:39,1,3,0
BRDA:39,1,4,0
BRDA:39,1,5,0
BRF:8
BRH:0
end_of_record
TN:
SF:validators/shelterValidator.js
FNF:0
FNH:0
DA:1,6
DA:3,6
DA:27,6
LF:3
LH:3
BRF:0
BRH:0
end_of_record
TN:
SF:validators/sosValidator.js
FNF:0
FNH:0
DA:1,6
DA:3,6
DA:29,6
LF:3
LH:3
BRF:0
BRH:0
end_of_record
TN:
SF:validators/syncValidator.js
FN:31,(anonymous_0)
FNF:1
FNH:0
FNDA:0,(anonymous_0)
DA:1,6
DA:3,6
DA:32,0
DA:33,0
DA:34,0
DA:36,0
DA:38,0
DA:39,0
DA:41,0
DA:42,0
DA:44,0
DA:46,0
DA:49,0
DA:53,6
LF:14
LH:3
BRDA:33,0,0,0
BRDA:33,0,1,0
BRDA:34,1,0,0
BRDA:34,1,1,0
BRDA:34,2,0,0
BRDA:34,2,1,0
BRDA:38,3,0,0
BRDA:38,3,1,0
BRDA:38,4,0,0
BRDA:38,4,1,0
BRDA:41,5,0,0
BRDA:41,5,1,0
BRDA:41,6,0,0
BRDA:41,6,1,0
BRDA:41,6,2,0
BRDA:44,7,0,0
BRDA:44,7,1,0
BRDA:44,8,0,0
BRDA:44,8,1,0
BRDA:44,8,2,0
BRF:20
BRH:0
end_of_record
TN:
SF:validators/volunteerValidator.js
FNF:0
FNH:0
DA:1,6
DA:3,6
DA:19,6
LF:3
LH:3
BRF:0
BRH:0
end_of_record
